Kernel: Initialized and started.
X11 Display depth = 24
Default font installedOpenType 0.45 BBPort /3.12.2004  eos, pl
WindowManager: 24-bit color
WindowManager: Display resolution: 1440x878x24
DisplayRefresher installed.
Autostart: executing FSTools.Mount Work RelativeFileSystem ./
Work: mounted
Autostart: executing FileTrapWriter.Install
Autostart: executing WMTrapWriter.Install
{P cpuid= 0, pid= 31 Events: System event log started.}
WMMacros: Macro file Macros.XML loaded.
Autostart: executing UpTime.Install
Uptime monitor started.
Autostart: executing StartMenu.Open
Autostart: executing SkinEngine.Load xenoxolotl.skin
SkinEngine : Loading xenoxolotl.skin...ok
Autostart: executing WMRestorable.Load Auto.dsk
{P cpuid= 0, pid= 67 Starting logger}
WMRestorable: Loading desktop from Auto.dsk...
Autostart: executing WMNavigate.Open -vs 1 0 0 Navigation:TaskList
SyntaxHighlighter: Auto-loading SyntaxHighlighter.XML ... done.
	ReleaseTree@0	error: HEADER section expected
WMTextView: Command parsing error, res: 3903 (Expected ModuleName "." [ProcedureName])
******* Check error **********  807
ModuleParser: Error at pos 951
ModuleParser: Error at pos 959
******* Check error **********  967
err3: 1211
ArrayBase: setting runtime library (semi-optimized) default methods.
ArrayBaseOptimized: installing runtime library optimizations:ASM SSE SSE2 SSE3  done.
libGL.so loaded.
libGLU.so loaded.
libXxf86vm.so loaded.
*EEEEP!JPEG: Progressive Huffmann not supported
20)
JPEG: Progressive Huffmann not supported
20)
JPEG: Progressive Huffmann not supported
20)
JPEG: Progressive Huffmann not supported
20)
JPEG: Progressive Huffmann not supported
20)
JPEG: Progressive Huffmann not supported
20)
EEEEP!    81
    71
    81
    71
    81
    71
    81
    71
    71
    71
    71
    70
    81
    80
    71
    70
    71
    70
    71
    70
    71
    71
    71
    82
    70
    81
    71
    70
    81
    71
    70
    72
    70
    81
    80
    71
    71
    71
    70
    81
    71
    70
    81
    71
    70
    71
    70
    70
    71
    71
    72
    71
    71
    80
    71
    73
    81
    72
    71
    71
    71
    81
    70
    71
    70
    71
    70
    71
    70
    81
    71
    80
    62
    72
    80
    71
    70
    70
    73
    60
    72
    81
    71
    70
    72
    81
    71
    70
    71
    71
    70
    70
    71
    71
    71
    71
    70
    71
    80
    71
    70
    71
    71
    71
    70
    71
    70
    61
    71
    70
    72
    70
    81
    60
    81
    70
    71
    71
    71
    71
    71
    71
    72
    70
    71
    71
    71
    70
    71
    81
    71
    61
    71
    71
    71
    80
    70
    81
    71
    60
    72
    60
    81
    71
    71
    71
    71
    71
    71
    71
    72
    72
    71
    72
    72
    71
    70
    72
    72
    71
    81
    71
    72
    70
    70
    82
    70
    72
    70
    71
    80
    72
    71
    80
    71
    71
    70
    71
    71
    70
    70
    81
    71
    71
    71
    80
    71
    71
    71
    71
    80
    71
    71
    81
    71
    80
    61
    71
    71
    73
    71
    71
    72
    71
    70
    72
    70
    71
    73
    80
    61
    60
    74
    70
    82
    72
    71
    70
    71
    70
    82
    71
    71
    71
    71
    71
    62
    71
    81
    71
    71
    71
    81
    70
    71
    71
    71
    61
    71
    71
    70
    71
    70
    82
    70
    70
    82
    82
    71
    71
    71
    70
    71
    71
    70
    71
    70
    71
    81
    70
    81
    61
    72
    70
    71
    71
    71
    70
    71
    81
    70
    71
    71
    70
    81
    71
    71
    71
    70
    81
    71
    71
    80
    71
    70
    81
    71
    71
    71
    71
    70
    61
    73
    81
    71
    61
    71
    71
    70
    81
    71
    70
    81
    71
    72
    71
    70
    71
    71
    70
    81
    80
    71
    72
    72
    71
    70
    81
    70
    70
    71
    72
    80
    71
    70
    71
    71
    72
    71
    81
    71
    81
    70
    71
    71
    70
    61
    71
    70
    71
    71
    71
    70
    71
    71
    81
    70
    74
    73
    71
    70
    71
    71
    70
    81
    70
    81
    71
    70
    75
    70
    71
    71
    71
    60
    72
    72
    91
    71
    70
    81
    71
    71
    81
    70
    82
    71
    70
    71
    71
    71
    71
    71
    81
    71
    70
    82
    71
    71
    70
    81
    70
    71
    70
    71
    71
    71
   100
    71
    70
    71
    71
    81
    71
    71
    72
    71
    81
    70
    71
    81
    71
    72
    61
    51
    41
    41
    50
    52
    61
    61
    63
    60
    52
    50
    61
    42
    60
    42
    51
    50
    51
    50
    60
    61
    61
    60
    55
    61
    60
    61
    52
    61
    50
    61
    60
    60
    61
    71
    61
    71
   116
   136
   123
   124
   121
   136
   125
   123
   134
   134
   131
   130
   127
   131
   115
   115
   135
   124
   131
   115
   124
   119
   111
   135
   142
   124
   113
   116
   107
   111
   115
   106
   132
   111
   122
   112
   106
   121
   111
   104
   101
   114
   115
   110
   108
   112
   101
   111
   114
    94
    95
   111
   110
   106
   103
   102
   102
   112
   106
   108
   114
   111
   108
   104
   105
   111
    93
    93
    91
    91
    93
    95
    86
    60
   104
   104
   109
   107
    61
    61
   101
   102
    62
   103
   126
   123
   134
   111
    61
   105
    63
    60
   107
   109
   103
    51
   111
   115
   103
    92
    60
    82
    93
   102
    91
    81
   101
   103
    83
    81
    85
    81
   103
    91
    80
    81
    43
    50
    81
    91
    80
    51
    42
    61
    85
    50
    81
    71
    92
    82
    81
    90
    91
    90
    72
    82
    92
    91
    83
    82
    81
    92
    82
    95
    82
    91
    91
    91
    81
    72
    82
    50
    82
    84
   103
   101
   102
    95
    83
    91
    91
    93
    97
    91
    92
   109
   107
   103
   101
   104
   106
    91
   104
   105
   102
   104
   103
   103
   103
    71
    70
    72
    91
    83
   100
    84
    51
    82
    71
    72
    71
    61
    73
    71
    40
    71
    71
    41
    82
    81
    71
    72
    82
    72
    80
    81
    82
    81
    70
    83
    72
    81
    71
    50
    81
    80
    82
    71
    91
    81
    80
    71
    81
    70
    82
    80
    70
    91
    70
    81
    80
    81
    71
    80
    81
    82
    83
    72
    80
    82
    80
    71
    81
    72
    80
    81
    82
    80
    71
    81
    71
    81
    81
    81
    71
    80
    73
    81
    81
    82
    80
    71
    90
    72
    81
    81
    81
    81
    71
    70
    81
    70
    71
    70
    81
    71
    81
    70
    81
    80
    61
    60
    71
    71
    71
    71
    70
    60
    62
    51
    61
    51
    60
    51
    41
    40
    40
    41
    50
    61
    51
    72
    80
    61
    71
    50
    71
    70
    71
    71
    80
    71
    71
    72
    72
    71
    81
    70
    81
    70
    71
    81
    80
    71
    80
    71
    71
    80
    71
    72
    70
    70
    61
    71
    80
    71
    71
    81
    70
    81
    70
    71
    70
    81
    81
    71
    70
    81
    71
    70
    81
    71
    81
    70
    70
    81
    70
    81
    71
    80
    61
    82
    70
    71
    60
    40
    41
    40
    61
    60
    61
    40
    40
    41
    40
    40
    61
    62
    52
    40
    40
    31
    30
    30
    71
    81
    70
    41
    40
    30
    42
    30
    41
    30
    61
    40
    50
    81
    70
    71
    80
    71
    71
    81
    60
    41
    30
    50
    40
    71
    71
    71
    71
    41
    41
    41
    42
    61
    71
    81
    81
    71
    70
    70
    71
    82
    71
    70
    71
    71
    60
    61
    72
    60
    61
    60
    61
    30
    41
    40
    40
    40
    61
    61
    71
    82
    41
    62
    60
    41
    40
    71
    80
    71
    71
    81
    70
    81
    71
    80
    71
    70
    50
    71
    41
    70
    71
    30
    40
    61
    40
    30
    40
    41
    30
    30
    50
    61
    72
    70
    71
    40
    41
    50
    50
    71
    80
    71
    70
    81
    70
    81
    70
    71
    71
    71
    83
    60
    61
    80
    71
    60
    31
    41
    30
    41
    50
    60
    61
    81
    71
    80
    41
    41
    50
    50
    61
    61
    70
    71
    72
    80
    71
    70
    81
    71
    81
    70
    71
    80
    82
    81
    70
    91
    72
    81
    61
    40
    41
    50
    31
    40
