Kernel: Initialized and started.
Default font installedOpenType 0.45 BBPort /3.12.2004  eos, pl
ArrayBase: setting runtime library (semi-optimized) default methods.
ArrayBaseOptimized: installing runtime library optimizations:ASM SSE SSE2 SSE3  done.
libGL.so loaded.
libGLU.so loaded.
libXxf86vm.so loaded.
*EEEEP!JPEG: Progressive Huffmann not supported
20)
JPEG: Progressive Huffmann not supported
20)
JPEG: Progressive Huffmann not supported
20)
JPEG: Progressive Huffmann not supported
20)
JPEG: Progressive Huffmann not supported
20)
JPEG: Progressive Huffmann not supported
20)
EEEEP!    85
    86
    82
    70
    81
    80
    80
    81
    80
    81
    84
    81
    76
    81
    91
    70
    69
    87
    72
    72
    83
    74
   152
   145
   156
   147
   145
   155
   147
   154
   139
   146
   150
   150
   154
   150
   144

LinuxAos (rev.4947)

Trap   11 (Segmentation violation)
SP = 00000000H, FP = 00000000H, PC = F741DF64H


LinuxAos (rev.4947)

==== recursive Trap  11 (Segmentation violation)


----------------------------------------------------
