Kernel: Initialized and started.
X11 Display depth = 24
Default font installedOpenType 0.45 BBPort /3.12.2004  eos, pl
WindowManager: 24-bit color
WindowManager: Display resolution: 1440x878x24
DisplayRefresher installed.
Autostart: executing FSTools.Mount Work RelativeFileSystem ./
Work: mounted
Autostart: executing FileTrapWriter.Install
Autostart: executing WMTrapWriter.Install
{P cpuid= 0, pid= 31 Events: System event log started.}
WMMacros: Macro file Macros.XML loaded.
Autostart: executing UpTime.Install
Uptime monitor started.
Autostart: executing StartMenu.Open
Autostart: executing SkinEngine.Load xenoxolotl.skin
SkinEngine : Loading xenoxolotl.skin...ok
Autostart: executing WMRestorable.Load Auto.dsk
{P cpuid= 0, pid= 68 Starting logger}
WMRestorable: Loading desktop from Auto.dsk...
Autostart: executing WMNavigate.Open -vs 1 0 0 Navigation:TaskList
SyntaxHighlighter: Auto-loading SyntaxHighlighter.XML ... done.
	ReleaseTree@0	error: HEADER section expected
WMTextView: Command parsing error, res: 3903 (Expected ModuleName "." [ProcedureName])
ArrayBase: setting runtime library (semi-optimized) default methods.
ArrayBaseOptimized: installing runtime library optimizations:ASM SSE SSE2 SSE3  done.
libGL.so loaded.
libGLU.so loaded.
libXxf86vm.so loaded.
*EEEEP!JPEG: Progressive Huffmann not supported
20)
JPEG: Progressive Huffmann not supported
20)
JPEG: Progressive Huffmann not supported
20)
JPEG: Progressive Huffmann not supported
20)
JPEG: Progressive Huffmann not supported
20)
JPEG: Progressive Huffmann not supported
20)
EEEEP!    71
    71
    71
    71
    72
    70
    81
    71
    70
    72
    70
    71
    80
    81
   111
   100
    65
    71
   113
    82
    81
    82
    81
    81
    92
   111
    71
    91
    82
   101
    71
    72
    73
    83
    80
    81
    71
    70
   111
   101
    70
    71
    82
    81
    91
    80
   112
    81
    91
   100
    81
    70
    82
    91
    72
    81
    91
    70
    71
    70
    82
    71
    91
    71
    71
    70
    81
    71
    71
    71
    61
    81
    90
    71
    71
    72
    82
    71
    71
    81
    92
    91
    70
    81
    81
    71
    80
   101
   101
   100
    81
    80
    71
    81
    71
    80
    91
    61
    71
    71
    71
    71
    81
    70
    71
    71
    81
    71
    71
    72
    80
    62
    80
    71
    71
    72
    81
    70
    81
    91
    70
   101
    71
    71
    71
    70
    71
    61
    72
    92
    70
    70
    71
    80
    81
    81
    71
    71
    71
    83
    70
    71
    72
    80
    73
    83
    70
    71
    71
    71
    81
    71
    81
    81
    70
    91
    81
    82
    81
    81
    81
    60
    71
    70
   101
    72
    81
   101
   121
   100
    61
    82
    92
    72
    71
    70
    92
   100
    81
    71
    70
    71
    81
    72
   100
    71
    80
    71
    91
    72
    70
    70
    82
    81
    83
    81
    70
    71
    70
    71
    81
    71
    80
    71
    70
   162
    80
    61
    71
    91
    81
    60
    41
    50
    61
    82
    86
    74
    83
    85
    94
   151
   162
   137
    85
    88
    81
   144
   126
   138
   142
   138
    91
   159
   170
   173
   172
   155
   135
   160
   145
   143
   146
   147
   152
   147
   148
   149
   152
   148
   156
   139
   131
   136
   130
   143
   155
   143
   152
   153
   149
   154
   166
   146
   145
   139
   156
   135
   120
   137
   115
   123
   118
   116
   113
   126
   115
   135
   157
   171
   157
   148
   168
   151
   154
   144
   171
   173
   147
   155
   167
   152
   103
    51
    52
    82
    93
    82
    82
    82
   108
    93
   103
    92
    81
    51
    61
    51
    41
    52
    54
    51
    83
   105
    91
    90
    73
    81
   163
   146
   116
   122
   115
   125
    76
    80
    52
    83
    91
    90
    81
    50
    40
    52
    50
    50
    86
    80
    61
    40
    94
    91
    60
    51
    84
    86
    95
    97
    85
    94
    70
   113
   124
   103
    70
    71
    63
    72
    62
    76
   117
   121
   111
   122
    50
    42
    41
    50
    41
    80
    82
    71
    72
    41
    40
    52
    40
    40
    42
    40
    41
    81
    92
    82
    50
    41
    62
    77
    50
   111
   101
    86
    93
    62
   127
    52
   123
   113
   112
   100
    51
    62
    60
   107
   112
   114
    60
    60
   112
   104
    95
   103
   108
   113
   104
    92
    53
    98
    96
   133
   111
   103
   101
   101
   105
    93
    95
   114
   125
   113
   123
   114
    60
   122
   103
   108
   112
   103
    96
    99
   101
   105
   101
   101
   113
    96
   104
   106
   111
   111
   103
   110
   102
   102
   111
   103
    95
   101
    90
    52
   115
   112
    92
    53
    50
    61
    73
   103
    91
   102
   114
    50
    93
   117
   102
   111
    61
    51
    92
   104
   115
   103
   101
   101
   100
    61
    61
    89
    91
    61
    80
    83
    92
    81
    82
   100
   102
   102
   102
   115
   101
    91
   105
   107
    91
   111
   101
   102
   101
    82
    82
    82
    81
    60
    40
    61
    80
    53
    84
    50
    51
    42
    63
    50
    51
    50
    50
    51
    43
    42
    51
    83
    70
   105
   104
    91
    62
   104
    93
    97
   101
   101
   124
   123
   114
   118
   112
   110
   111
   101
    97
   106
   124
   102
   113
    61
    82
    61
    84
    45
    90
    51
    82
    90
    81
    82
    84
    51
    91
    93
    83
    52
    80
    73
    81
    92
   104
    94
   102
   101
    91
    81
    93
    92
    90
    83
    80
    82
    81
    82
    72
    71
    74
    41
    40
    80
    61
    50
    62
    40
    41
    40
    40
    71
    80
    72
    40
    41
    50
    82
    82
    61
    73
    40
    41
    50
    40
    40
    51
    40
    70
    41
    41
    32
    40
    41
    60
    80
    93
    62
    80
    41
    70
    72
    82
    91
    80
    81
    81
    71
    61
    71
    70
    61
    61
    61
    40
    61
    71
    82
    40
    60
    61
    70
    61
    60
    71
    60
    71
    71
    70
    71
    60
    70
    61
    82
    80
    71
    70
    60
    52
    61
    60
    81
    61
    69
    81
    70
    70
    71
    80
    71
    60
    71
    72
    61
    71
    40
    41
    40
    51
    81
    82
    71
    71
    72
    71
    62
    73
    60
    71
    71
    73
    81
    80
    62
    80
    81
    81
    81
    81
    62
    70
    71
    71
    71
    71
    70
    71
    70
    61
    71
    71
    70
    71
    70
    61
    72
    70
    61
    71
    80
    71
    71
    70
    61
    60
    72
    60
    71
    81
    70
    51
    40
    40
    41
    50
    61
    71
    70
    71
    60
    70
    61
    61
    61
    71
    70
    70
    61
    70
    81
    71
    71
    70
    71
    70
    63
    70
    71
    61
    70
    61
    60
    81
    61
    70
    81
    60
    61
    71
    70
    61
    70
    40
    61
    50
    60
    52
    71
    60
    50
    41
    40
    40
    30
    41
    51
    60
    70
    71
    50
    61
    61
    70
    51
    61
    50
    61
    70
    61
    60
    50
    61
    30
    31
    50
    50
    71
    80
    71
    70
    61
    60
    81
    70
    61
    81
    60
    81
    70
    71
    71
    61
    81
    70
    81
    70
    71
    71
    70
    81
    72
    83
    81
    91
    72
    91
    81
    81
    90
    91
    81
    81
    82
    91
    91
    93
    91
    91
   103
    94
    80
    93
   101
   100
    84
   102
    94
    94
    96
   101
    96
   102
   103
   104
   106
   105
   101
   111
   104
   104
   102
   101
   112
   110
   114
   101
   102
   110
   111
   101
   103
   102
   101
    95
   102
   104
   102
   101
   104
   104
   101
   102
    95
    92
X11 I/O Error
libXxf86vm.so unloaded.
libGLU.so unloaded.
libGL.so unloaded.
libopenal.so unloaded.
Cleanup
{P cpuid= 0, pid= 324 Events: System event log shut down.}
WindowManager: Window manager closed
{P cpuid= 0, pid= 324 Files: 6 open files}
Objects 5735 discarded finalizers, 0 pending finalizers
UnixFiles 6 discarded finalizers, 0 pending finalizers
