Kernel: Initialized and started.
X11 Display depth = 24
Default font installedOpenType 0.45 BBPort /3.12.2004  eos, pl
WindowManager: 24-bit color
WindowManager: Display resolution: 1440x878x24
DisplayRefresher installed.
Autostart: executing FSTools.Mount Work RelativeFileSystem ./
Work: mounted
Autostart: executing FileTrapWriter.Install
Autostart: executing WMTrapWriter.Install
{P cpuid= 0, pid= 31 Events: System event log started.}
WMMacros: Macro file Macros.XML loaded.
Autostart: executing UpTime.Install
Uptime monitor started.
Autostart: executing StartMenu.Open
Autostart: executing SkinEngine.Load xenoxolotl.skin
SkinEngine : Loading xenoxolotl.skin...ok
Autostart: executing WMRestorable.Load Auto.dsk
{P cpuid= 0, pid= 68 Starting logger}
WMRestorable: Loading desktop from Auto.dsk...
Autostart: executing WMNavigate.Open -vs 1 0 0 Navigation:TaskList
SyntaxHighlighter: Auto-loading SyntaxHighlighter.XML ... done.
	ReleaseTree@0	error: HEADER section expected
ArrayBase: setting runtime library (semi-optimized) default methods.
ArrayBaseOptimized: installing runtime library optimizations:ASM SSE SSE2 SSE3  done.
libGL.so loaded.
libGLU.so loaded.
libXxf86vm.so loaded.
*EEEEP!JPEG: Progressive Huffmann not supported
20)
JPEG: Progressive Huffmann not supported
20)
JPEG: Progressive Huffmann not supported
20)
JPEG: Progressive Huffmann not supported
20)
JPEG: Progressive Huffmann not supported
20)
JPEG: Progressive Huffmann not supported
20)
EEEEP!    41
    50
    40
    30
    31
    30
    30
    42
    40
    42
    31
    31
    40
    40
    31
    40
    41
    30
    30
    30
    30
    40
    31
    30
    30
    30
    31
    30
    31
    30
    31
    30
    30
    31
    40
    40
    41
    40
    40
    30
    41
    40
    41
    40
    30
    31
    51
    30
    30
    41
    32
    30
    30
    30
    30
    50
    40
    31
    30
    30
    30
    41
    40
    30
    30
    61
    40
    30
    31
    40
    40
    41
    40
    41
    30
    41
    40
    41
    40
    40
    41
    40
    41
    40
    30
    30
    31
    40
    41
    30
    30
    30
    30
    30
    31
    30
    41
    30
    30
    30
    41
    30
    31
    41
    40
    30
    30
    31
    30
    30
    30
    31
    30
    40
    41
    40
    30
    31
    30
    32
    31
    41
    41
    30
    30
    31
    30
    30
    31
    30
    40
    30
    30
    30
    30
    31
    30
    30
    31
    31
    40
    31
    30
    30
    31
    30
    40
    31
    30
    41
    40
    40
    30
    31
    30
    30
    41
    30
    30
    30
    31
    30
    31
    30
    41
    41
    40
    40
    31
    30
    41
    41
    30
    30
    30
    30
    30
    31
    30
    30
    30
    31
    30
    30
    31
    40
    40
    31
    30
    61
    90
    40
    41
    40
    41
    50
    30
    91
    70
    40
    51
    50
    40
    31
    30
    30
    31
    30
    31
    30
    31
    40
    40
    41
    50
    41
    41
    40
    51
    40
    30
    30
    31
    30
    31
    30
    30
    30
    31
    30
    30
    51
    30
    70
    41
    61
    41
    40
    41
    40
    40
    31
    30
    30
    31
    30
    30
    40
    41
    50
    40
    40
    41
    30
    31
    30
    30
    31
    30
    40
    40
    41
    40
    40
    40
    41
    31
    30
    30
    41
    30
    30
    40
    40
    31
    40
    30
    30
    31
    30
    30
    30
    31
    30
    30
    30
    31
    30
    40
    40
    31
    30
    30
    41
    40
    41
    41
    40
    40
    41
    30
    31
    40
    31
    30
    31
    30
    31
    30
    30
    30
    31
    41
    40
    40
    31
    30
    31
    40
    30
    40
    31
    30
    40
    40
    31
    30
    30
    30
    31
    30
    30
    30
    32
    30
    31
    31
    40
    30
    30
    30
    30
    40
    31
    30
    41
    30
    30
    30
    31
    41
    30
    31
    30
    30
    30
    31
    30
    30
    30
    30
    31
    30
    30
    31
    30
    41
    40
    30
    30
    30
    30
    40
    41
    30
    31
    30
    30
    31
    30
    30
    30
    41
    41
    31
    31
    30
    41
    30
    30
    30
    31
    30
    30
    31
    41
    40
    40
    31
    30
    40
    30
    40
    40
    41
    30
    40
    30
    30
    41
    30
    30
    30
    41
    40
    30
    30
    31
    40
    30
    31
    30
    31
    30
    31
    30
    30
    31
    30
    30
    30
    41
    50
    40
    31
    30
    40
    31
    30
    30
    30
    31
    30
    30
    31
    30
    31
    30
    30
    31
    40
    30
    30
    31
    31
    31
    30
    30
    30
    30
    30
    30
    31
    30
    30
    30
    31
    30
    32
    40
    41
    30
    31
    30
    31
    31
    30
    30
    40
    31
    30
    30
    31
    30
    30
    30
    41
    30
    30
    30
    30
    30
    31
    31
    30
    41
    31
    30
    30
    30
    31
    41
    30
    30
    40
    31
    30
    30
    31
    30
    30
    30
    31
    30
    31
    30
    31
    30
    31
    31
    30
    31
    30
    31
    30
    30
    31
    30
    30
    30
    40
    31
    30
    31
    31
    40
    40
    30
    30
    30
    30
    40
    51
    30
    31
    40
    40
    30
    31
    30
    31
    30
    30
    31
    30
    30
    41
    40
    31
    30
    41
    30
    30
    40
    41
    30
    40
    30
    31
    30
    30
    30
    30
    40
    50
    41
    30
    30
    31
    30
    30
    30
    30
    32
    40
    40
    30
    30
    30
    30
    31
    30
    30
    30
    30
    30
    31
    30
    30
    31
    30
    31
    30
    30
    30
    31
    30
    30
    41
    40
    30
    31
    30
    30
    30
    30
    41
    30
    30
    30
    30
    31
    30
    30
    31
    30
    31
    30
    30
    30
    31
    30
    30
    31
    40
    30
    41
    40
    40
    40
    31
    41
    40
    40
    40
    41
    30
    30
    41
    30
    30
    40
    50
    41
    40
    41
    40
    30
    30
    40
    40
    51
    40
    51
    30
    30
    31
    30
    40
    30
    30
    30
    30
    30
    30
    31
    30
    30
    31
    30
    41
    30
    40
    31
    30
    30
    31
    30
    30
    30
    41
    30
    30
    40
    41
    40
    50
    41
    40
    41
    40
    30
    30
    30
    31
    30
    50
    41
    40
    40
    40
    41
    30
    30
    31
    40
   131
    40
    30
    31
    30
    40
    51
    40
    30
    50
    41
    40
    40
    41
    40
    30
    30
    31
    30
    30
    40
    41
    40
    30
    40
    40
    31
    60
    71
    60
    51
    60
    61
    61
    60
    71
    70
    61
    71
    91
    82
    71
    91
    80
    73
    92
    81
    41
    40
    51
    70
    91
    80
    81
    41
    82
    40
    41
    41
    71
    72
    91
    90
    84
    73
    92
    90
    83
    73
    84
    61
    72
    61
    80
    81
    70
    71
    81
    71
    70
    81
    70
    71
    81
    70
    61
    61
    60
    61
    71
    81
    70
    41
    40
    61
    82
    91
    81
    82
    62
    41
    81
    81
    81
    82
    80
    71
    73
    63
    72
    92
    81
    92
    80
    82
    91
    91
    92
    91
    82
    91
    91
    90
    92
    82
    90
    91
    83
    92
    92
    91
    82
    71
    94
    91
   101
    93
   102
    90
    96
   104
   102
   101
   102
   102
    92
    85
   101
    81
    83
    82
    82
    81
    92
    93
    90
    93
    96
   101
    73
    85
   102
    92
    93
    93
    91
   101
    93
    92
    91
    82
    88
    40
    85
    72
    61
    50
    71
    62
    81
    81
    72
    71
    70
    63
    81
    81
    81
    71
    71
    81
    81
    81
    71
    70
    81
    81
    60
    71
    70
    81
    81
    72
    80
    81
    70
    92
    80
    81
    62
    63
    80
    82
    70
    82
    71
    71
    70
    61
    60
    40
    72
    40
    61
    63
    80
    71
    81
    71
    72
    81
    61
    82
    60
    61
    70
    81
    82
    82
    80
    81
    72
    71
    70
    81
    71
    81
    61
    70
    62
    82
    70
    71
    81
    70
    81
    70
    71
    82
    71
    71
    71
    71
    80
    72
    81
    70
    81
    70
    71
    72
    71
    80
    71
    81
    70
    71
    82
    71
    81
    81
    71
    70
    71
    80
    81
    70
    72
    70
    71
    70
    71
    72
    70
    71
    70
    61
    61
    61
    51
    81
    70
    71
    71
    81
    71
    81
    82
    71
    61
    61
    81
    71
    81
    72
    71
    70
    71
    61
    80
    81
    70
    81
    82
    81
    82
    70
    71
    71
    70
    71
    80
    81
    80
    81
    80
    91
    82
    71
    90
    71
    70
    64
    81
    82
    72
    60
    82
    80
    81
    71
    82
    90
    71
    80
    81
    80
    71
    91
    80
    81
    72
    81
    81
    72
    70
    82
    71
    80
    71
    81
    80
    81
    70
    71
    72
    81
    80
    80
    81
    70
    81
    82
    80
    80
    84
    71
    80
    82
    80
    71
    91
    81
    74
    82
    81
    71
    82
    71
    70
    62
    70
    70
    71
    71
    70
    71
    82
    71
    70
    81
    70
    71
    70
    70
    71
    70
    71
    61
    61
    80
    72
    81
    70
    71
    70
    71
    71
    80
    71
    70
    82
    72
    81
    81
    80
    71
    80
    81
    72
    70
    85
    81
    72
    81
    81
    80
    72
    71
    71
    71
    80
    62
    81
    71
    70
    83
    82
    81
    81
    71
    80
    82
    71
    81
    72
    70
    81
    80
    71
    81
    70
    81
    81
    72
    80
    70
    81
    71
    81
    72
    70
    71
    80
    71
    70
    71
    71
    81
    72
    72
    70
    61
    71
    61
    81
    70
    71
    70
    72
    70
    70
    71
    60
    71
    70
    61
    70
    70
    71
    60
    81
    60
    71
    70
    80
    71
    80
    71
    81
    80
    81
    80
    81
    70
    81
    81
    81
    70
    82
    81
    71
    80
    71
    81
    82
    81
    70
    81
    81
    80
    83
    81
    80
    71
    83
    81
    72
    71
    81
    71
    83
    82
    71
    81
    70
    61
    71
    71
    82
    72
    72
    81
    71
    80
    71
    70
    81
    81
    72
    72
    70
    81
    70
    81
    81
    70
    70
    72
    80
    72
    71
    71
    71
    70
    61
    70
    71
    80
    61
    70
    61
    60
    51
    50
    61
    60
    61
    62
    62
    61
    41
    70
    72
    81
    71
    81
    70
    81
    71
    61
    62
    71
    61
    70
    61
    61
    51
    60
    71
    50
    61
    50
    61
    50
    71
    71
    61
    71
    71
    71
    60
    60
    71
    43
    30
    30
    31
    30
    31
    51
    50
    60
    51
    40
    40
    71
    81
    81
    70
    51
    60
    80
    71
    70
    81
    71
    80
    82
    70
    81
    70
    71
    70
    82
    82
    71
    71
    70
    83
    71
    81
    83
    70
    71
    71
    91
    60
    81
    81
    71
    71
    62
    50
    51
    60
    62
    60
    60
    71
    80
    61
    70
    81
    70
    81
    80
    81
    70
    82
    80
    81
    81
    82
    71
    81
    71
    81
    81
    72
    81
    82
    81
    81
    72
    70
    71
    71
    70
    71
    71
    70
    71
    60
    60
    51
    51
    60
    60
    51
    71
    61
    51
    90
    80
    71
    81
    82
    70
    80
    81
    80
    82
    70
    81
    70
    81
    71
    82
    70
    82
    81
    81
X11 I/O Error
libXxf86vm.so unloaded.
libGLU.so unloaded.
libGL.so unloaded.
libopenal.so unloaded.
Cleanup
{P cpuid= 0, pid= 315 Events: System event log shut down.}
WindowManager: Window manager closed
{P cpuid= 0, pid= 315 Files: 10 open files}
Objects 5091 discarded finalizers, 0 pending finalizers
UnixFiles 10 discarded finalizers, 0 pending finalizers
