Kernel: Initialized and started.
X11 Display depth = 24
Default font installedOpenType 0.45 BBPort /3.12.2004  eos, pl
WindowManager: 24-bit color
WindowManager: Display resolution: 1432x992x24
DisplayRefresher installed.
Autostart: executing FSTools.Mount Work RelativeFileSystem ./
Work: mounted
Autostart: executing FileTrapWriter.Install
Autostart: executing WMTrapWriter.Install
{P cpuid= 0, pid= 31 Events: System event log started.}
WMMacros: Macro file Macros.XML loaded.
Autostart: executing UpTime.Install
Uptime monitor started.
Autostart: executing StartMenu.Open
Autostart: executing SkinEngine.Load xenoxolotl.skin
SkinEngine : Loading xenoxolotl.skin...ok
Autostart: executing WMRestorable.Load Auto.dsk
{P cpuid= 0, pid= 67 Starting logger}
WMRestorable: Loading desktop from Auto.dsk...
Autostart: executing WMNavigate.Open -vs 1 0 0 Navigation:TaskList
SyntaxHighlighter: Auto-loading SyntaxHighlighter.XML ... done.
	ReleaseTree@0	error: HEADER section expected
unknown macro : METASJA
unknown macro : METASJA

PANIC: Trap 11 in garbage collector

PANIC: Trap 11 in garbage collector
