Kernel: Initialized and started.
X11 Display depth = 24
Default font installedOpenType 0.45 BBPort /3.12.2004  eos, pl
WindowManager: 24-bit color
WindowManager: Display resolution: 1440x878x24
DisplayRefresher installed.
Autostart: executing FSTools.Mount Work RelativeFileSystem ./
Work: mounted
Autostart: executing FileTrapWriter.Install
Autostart: executing WMTrapWriter.Install
{P cpuid= 0, pid= 31 Events: System event log started.}
WMMacros: Macro file Macros.XML loaded.
Autostart: executing UpTime.Install
Uptime monitor started.
Autostart: executing StartMenu.Open
Autostart: executing SkinEngine.Load xenoxolotl.skin
SkinEngine : Loading xenoxolotl.skin...ok
Autostart: executing WMRestorable.Load Auto.dsk
{P cpuid= 0, pid= 68 Starting logger}
WMRestorable: Loading desktop from Auto.dsk...
Autostart: executing WMNavigate.Open -vs 1 0 0 Navigation:TaskList
SyntaxHighlighter: Auto-loading SyntaxHighlighter.XML ... done.
	ReleaseTree@0	error: HEADER section expected
ArrayBase: setting runtime library (semi-optimized) default methods.
ArrayBaseOptimized: installing runtime library optimizations:ASM SSE SSE2 SSE3  done.
libGL.so loaded.
libGLU.so loaded.
libXxf86vm.so loaded.
*EEEEP!JPEG: Progressive Huffmann not supported
20)
JPEG: Progressive Huffmann not supported
20)
JPEG: Progressive Huffmann not supported
20)
JPEG: Progressive Huffmann not supported
20)
JPEG: Progressive Huffmann not supported
20)
JPEG: Progressive Huffmann not supported
20)
EEEEP!    75
    74
    91
    71
    80
   101
    80
    85
    90
    90
    81
    81
    70
    73
    81
    71
    82
    80
    81
    84
    82
    80
    82
    83
    85
    80
    72
    86
    72
    85
    86
    91
    81
    84
    83
    75
    81
   104
    73
    81
    73
    80
    92
    80
    81
    92
    71
    80
    91
    85
    82
    73
    90
    75
    83
   101
    76
    90
    87
    81
    81
    80
    82
    82
    70
    81
    81
    81
    81
    80
    71
    81
    74
    86
    76
    82
    81
    75
    83
    72
    83
    81
    84
    81
    81
    84
    81
    91
    70
    92
    82
    79
    81
    83
    91
    85
    82
    87
    81
    90
    81
    75
    83
    75
    80
    83
    82
    77
    80
    81
    82
    71
    85
    83
    82
    78
    81
    71
    81
    81
    85
    82
    78
    79
    75
    84
    80
    82
    82
    72
    85
    80
    81
    80
    68
    82
    81
    75
    80
    81
    82
    81
    70
    81
    84
    74
    82
    81
    81
    80
    82
    91
    83
    85
    81
   108
    71
    84
    90
    75
    81
    81
    81
    91
    73
    80
    83
    84
    83
    71
    83
    75
    83
    80
    74
    81
    82
    81
    80
    72
    83
    81
    80
    82
    77
    86
    83
    71
    84
    80
    86
    80
    83
    92
    81
    91
    81
    81
    72
    81
    91
    72
    80
    84
    87
    84
    78
    78
    80
    72
    81
    83
    72
    92
    77
    80
    81
    81
    81
    80
    81
    80
    82
    78
    83
    80
   112
    84
    75
    81
    80
    81
    90
    70
    93
    80
    81
    80
    66
    81
    81
    81
    72
    82
    71
    74
    90
    86
    73
    91
    80
    73
    82
    82
    75
    93
    81
    73
    88
    71
    90
    75
    81
    76
    72
    84
    82
    81
    76
    74
    85
    73
    80
    84
    75
    85
    74
    71
    81
    82
    83
    76
    75
    84
    80
    70
    85
    84
    80
    74
    80
    76
    80
    83
    74
    72
    80
    81
    83
    81
    81
    81
    70
    83
    80
    71
    84
    84
    72
    84
    80
    81
    73
    84
    75
    76
    82
    81
    76
    82
    81
    90
    82
    81
    85
    82
    81
    80
    81
    71
    91
    75
    83
    92
    75
    80
    91
    95
    82
    80
    81
   101
    81
    87
    74
    81
    78
    83
    80
    71
    80
   111
    91
    80
    71
    86
    71
    72
    80
    82
    81
    97
    81
    80
    82
    92
    98
    83
    84
    90
    75
    77
    81
    77
    82
    80
    83
    81
    81
    94
    82
    70
    74
    83
    80
    82
    74
    77
    81
    80
    76
    83
    77
    72
    76
    71
    81
    75
    85
    77
    81
    81
    74
    81
    80
    75
    77
    80
    74
    70
    85
    71
    80
    78
    81
    83
    76
    80
    80
    81
    81
    82
    80
    73
    81
    80
    83
    81
    81
    80
    81
    75
    72
    82
    84
    91
    81
    96
    84
    83
    83
    77
    85
   102
    82
    91
    81
    73
    71
    81
   100
    83
    81
    82
    91
    74
    80
    80
    73
    81
    81
    93
    70
    81
    82
    78
    85
    86
    84
    72
    91
    80
    83
    91
    81
   100
    81
    82
    71
    85
    80
    88
    75
    81
    81
    70
    83
    95
    74
    84
    74
    82
    81
    73
    83
    78
    92
    83
    75
    85
    84
    82
    93
    82
    75
    82
    92
    76
    75
    72
    80
    81
    84
    86
    94
    80
    80
    73
    82
    91
    84
    70
    77
    81
    91
    73
    82
    73
    82
    84
    70
    96
    80
    70
    79
    84
    91
    82
    80
    80
    75
    80
    81
    82
    75
    82
    75
    78
    80
    80
    71
    80
    83
    76
    81
    77
    91
    95
    86
    84
    85
    77
    75
    83
    73
    82
    81
   105
    80
   111
    80
    91
    84
    85
    90
    86
   101
    91
    75
    81
    90
    82
    80
    80
    81
    74
    81
    83
    77
    82
    70
    89
    87
    81
    82
    81
    77
    81
    82
    72
    84
    84
    76
    80
    81
    83
    82
    91
    80
    81
    75
    68
    82
    80
    78
    92
    82
    87
    83
    80
    73
    81
    80
    82
    75
    85
    70
    84
    75
    75
    81
    80
    81
    80
    82
    95
    83
    82
    81
    81
    79
    80
    78
    82
    78
    74
    83
    82
    80
    90
   105
    88
    80
   113
    76
    80
    42
    50
    40
    41
    50
    50
    44
    50
    62
    52
    60
    61
    60
    46
    63
    61
    55
    50
    67
    53
    61
    50
    61
    53
    63
    60
    52
    61
    52
    63
    65
    62
    53
    61
    61
    60
    62
    71
    64
    51
    62
    60
    62
    60
    67
    61
    64
    62
    60
    62
    63
    60
    62
    70
    50
    61
    63
    64
    64
    52
    50
    61
    72
   122
   134
     0
     0
     0
     0
     0
     0
     0
     0
     0
     0
     0
     0
     0
     0
     0
     0
     0
     0
     0
     0
     0
     0
     0
     0
     0
     0
     0
     0
     0
     0
     0
     0
     0
     0
     0
     0
     0
     0
     0
     0
     0
     0
     0
     0
     0
     0
     0
     0
     0
     0
     0
     0
     0
     0
     0
     0
     0
     0
     0
     0
     0
     0
     0
     0
     0
     0
     0
     0
     0
     0
     0
     0
     0
     0
     0
     0
     0
     0
     0
     0
     0
     0
     0
     0
     0
     0
     0
     0
     0
     0
     0
     0
     0
     0
     0
     0
     0
     0
     0
     0
     0
     0
     0
     0
     0
     0
     0
     0
     0
     0
     0
     0
     0
     0
     0
     0
     0
     0
     0
     0
     0
     0
     0
     0
     0
     0
     0
     0
     0
     0
     0
     0
     0
     0
     0
     0
     0
     0
     0
     0
     0
     0
     0
     0
     0
     0
     0
     0
     0
     0
     0
     0
     0
     0
     0
     0
     0
     0
     0
     0
     0
     0
     0
     0
     0
     0
     0
     0
     0
     0
     0
     0
     0
     0
     0
     0
     0
     0
     0
     0
     0
     0
     0
     0
     0
     0
     0
     0
     0
     0
     0
     0
     0
     0
     0
     0
     0
     0
     0
     0
     0
     0
     0
     0
     0
     0
     0
     0
     0
     0
     0
     0
     0
     0
     0
     0
     0
     0
     0
     0
     0
     0
     0
     0
     0
     0
     0
     0
     0
     0
     0
     0
     0
     0
     0
     0
     0
     0
     0
     0
     0
     0
     0
     0
     0
     0
     0
     0
     0
     0
     0
     0
     0
     0
     0
     0
     0
     0
     0
     0
     0
     0
     0
     0
     0
     0
     0
     0
     0
     0
     0
     0
     0
     0
     0
     0
     0
     0
     0
     0
     0
     0
     0
     0
     0
     0
     0
     0
     0
     0
     0
     0
     0
     0
     0
     0
     0
     0
     0
     0
     0
     0
     0
     0
     0
     0
     0
     0
     0
     0
     0
     0
     0
     0
     0
     0
     0
     0
     0
     0
     0
     0
     0
     0
     0
     0
     0
     0
     0
     0
     0
     0
     0
     0
     0
     0
     0
     0
     0
     0
     0
     0
     0
     0
     0
     0
     0
     0
     0
     0
     0
     0
     0
     0
     0
     0
     0
     0
     0
     0
     0
     0
     0
     0
     0
     0
     0
     0
     0
     0
     0
     0
     0
     0
     0
     0
     0
     0
     0
     0
     0
     0
     0
     0
     0
     0
     0
     0
     0
     0
     0
     0
     0
     0
     0
     0
     0
     0
     0
     0
     0
     0
     0
     0
     0
     0
     0
     0
     0
     0
     0
     0
     0
     0
     0
     0
     0
     0
     0
     0
     0
     0
     0
     0
     0
     0
     0
     0
     0
     0
     0
     0
     0
     0
     0
     0
     0
     0
     0
     0
     0
     0
     0
     0
     0
     0
     0
     0
     0
     0
     0
     0
     0
     0
     0
     0
     0
     0
     0
     0
     0
     0
     0
     0
     0
     0
     0
     0
     0
     0
     0
     0
     0
     0
     0
     0
     0
     0
     0
     0
     0
     0
     0
     0
     0
     0
     0
     0
     0
     0
     0
     0
     0
     0
     0
     0
     0
     0
     0
     0
     0
     0
     0
     0
     0
     0
     0
     0
     0
     0
     0
     0
     0
     0
     0
     0
     0
     0
     0
     0
     0
     0
     0
     0
     0
     0
     0
     0
     0
     0
     0
     0
     0
     0
     0
     0
     0
     0
     0
     0
     0
     0
     0
     0
     0
     0
     0
     0
     0
     0
     0
     0
     0
     0
     0
     0
     0
     0
     0
     0
     0
     0
     0
     0
     0
     0
     0
     0
     0
     0
     0
     0
     0
     0
     0
     0
     0
     0
     0
     0
     0
     0
     0
     0
     0
     0
     0
     0
     0
     0
     0
     0
     0
     0
     0
     0
     0
     0
     0
     0
     0
     0
     0
     0
     0
     0
     0
     0
     0
     0
     0
     0
     0
     0
     0
     0
     0
     0
     0
     0
     0
     0
     0
     0
     0
     0
     0
     0
     0
     0
     0
     0
     0
     0
     0
     0
     0
     0
     0
     0
     0
     0
     0
     0
     0
     0
     0
     0
     0
     0
     0
     0
     0
     0
     0
     0
     0
     0
     0
     0
     0
     0
     0
     0
     0
     0
     0
     0
     0
     0
     0
     0
     0
     0
     0
     0
     0
     0
     0
     0
     0
     0
     0
     0
     0
     0
     0
     0
     0
     0
     0
     0
     0
     0
     0
     0
     0
     0
     0
     0
     0
     0
     0
     0
     0
     0
     0
     0
     0
     0
     0
     0
     0
     0
     0
     0
     0
     0
     0
     0
     0
     0
     0
     0
     0
     0
     0
     0
     0
     0
     0
     0
     0
     0
     0
     0
     0
     0
     0
     0
     0
     0
     0
     0
     0
     0
     0
     0
     0
     0
     0
     0
     0
     0
     0
     0
     0
     0
     0
     0
     0
     0
     0
     0
     0
     0
     0
     0
     0
     0
     0
     0
     0
     0
     0
     0
     0
     0
     0
     0
     0
     0
     0
     0
     0
     0
     0
     0
     0
     0
     0
     0
     0
     0
     0
     0
     0
     0
     0
     0
     0
     0
     0
     0
     0
     0
     0
     0
     0
     0
     0
     0
     0
     0
     0
     0
     0
     0
     0
     0
     0
     0
     0
     0
     0
     0
     0
     0
     0
     0
     0
     0
     0
     0
     0
     0
     0
     0
     0
     0
     0
     0
     0
     0
     0
     0
     0
     0
     0
     0
     0
     0
     0
     0
     0
     0
     0
     0
     0
     0
     0
     0
     0
     0
     0
     0
     0
     0
     0
     0
     0
     0
     0
     0
     0
     0
     0
     0
     0
     0
     0
     0
     0
     0
     0
     0
     0
     0
     0
     0
     0
     0
     0
     0
     0
     0
     0
     0
     0
     0
     0
     0
     0
     0
     0
     0
     0
     0
     0
     0
     0
     0
     0
     0
     0
     0
     0
     0
     0
     0
     0
     0
     0
     0
     0
     0
     0
     0
     0
     0
     0
     0
     0
     0
     0
     0
     0
     0
     0
     0
     0
     0
     0
     0
     0
     0
     0
     0
     0
     0
     0
     0
     0
     0
     0
     0
     0
     0
     0
     0
     0
     0
     0
     0
     0
     0
     0
     0
     0
     0
     0
     0
     0
     0
     0
     0
     0
     0
     0
     0
     0
     0
     0
     0
     0
     0
     0
     0
     0
     0
     0
     0
     0
     0
     0
     0
     0
     0
     0
     0
     0
     0
     0
     0
     0
     0
     0
     0
     0
     0
     0
     0
     0
     0
     0
     0
     0
     0
     0
     0
     0
     0
     0
     0
     0
     0
     0
     0
     0
     0
     0
     0
     0
     0
     0
     0
     0
     0
     0
     0
     0
     0
     0
     0
     0
     0
     0
     0
     0
     0
     0
     0
     0
     0
     0
     0
     0
     0
     0
     0
     0
     0
     0
     0
     0
     0
     0
     0
     0
    61
    65
    61
   129
   131
   132
   115
    62
    71
   131
   118
   112
    72
    62
    71
   138
   128
    71
    73
    70
   140
   127
    68
   143
   144
    75
   163
   151
   157
   168
   154
   155
   153
   160
   155
   132
   145
   134
   128
   122
   135
   128
   134
   134
   122
   111
   112
   111
   113
   126
   113
   114
   113
   131
   113
   112
   122
   116
   114
   124
   111
   134
   101
   114
   114
   112
   102
   120
   103
    93
    93
   100
    94
    72
   107
   102
    91
   111
   101
   101
   103
    93
    92
    97
    92
    63
    94
   101
    95
    97
   104
    60
    92
   104
   102
   106
   113
   103
   111
    90
    92
    92
    97
   113
    92
    93
   101
   100
   112
   117
   102
   102
   104
   114
   101
   111
   102
    94
   101
    96
    92
    91
    86
   102
    92
    94
   106
   104
   102
    91
    91
    87
    92
    93
    91
    94
   102
    93
   104
   100
    91
    83
    81
   102
    81
    81
    82
    83
   102
    82
    82
   103
    94
    81
    93
    92
    91
    92
   100
    93
    93
    92
    93
    92
    73
    91
    91
    82
    81
    92
    80
    92
    80
    81
    81
    92
    82
    80
    91
    81
    81
    91
    81
    91
    93
    81
    90
    82
    81
    82
    70
    71
    51
    41
    51
    81
    72
    50
    40
    70
    72
    43
    72
    74
    40
    50
    40
    51
    71
    73
    41
    40
    72
    40
    81
    42
    51
    81
    91
    72
    50
    82
    51
    71
    85
    75
    93
    81
    42
    91
    81
    81
    75
    50
    42
    81
    80
    71
    81
    83
    81
    74
    92
    92
    72
    81
    93
    81
    94
    92
    91
    93
   102
    93
    91
    94
   103
    92
    85
    92
    92
    90
    91
    92
    91
    90
    91
    91
   101
    92
   101
    83
    97
    92
    92
    91
    90
    91
    91
    92
    81
    92
    91
   102
    81
    91
    90
    91
    92
    91
    81
    91
    71
    71
    82
    92
    81
    92
    82
    91
    81
    90
    91
    92
    82
    80
    91
    90
    81
    90
    91
    82
    80
    91
    73
    82
    70
    81
    81
    71
    70
    91
    70
    81
    81
    81
    80
    72
    81
    60
    71
    82
    80
    71
    80
    81
    71
    81
    82
    80
    72
    90
    81
    70
    70
    71
    81
    70
    61
    70
    70
    81
    61
    71
    70
    71
    81
    71
    71
    70
    71
    80
    71
    81
    70
    71
    80
    72
    71
    70
    71
    80
    61
    71
    70
    71
    70
    71
    71
    71
    70
    71
    71
    71
    70
    71
    70
    71
    80
    81
    70
    81
    70
    71
    80
    71
    71
    72
    80
    71
    70
    71
    82
    70
    71
    71
    71
    71
    71
    71
    72
    71
    72
    71
    70
    81
    70
    71
    60
    82
    70
    71
    70
    71
    81
    70
    71
    70
    71
    70
    70
    71
    70
    81
    70
    61
    70
    81
    70
    81
    70
    71
    71
    71
    71
    70
    71
    70
    71
    71
    70
    71
    71
    71
    80
    61
    71
    71
    81
    70
    71
    71
    60
    81
    70
    71
    71
    70
    71
    71
    70
    71
    70
    71
    70
    61
    61
    50
    60
    61
    60
    60
    62
    71
    61
    60
    50
    61
    61
    51
    50
    50
    61
    50
    60
    61
    50
    50
    51
    71
    70
    81
    61
    70
    71
    70
    71
    50
    71
    60
    71
    71
    71
    61
    60
    61
    80
    70
    71
    71
    71
    70
    61
    80
    61
    70
    71
    70
    60
    71
    71
    61
    71
    71
    71
    80
    71
    71
    70
    81
    71
    80
    70
    62
    61
    60
    62
    70
    61
    61
    81
    61
    81
    71
    81
    71
    81
    71
    70
    71
    81
    81
    81
    70
    81
    72
    72
    82
    70
    62
    82
    81
    81
    71
    70
    71
    82
    72
    73
    71
    81
    70
    83
    82
    70
    81
    80
    82
    71
    60
    71
    81
    80
    83
    61
    40
    60
    71
    41
    61
    82
    60
    61
    71
    60
    42
    71
    61
    70
    72
    80
    82
    60
    51
    50
    71
    60
    40
    71
    61
    81
    80
    81
    71
    82
    70
    81
    71
    81
    81
    81
    81
    81
    80
    71
    81
    81
    71
    40
    80
    61
    61
    82
    81
    80
    41
    60
    40
    40
    41
    40
    62
    81
    61
    71
    61
    61
    50
    60
    30
    61
    71
    80
    81
    80
    81
    81
    81
    80
    81
    83
    70
    81
    70
    81
    82
    70
    71
    63
    71
    63
    63
    70
    62
    70
    60
    81
    80
    81
    90
    61
    81
    81
    81
    72
    61
    82
    92
    62
    81
    82
    90
    82
    80
    83
    82
    81
    91
    71
    91
    72
    81
    71
    70
    71
    81
    80
    81
    70
    82
    71
    91
    71
    81
    92
    91
    70
    81
    81
    71
    91
    81
    91
    83
    91
    82
    81
    92
    81
    70
    71
    81
    91
    92
    81
    93
    91
    83
    90
    91
    80
    92
    81
    81
    80
    81
    81
    92
    83
    92
    81
    80
    91
    80
    91
    83
    91
     0
     0
     0
     0
     0
     0
     0
     0
     0
     0
     0
     0
     0
     0
     0
     0
     0
     0
     0
     0
     0
     0
     0
     0
     0
     0
     0
     0
     0
     0
     0
     0
     0
     0
     0
     0
     0
     0
     0
     0
     0
     0
     0
     0
     0
     0
     0
     0
     0
     0
     0
     0
     0
     0
     0
     0
     0
     0
     0
     0
     0
     0
     0
     0
     0
     0
     0
     0
     0
     0
     0
     0
     0
     0
     0
     0
     0
     0
     0
     0
     0
     0
     0
     0
     0
     0
     0
     0
     0
     0
     0
     0
     0
     0
     0
     0
     0
     0
     0
     0
     0
     0
     0
     0
     0
     0
     0
     0
     0
     0
     0
     0
     0
     0
     0
     0
     0
     0
     0
     0
     0
     0
     0
     0
     0
     0
     0
     0
     0
     0
     0
     0
     0
     0
     0
     0
     0
     0
     0
     0
     0
     0
     0
     0
     0
     0
     0
     0
     0
     0
     0
     0
     0
     0
     0
     0
     0
     0
     0
     0
     0
     0
     0
     0
     0
     0
     0
     0
     0
     0
     0
     0
     0
     0
     0
     0
     0
     0
     0
     0
     0
     0
     0
     0
     0
     0
     0
     0
     0
     0
     0
     0
     0
     0
     0
     0
     0
     0
     0
     0
     0
     0
     0
     0
     0
     0
     0
     0
     0
     0
     0
     0
     0
     0
     0
     0
     0
     0
     0
     0
     0
     0
     0
     0
     0
     0
     0
     0
     0
     0
     0
     0
     0
     0
     0
     0
     0
     0
     0
     0
     0
     0
     0
     0
     0
     0
     0
     0
     0
     0
     0
     0
     0
     0
     0
     0
     0
     0
     0
     0
     0
     0
     0
     0
     0
     0
     0
     0
     0
     0
     0
     0
     0
     0
     0
     0
     0
     0
     0
     0
     0
     0
     0
     0
     0
     0
     0
     0
     0
     0
     0
     0
     0
     0
     0
     0
     0
     0
     0
     0
     0
     0
     0
     0
     0
     0
     0
     0
     0
     0
     0
     0
     0
     0
     0
     0
     0
     0
     0
     0
     0
     0
     0
     0
     0
     0
     0
     0
     0
     0
     0
     0
     0
     0
     0
     0
     0
     0
     0
     0
     0
     0
     0
     0
     0
     0
     0
     0
     0
     0
     0
     0
     0
     0
     0
     0
     0
     0
     0
     0
     0
     0
     0
     0
     0
     0
     0
     0
     0
     0
     0
     0
     0
     0
     0
     0
     0
     0
     0
     0
     0
     0
     0
     0
     0
     0
     0
     0
     0
     0
     0
     0
     0
     0
     0
     0
     0
     0
     0
     0
     0
     0
     0
     0
     0
     0
     0
     0
     0
     0
     0
     0
     0
     0
     0
     0
     0
     0
     0
     0
     0
     0
     0
     0
     0
     0
     0
     0
     0
     0
     0
     0
     0
     0
     0
     0
     0
     0
     0
     0
     0
     0
     0
     0
     0
     0
     0
     0
     0
     0
     0
     0
     0
     0
     0
     0
     0
     0
     0
     0
     0
     0
     0
     0
     0
     0
     0
     0
     0
     0
     0
     0
     0
     0
     0
     0
     0
     0
     0
     0
     0
     0
     0
     0
     0
     0
     0
     0
     0
     0
     0
     0
     0
     0
     0
     0
     0
     0
     0
     0
     0
     0
     0
     0
     0
     0
     0
     0
     0
     0
     0
     0
     0
     0
     0
     0
     0
     0
     0
     0
     0
     0
     0
     0
     0
     0
     0
     0
     0
     0
     0
     0
     0
     0
     0
     0
     0
     0
     0
     0
     0
     0
     0
     0
     0
     0
     0
     0
     0
     0
     0
     0
     0
     0
     0
     0
     0
     0
     0
     0
     0
     0
     0
     0
     0
     0
     0
     0
     0
     0
     0
     0
     0
     0
     0
     0
     0
     0
     0
     0
     0
     0
     0
     0
     0
     0
     0
     0
     0
     0
     0
     0
     0
     0
     0
     0
     0
     0
     0
     0
     0
     0
     0
     0
     0
     0
     0
     0
     0
     0
     0
     0
     0
     0
     0
     0
     0
     0
     0
     0
     0
     0
     0
     0
     0
     0
     0
     0
     0
     0
     0
     0
     0
     0
     0
     0
     0
     0
     0
     0
     0
     0
     0
     0
     0
     0
     0
     0
     0
     0
     0
     0
     0
     0
     0
     0
     0
     0
     0
     0
     0
     0
     0
     0
     0
     0
     0
     0
     0
     0
     0
     0
     0
     0
     0
     0
     0
     0
     0
     0
     0
     0
     0
     0
     0
     0
     0
     0
     0
     0
     0
     0
     0
     0
     0
     0
     0
     0
     0
     0
     0
     0
     0
     0
     0
     0
     0
     0
     0
     0
     0
     0
     0
     0
     0
     0
     0
     0
     0
     0
     0
     0
     0
     0
     0
     0
     0
     0
     0
     0
     0
     0
     0
     0
     0
     0
     0
     0
     0
     0
     0
     0
     0
     0
     0
     0
     0
     0
     0
     0
     0
     0
     0
     0
     0
     0
     0
     0
     0
     0
     0
     0
     0
     0
     0
     0
     0
     0
     0
     0
     0
     0
     0
     0
     0
     0
     0
     0
     0
     0
     0
     0
     0
     0
     0
     0
     0
     0
     0
     0
     0
     0
     0
     0
     0
     0
     0
     0
     0
     0
     0
     0
     0
     0
     0
     0
     0
     0
     0
     0
     0
     0
     0
     0
     0
     0
     0
     0
     0
     0
     0
     0
     0
     0
     0
     0
     0
     0
     0
     0
     0
     0
     0
     0
     0
     0
     0
     0
     0
     0
     0
     0
     0
     0
     0
     0
     0
     0
     0
     0
     0
     0
     0
     0
     0
     0
     0
     0
     0
     0
     0
     0
     0
     0
     0
     0
     0
     0
     0
     0
     0
     0
     0
     0
     0
     0
     0
     0
     0
     0
     0
     0
     0
     0
     0
     0
     0
     0
     0
     0
     0
     0
     0
     0
     0
     0
     0
     0
     0
     0
     0
     0
     0
     0
     0
     0
     0
     0
     0
     0
     0
     0
     0
     0
     0
     0
     0
     0
     0
     0
     0
     0
     0
     0
     0
     0
     0
     0
     0
     0
     0
     0
     0
     0
     0
     0
     0
     0
     0
     0
     0
     0
     0
     0
     0
     0
     0
     0
     0
     0
     0
     0
     0
     0
     0
     0
     0
     0
     0
     0
     0
     0
     0
     0
     0
     0
     0
     0
     0
     0
     0
     0
     0
     0
     0
     0
     0
     0
     0
     0
     0
     0
     0
     0
     0
     0
     0
     0
     0
     0
     0
     0
     0
     0
     0
     0
     0
     0
     0
     0
     0
     0
     0
     0
     0
     0
     0
     0
     0
     0
     0
     0
     0
     0
     0
     0
     0
     0
     0
     0
     0
     0
     0
     0
     0
     0
     0
     0
     0
     0
     0
     0
     0
     0
     0
     0
     0
     0
     0
     0
     0
     0
     0
     0
     0
     0
     0
     0
     0
     0
    40
    42
    51
    40
    50
    52
   102
    95
   102
    91
    91
   102
    91
    91
    93
    93
   103
    91
   113
    92
    83
   101
    91
   102
    81
    91
    81
    81
    80
    73
    91
    70
    81
    72
    81
    81
    70
    81
    71
    71
    71
    81
    81
    72
    81
    91
    71
    81
    82
    70
    83
    81
    81
    81
    81
    81
    81
    71
    81
    82
    80
    82
    82
    81
    82
    81
    70
    83
    91
    83
    91
    91
    80
    92
    91
    71
    81
    80
    83
    81
    92
    91
    82
    81
    81
    71
    81
    81
    81
    81
    81
    71
    82
    80
    81
    81
    81
    71
    81
    70
    71
    73
    81
    70
    92
    70
    82
    80
    81
    82
    71
    81
    81
    81
    70
    81
    81
    80
    72
    70
    81
    71
    90
    72
    80
    71
    80
    81
    81
    82
    90
    71
    82
    81
    72
    81
    80
    71
    91
    91
    80
    72
    81
    92
    81
    81
    80
    81
    91
    81
    92
    94
   102
    91
   101
    91
    91
    95
    91
    93
    91
    93
    91
    92
   102
    94
   101
   102
    91
    91
    90
   104
    95
    92
    92
   101
   114
    92
   103
    91
   102
   104
    92
    93
   101
   102
    91
   101
   102
    93
   100
   104
   102
   106
   105
    93
    91
   102
    91
   101
    92
   112
   103
    97
   101
   101
   102
   102
   101
   102
    82
    93
   103
    92
    92
    92
    91
    91
   101
    92
    96
    92
   111
    91
   102
   101
    91
   101
    92
    92
    93
   100
    91
   104
    84
   104
    81
   112
    93
   103
   102
    94
    92
    94
   103
   101
    92
    97
   101
   103
    83
   102
    91
    91
    94
   101
    84
    90
    82
    80
    91
    91
    63
    82
    72
    81
    62
    81
    71
    72
    72
    71
    72
    42
    40
    86
    61
    50
    41
    50
    33
    40
    40
    92
    93
    90
    93
    73
    51
    40
    71
    40
    50
    72
    40
    41
    40
    40
    41
    42
    41
    81
    81
    32
    40
    31
    31
    40
    81
    91
    91
    80
    81
    61
    71
    40
    40
    41
    70
    92
    80
    92
    94
    80
    92
    71
    40
    73
    72
    90
    83
    90
    92
    80
    81
    71
    72
    71
    81
    82
    80
    91
    61
    72
    91
    82
    80
    81
    81
    81
    85
    70
    71
    71
    42
    70
    71
    72
    63
    61
    40
    81
    72
    50
    81
    72
    80
    72
    40
    83
    70
    71
    70
    72
    70
    61
    82
    81
    81
    80
    82
    80
    71
    81
    71
    71
    82
    81
    81
    80
    81
    70
    81
    81
    81
    60
    82
    71
    70
    81
    81
    82
    71
    80
    73
    72
    82
    80
    71
    61
    60
    71
    60
    61
    71
    62
    61
    60
    60
    71
    60
    71
    81
    70
    51
    41
    62
    80
    81
    60
    71
    71
    73
    70
    72
    80
    71
    81
    71
    72
    81
    81
    71
    51
    60
    71
    81
    70
    81
    70
    61
    71
    50
    61
    64
    60
    61
    60
    61
    60
    40
    72
    51
    61
    61
    61
    61
    61
    61
    70
    81
    70
    82
    80
    71
    71
    70
    71
    81
    81
    61
    71
    71
    72
    80
    81
    61
    71
    71
    81
    71
    71
    71
    81
    71
    71
    81
    81
    81
    71
    71
    81
    72
    81
    71
    71
    81
    71
    71
    70
    81
    81
    71
    70
    81
    71
    81
    81
    82
    82
    80
    81
    80
    83
    70
    71
    77
    72
    81
    71
    71
    82
    71
    82
    81
    81
    72
    82
    80
    81
    81
    81
    71
    81
    81
    71
    73
    72
    81
    70
    81
    81
    71
    81
    72
    71
    80
    71
    90
    71
    81
    71
    82
    81
    70
    81
    81
    80
    92
    71
    82
    71
    81
    81
    81
    73
    82
    82
    81
    81
    81
    82
    82
    81
    80
    81
    72
    71
    83
    82
    82
    71
    91
    80
    84
    71
    81
    83
    81
    81
    81
    72
    81
    81
    80
    81
    71
    81
    81
    82
    82
    81
    81
    72
    80
    81
    82
    80
    81
    81
    81
    82
    80
    81
    81
    71
    91
    71
    81
    80
    82
    81
    82
    81
    72
    81
    81
    82
    72
    90
    81
    81
    80
    75
    81
    80
    71
    82
    81
    81
    81
    71
    81
    81
    81
    81
    81
    81
    81
    82
    81
    81
    81
    80
    81
    71
    82
    81
    81
    81
    81
    80
    81
    82
    80
    72
    80
    81
    83
    81
    81
    81
    81
    81
    70
    82
    81
    80
    82
    81
    80
    81
    81
    72
    80
    81
    91
    91
    92
    81
    82
    81
    85
    81
    81
    72
    81
    80
    81
    82
    81
    82
    72
    82
    81
    81
    91
    71
    81
    81
    80
    81
    81
    81
    70
    83
    81
    71
    91
    81
    80
    81
    71
    81
    81
    81
    81
    81
    81
    71
    81
    81
    80
    82
    81
    81
    83
    80
    71
    81
    81
    81
    80
    82
    80
    82
    81
    81
    72
    81
    82
    81
    71
    91
    81
    81
    71
    81
    80
    81
    80
    82
    81
    81
    71
    81
    82
    90
   101
   101
    91
    72
    82
    81
    91
    82
    72
    81
    83
    91
    80
    81
    71
    81
    91
    81
    81
    70
    82
    80
    91
    70
    81
    73
    82
    80
    71
    81
    81
    82
    80
    81
    82
    70
    91
   102
    91
    91
    73
    72
    82
    81
    80
    81
    82
    81
    80
    92
    81
    81
    80
    82
    91
    72
    80
    91
    72
    81
    81
    81
    80
    81
    81
    81
    82
    91
    82
    82
    71
    92
    91
    81
    91
    82
    82
    81
    72
    81
   101
    72
    91
    82
    82
    81
    80
    82
    80
    84
    82
    81
    80
    82
    71
    81
    91
    81
    81
    81
    82
    80
    81
    81
    80
    72
    80
    81
    81
    81
    72
    80
    81
    81
    70
    91
    71
    81
    81
    80
    91
    70
    81
    81
    82
    80
    71
    81
    81
    80
    81
    80
    82
    82
    81
    71
    82
    81
    80
    81
    81
    82
    80
    81
    81
    81
    82
    70
    81
    81
    90
   104
    81
    82
    70
    81
    81
    81
    81
    91
    71
    83
    82
    81
    80
    91
    71
    81
   103
    81
   101
   122
   102
    81
    81
    81
    82
    71
    80
    82
    70
    81
    82
    83
    71
    71
    61
    92
    94
    81
    91
    72
    80
    82
    80
    82
    80
    71
    91
    91
    82
    92
    91
    91
    92
    92
    91
   101
    91
    81
    81
    91
    90
    92
    81
    92
    82
    81
    71
    81
    80
    81
    81
    83
    72
    80
    91
    81
    92
    90
    81
    91
    82
    81
    72
    81
    82
    80
    92
    90
    91
    81
    82
    80
    81
    81
    82
    80
    81
    81
    80
    92
    90
    83
    91
    91
    91
   101
    92
   101
    82
   101
    91
    93
   103
   102
   101
    93
   101
   100
   101
   102
   111
    90
   101
   103
   100
    94
   106
    91
   101
   103
   101
    94
   101
   101
   101
   103
   101
   102
   102
   102
   104
   112
    91
   112
   123
   102
   127
    92
   113
   104
   113
   111
   102
   112
   101
   106
   101
   105
   101
    93
    81
   102
   101
    91
    60
    51
    92
    93
    60
    52
   101
    95
   106
    93
    91
   114
   113
    60
   104
    92
   104
    70
    50
    63
   113
   101
   103
    61
    62
    51
   110
   123
   112
    71
    90
   101
   104
   101
    95
   103
   102
   112
   105
   104
   105
   121
    87
   115
    52
   133
   102
   103
    95
   112
   101
    92
   122
   101
   101
   124
   113
   114
   112
   104
   120
   114
   111
    65
    95
   113
   104
   111
   103
   111
   110
   112
    93
   107
   110
   111
   101
   113
   113
   101
   101
   103
   111
   111
   112
   122
   112
   103
   111
   113
   114
   104
   113
   102
   102
   122
   113
   104
   112
   112
   121
   121
   113
   116
   111
   122
   112
   106
   111
   112
   102
   112
   115
   105
   103
   114
   111
   112
   121
   101
   110
   117
   114
   113
   100
   112
   111
   103
   110
   121
   111
    93
   101
   101
   100
   103
   103
   114
   101
    91
   103
   111
    91
    93
    92
   101
    71
    80
    81
    82
    81
    70
    82
    91
    81
    80
    72
    81
    80
    82
    70
    82
    80
    72
    82
    81
    81
    80
    72
    91
    71
    62
    72
    70
    61
    71
    60
    71
    41
    30
    71
    83
    71
    62
    70
    41
    50
    91
    81
    81
    71
    82
    91
    91
    81
    71
    91
    81
    80
    82
    81
    70
    81
    81
    83
    71
    81
    81
    80
    81
    91
    81
    80
    81
    72
    71
    50
    61
    60
    71
    60
    81
    70
    61
    60
    71
    60
    81
    60
    72
    40
    91
    80
    62
    70
    83
    80
    61
    82
    60
    61
    60
    41
    60
    81
    61
    41
    81
    81
    61
    71
    80
    72
    61
    61
    51
    71
    71
    70
    81
    61
    70
    61
    61
    60
    81
    71
    81
    61
    70
    71
    71
    82
    70
    81
    71
    62
    61
    40
    41
    60
    70
    61
    40
    81
    81
    70
    61
    61
    71
    60
    71
    80
    91
    41
    41
    40
    71
    70
    91
    81
    80
    81
    80
    81
    81
    71
    91
    71
    80
    61
    71
    81
    70
    82
    60
    81
    71
    70
    81
    70
    82
    71
    71
    81
    70
    71
    71
    71
    71
    81
    70
    71
    71
    81
    70
    81
    70
    70
    71
   131
   101
    81
    70
    81
    61
    71
    71
    81
    81
    71
    71
    71
    81
    81
    71
    70
    71
    81
    70
   133
    92
    91
    61
    71
    72
    70
    71
    80
    81
    61
    71
    71
    70
    71
    92
    80
    61
    61
    70
    71
    70
    71
    81
    52
    61
    60
    61
    61
   100
    82
    51
    40
    61
    50
    41
    40
    71
    81
    70
    71
    30
    50
    61
    61
    40
    61
    51
    50
    51
    70
    71
    70
    71
    71
    70
    30
    51
    61
    80
    71
    30
    60
    81
    71
    82
    60
    71
    71
    70
    81
    81
    70
    71
    71
    81
    84
    92
    90
    91
    93
    81
   101
    80
    51
    42
    50
    62
    54
    40
    42
    50
    50
    81
    91
    92
    40
    81
    42
    40
    81
    61
    92
    71
    91
    91
    81
    81
    40
    81
    82
    81
    81
    93
    82
    91
   101
    81
    93
    91
   101
    81
    81
    81
    82
    84
    91
    92
    91
    90
   101
    83
    91
    91
   101
    81
   102
    91
    82
    80
    82
    81
    81
    70
    91
    81
    80
    83
    80
    72
    81
    71
    91
    72
    81
    91
    82
    81
    91
    91
    72
    72
    51
    71
    81
    81
    71
    40
    81
    91
   102
    94
    81
   101
    86
    91
    92
    93
    92
   101
   103
    83
    91
    80
   102
    92
    92
    92
    91
    81
   100
   101
    92
    81
    91
    92
    81
    80
    92
    81
    92
    91
    90
    81
   103
    90
    91
   103
    91
    83
   112
    82
    92
   102
    93
   101
    92
   101
    91
    92
   101
   104
   102
   112
    94
   103
    95
    93
    91
   102
    91
   101
    91
    92
   102
    92
   101
    92
   100
   104
    83
   100
   101
    97
   111
    93
X11 I/O Error
libXxf86vm.so unloaded.
libGLU.so unloaded.
libGL.so unloaded.
libopenal.so unloaded.
Cleanup
{P cpuid= 0, pid= 316 Events: System event log shut down.}
WindowManager: Window manager closed
{P cpuid= 0, pid= 316 Files: 6 open files}
Objects 5097 discarded finalizers, 0 pending finalizers
UnixFiles 6 discarded finalizers, 0 pending finalizers
