Kernel: Initialized and started.
X11 Display depth = 24
Default font installedOpenType 0.45 BBPort /3.12.2004  eos, pl
WindowManager: 24-bit color
WindowManager: Display resolution: 1264x992x24
DisplayRefresher installed.
Autostart: executing FSTools.Mount Work RelativeFileSystem ./
Work: mounted
Autostart: executing FileTrapWriter.Install
Autostart: executing WMTrapWriter.Install
{P cpuid= 0, pid= 31 Events: System event log started.}
WMMacros: Macro file Macros.XML loaded.
Autostart: executing UpTime.Install
Uptime monitor started.
Autostart: executing StartMenu.Open
Autostart: executing SkinEngine.Load xenoxolotl.skin
SkinEngine : Loading xenoxolotl.skin...ok
Autostart: executing WMRestorable.Load Auto.dsk
{P cpuid= 0, pid= 68 Starting logger}
WMRestorable: Loading desktop from Auto.dsk...
Autostart: executing WMNavigate.Open -vs 1 0 0 Navigation:TaskList
SyntaxHighlighter: Auto-loading SyntaxHighlighter.XML ... done.
	ReleaseTree@0	error: HEADER section expected
ArrayBase: setting runtime library (semi-optimized) default methods.
ArrayBaseOptimized: installing runtime library optimizations:ASM SSE SSE2 SSE3  done.
Device from configuration file: ALSA Software on default
ALC_DEVICE_SPECIFIER = ALSA Software on default
Device Opened
libGL.so loaded.
libGLU.so loaded.
libXxf86vm.so loaded.
*EEEEP!EEEEP!./NUeconrGpx7plz7ym76ibLw.Mod
./N7OpxpUuffoMm09SEVF8k4Q.Mod
./No13s7eEq5z1VzXOucrDZiw.Mod
./NeoZGnWONOJP6ETcuZvuQNQ.Mod
./N9zFl2HaX56CegrHdknAkvw.Mod
./NUDjmgXk2BBrW9roFylvaLQ.Mod
./NIlbwmNpexeEMRNFWXRcFbw.Mod
./N9aitMqAFTj3l6YIIfK39XA.Mod
./NXTEST.Mod
./Nahf6T7P6CYGfcImQTejDpg.Mod
./NsOET4PW7wEUqBGE1Dr3rBQ.Mod
./NhYOBdcESgNhNEXS2S3OXsw.Mod
./NjNk11ZhNBiuxHpXunPUsgA.Mod
./NnpPaNU5wEKlp0Ji1XWMhGg.Mod
./NNYWKcFakzVtWk&Swv2HfQQ.Mod
compile error ./NtL0zWGLy4MVijnDVIbPcqA.Mod
./NSIsnYBTYL9BajD8fbPDSqg.Mod
./NuDxZaSfDCnI8xZnbp6c5ew.Mod
./NIqy3HQ4ZK8iRwAXelYYnsQ.Mod
./NznGx2ySiHIGrO5t9Pzcw5Q.Mod
./NiHWuC6tiaYe9Qxl3e1DNqw.Mod
./N2qeD84Fv78X2XEj8PtUZOQ.Mod
./NnviGAernhjFK40xASZZVoQ.Mod
./N7Z9LarKWKBcwXrDkSXezPg.Mod
./NxYQqSbWc7p4wTZbj9LvbUQ.Mod
./NGJBlQ95mTkoMhozr6XOJYg.Mod
./NXWCxXWLIcD2LegvoGXXBiQ.Mod
./NCjgzkmiTyecI5x6eOgYqpQ.Mod
./NnTJ6nDktAth4WTAUdr8HYQ.Mod
./NIXARXB2vH6ieKZmsc6mODg.Mod
./NtxxZorqH5oWxECOCwH59AQ.Mod
./NxrglfWf3ZTXHHNB8BJ3sSQ.Mod
./NDQ0mOQYqpYYaLXJy4MS8BQ.Mod
./NEmb7fXmcxu1apgyZ8VRovg.Mod
./NMdslbwjsXFOAzH65DQMliA.Mod
./N6illtDKEH5g6dsUifexH1Q.Mod
./NZjDHYA8YHHcuymIh1fhHgg.Mod
./NCChaxYRyB2OfbAGztV2f5Q.Mod
./NcufbYokzVEuEfN5MYiDlhA.Mod
./NH6nvNlOJNlCtpkDB56ljSw.Mod
./N1X5IRPYQsXyJGojeNuXwhA.Mod
./NCChaxYRyB2OfbAGztV2f4Q.Mod
./N5a2g4M6HYjPJxYSNQvYyvw.Mod
./NGNYAfkxmEzxe6ZESmcMJtw.Mod
./NmOgKSH5ZXYP3DODELOkO7g.Mod
./NNDQ9rTI27JC6nhDuC5BVsg.Mod
./NSIEolLKc0l8QF4ru8aTEuA.Mod
./NvZjNvNLlZ4yUPfoMC5zI.Mod
./NJOFc7qhMXMly3lot71bNUw.Mod
./NOEsqXX7r2l7FZGfkcgoCXw.Mod
./NWdMWLJtPzMMIp2UEA2iYwQ.Mod
./NVY1hEGnyr7z8DtULRMOZIQ.Mod
./NXEiQzXqJDWKQte5u3hATyA.Mod
./NNwW44Z6Y65O0pLKvYWsn3Q.Mod
./NUzl1lqmBmaKyswkc70kO3w.Mod
./NnKyXYNiHwdxuM6wHrbxwuQ.Mod
./N7NGusMHLvGiJtGd8Rv553A.Mod
compile error ./Nr3kPtbyEYLFK3AN2UUVrqg.Mod
./NwPicBWw4NfcserX4ELaQ3A.Mod
./NMdslbwjsXFOAzH64DQMliA.Mod
./NUzl1lqmBmaKyswkc70kO1w.Mod
./NW0KZrCxwqStAQYdFMA6HRw.Mod
./NMRR8eVl6DBZXeJLNZ0KC6g.Mod
libXxf86vm.so unloaded.
libGLU.so unloaded.
libGL.so unloaded.
libopenal.so unloaded.
Cleanup
{P cpuid= 0, pid= 240 Events: System event log shut down.}
WindowManager: Window manager closed
{P cpuid= 0, pid= 240 Files: 5 open files}
Objects 6191 discarded finalizers, 0 pending finalizers
UnixFiles 5 discarded finalizers, 0 pending finalizers
