Kernel: Initialized and started.
Default font installedOpenType 0.45 BBPort /3.12.2004  eos, pl
ArrayBase: setting runtime library (semi-optimized) default methods.
ArrayBaseOptimized: installing runtime library optimizations:ASM SSE SSE2 SSE3  done.
libGL.so loaded.
libGLU.so loaded.
libXxf86vm.so loaded.
*EEEEP!JPEG: Progressive Huffmann not supported
20)
JPEG: Progressive Huffmann not supported
20)
JPEG: Progressive Huffmann not supported
20)
JPEG: Progressive Huffmann not supported
20)
JPEG: Progressive Huffmann not supported
20)
JPEG: Progressive Huffmann not supported
20)
EEEEP!   101
    82
    72
    81
    70
    71
    71
    71
    80
    82
    71
    91
    71
    61
    71
    70
    81
    81
    60
    71
    81
    70
    71
    72
    71
    70
    71
    81
    70
    71
    70
    71
    70
    81
    81
    82
    80
    71
    61
    81
    80
    60
    71
    81
    62
   100
    81
    71
    71
    71
    81
    72
    71
    70
    81
    71
    71
    70
    71
    71
    72
    71
    70
    71
    70
    72
    70
    72
    70
    71
    70
    81
    70
    71
    71
    70
    81
    70
    71
    70
    71
    80
    71
    71
    72
    81
    71
    72
    70
    71
    81
    71
    72
    70
    71
    71
    71
    71
    71
    71
    81
    72
    70
    81
    70
    71
    72
    60
    71
    72
    70
    61
    81
    81
    71
    71
    71
    92
    71
    71
    71
    71
    81
    71
    81
    70
    71
    71
    81
    71
    70
    71
    70
    71
    71
    70
    71
    81
    70
    71
    70
    83
    70
    71
    70
    70
    71
    81
    72
    71
    70
    81
    80
    71
    71
    80
    71
    81
    70
    71
    72
    80
    71
    81
    71
    80
    71
    72
    70
    70
    71
    71
    71
    71
    70
    71
    70
    73
    70
    81
    71
    70
    71
    70
    81
    71
    70
    61
    62
    71
    70
    71
    71
    81
    92
    70
    81
    81
    82
    80
   101
   101
    81
    70
    71
    70
    71
    71
    71
    81
    80
    71
    71
    70
    71
    71
    81
    82
    80
    72
    71
    73
    70
    72
    71
    92
    81
    60
    71
    72
    70
    71
    71
    72
    70
    71
    71
    70
    61
    71
    70
    71
    71
    71
    72
    80
    71
    71
    62
    70
    71
    73
    72
    71
    71
    70
    81
    71
    71
    71
    72
    70
    73
    70
    83
    81
    60
    91
    61
    70
    71
    70
    61
    81
    71
    71
    81
    71
    80
   102
    90
    72
    91
    80
    71
    71
    70
    81
   101
    71
    81
    71
    70
    71
    71
    71
    71
    81
    71
    70
    72
    71
    81
    80
    71
    71
    70
    72
    81
    61
    71
    81
    71
    71
    71
    71
    71
    71
    71
    71
    70
    71
    71
    71
    71
    70
    71
    71
    72
    81
    71
    71
    80
    72
    71
    71
    70
    71
    71
    71
    71
    70
    72
    72
    71
    80
    71
    70
    71
    81
    63
    72
    70
    71
    70
    80
    71
    70
    71
    80
    71
    60
    81
    71
    71
    70
    71
    70
    82
    71
    70
    81
    71
    71
    71
    70
    71
    71
    70
    71
    81
    70
    71
    71
    70
    71
    71
    71
    70
    71
    62
    81
    72
    71
    71
    70
    71
    70
    72
    70
    71
    70
    72
    70
    81
    71
    71
    71
    70
    71
    71
    71
    72
    80
    71
    70
    71
    71
    71
    61
    71
    81
    70
    71
    71
    70
    71
    70
    80
    81
    71
    81
    71
    61
    71
    81
    71
    72
    70
    81
    71
    70
    71
    71
    61
    70
    72
    70
    71
    71
    80
    71
    60
    72
    70
    81
    70
    62
    81
    70
    81
    63
    71
    70
    72
    71
    60
    71
    71
    81
    71
    71
    70
    71
    71
    71
    81
    70
    74
    72
    71
    71
    81
    61
    71
    71
    72
    70
    71
    71
    81
    70
    71
    71
    71
    72
    80
    72
    70
    71
    70
    71
    70
    70
    71
    70
    71
    80
    71
    81
    72
    80
    72
    70
    72
    71
    71
    71
    71
    71
    70
    71
    71
    71
    71
    71
    70
    81
    70
    72
    71
    70
    81
    61
    80
    71
    81
    71
    70
    70
    71
    71
    80
    71
    62
    70
    71
    71
    71
    71
    71
    71
    70
    81
    70
    70
    61
    81
    62
    70
    71
    71
    70
    71
    71
    71
    70
    70
    71
    81
    70
    71
    80
    71
    60
    71
    71
    70
    71
    70
    71
    70
    82
    60
    81
    71
    71
    81
    71
    62
    81
    71
    70
    71
    71
    71
    72
    70
    81
    71
    71
    80
    71
    71
    71
    82
    71
    81
    61
    71
    72
    71
    71
    71
    70
    71
    70
    81
    71
    73
    80
    71
    71
    71
    60
    71
    80
    71
    70
    81
    71
    70
    81
    70
    82
    70
    71
    70
    71
    80
    72
    70
    81
    70
    72
    71
    80
    72
    71
    71
    81
    71
    81
    70
    71
    71
    70
    71
    70
    71
    71
    70
    70
    71
    70
    82
    72
    71
    81
    70
    81
    70
    71
    71
    71
    71
    71
    70
    71
    71
    70
    71
    70
    83
    72
    70
    71
    72
    81
    71
    71
    70
    62
    71
    84
    72
    71
    70
    71
    71
    71
    71
    80
    70
    71
    71
    72
    70
    71
    80
    71
    81
    72
    71
    71
    72
    71
    71
    70
    72
    81
    70
    81
    71
    71
    81
    71
    71
    71
    71
    70
    71
    60
    82
    61
    72
    70
    72
    81
    70
    71
    71
    71
    81
    71
    71
    71
    70
    72
    70
    81
    71
    70
    71
    74
    80
    71
    70
    71
    81
    70
    71
    71
    70
    71
    81
    70
    71
    71
    71
    70
    72
    71
    70
    71
    81
    71
    71
    70
    72
    71
    71
    81
    71
    71
    70
    71
    80
    71
    82
    71
    71
    70
    71
    71
    70
    62
    75
    72
    80
    71
    62
    71
    80
    71
    70
    81
    71
    81
    70
    71
    71
    80
    72
    71
    70
    70
    71
    70
    71
    70
    71
    71
    71
    70
    71
    71
    70
    72
    80
    73
    71
    70
    71
    70
    71
    71
    71
    72
    71
    71
    91
    70
    72
    70
   101
    91
    70
    71
    81
    70
    81
    60
    81
    70
    71
    72
    70
    92
    70
    71
    72
   101
    91
    70
    71
    72
    80
    71
    72
    70
    73
    62
   100
    71
    70
    71
    71
    70
    81
    81
    70
    81
    90
    72
    81
    70
    71
    90
    71
    71
    81
    71
    80
    70
    71
    70
    62
    81
    81
    71
    71
    80
    71
    71
    70
    71
    81
    62
    70
    81
    70
    72
    70
    71
    70
    71
    62
    70
    82
    71
    71
    81
    72
    71
    81
    60
    71
    61
    70
    71
    70
    71
    71
    81
    71
    70
    71
    71
    61
    81
    70
    71
    61
    71
    71
    71
    71
    70
    71
    70
    71
    73
    71
    71
    81
    70
    71
    82
    70
    71
    71
    71
    71
    70
    71
    71
    72
    70
    71
    71
    71
    71
    71
    71
    70
    71
    70
    71
    81
    71
    71
    71
    82
    80
    71
    61
    72
    80
    71
    71
    71
    62
    70
    71
    71
    70
    71
    70
    81
    80
    72
    80
    71
    71
    62
    71
    71
    70
    82
    70
    71
    82
    70
    61
    72
    70
    72
    70
    71
    80
    71
    71
    70
    81
    71
    71
    71
    71
    70
    71
    80
    72
    70
    70
    72
    71
    80
    73
    71
    71
    71
    72
    71
    82
    70
    72
    72
    71
    70
    71
    71
    71
    70
    71
    81
    71
    70
    71
    81
    72
    70
    71
    80
    72
    71
    70
    62
    70
    81
    61
    81
    72
    71
    70
    62
    70
    71
    73
    80
    71
    71
    70
    71
    71
    71
    70
    71
    71
    71
    71
    72
    71
    70
    72
    71
    70
    83
    60
    71
    71
    81
    70
    82
    71
    70
    72
    70
    71
    70
    71
    71
    71
    80
    71
    70
    71
    71
    71
    71
    71
    70
    83
    70
    71
    70
    80
    71
    71
    70
    71
    71
    72
    71
    71
    71
    72
    71
    71
    72
    70
    62
    70
    71
    81
    70
    70
    73
    70
    71
    60
    72
    80
    71
    71
    70
    71
    71
    71
    81
    70
    62
    72
    80
    71
    81
    72
    70
    70
    81
    71
    70
    61
    72
    80
    61
    71
    82
    71
    70
    71
    71
    70
    70
    72
    70
    72
    71
    72
    81
    61
    72
    70
    61
    72
    71
    71
    71
    61
    80
    71
    70
    71
    62
    80
    71
    71
    71
    81
    71
    70
    70
    71
    70
    61
    82
    71
    71
    70
    71
    81
    72
    70
    71
    71
    71
    81
    70
    81
    71
    70
    70
    71
    72
    70
    81
    61
    71
    82
    60
    72
    80
    71
    60
    71
    72
    71
    70
    61
    71
    73
    70
    71
    71
    70
    71
    61
    70
    82
    71
    61
    80
    71
    70
    81
    81
    81
    71
    71
    72
    71
    71
    61
    70
    71
    71
    71
    71
    70
    81
    61
    70
    71
    81
    70
    72
    71
    71
    81
    81
    71
    73
    81
    70
    71
    72
    70
    72
    71
    71
    70
    70
    71
    70
    71
    82
    72
    70
    71
    72
    71
    60
    71
    70
    71
    71
    81
    70
    70
    71
    71
    71
    72
    70
    72
    71
    72
    81
    70
    81
    71
    71
    71
    70
    71
    70
    71
    71
    71
    81
    70
    72
    70
    72
    70
    71
    70
    81
    72
    82
    71
    71
    70
    72
    70
    71
    70
    81
    70
    71
    72
   101
    70
    71
    71
    72
    60
    71
    72
    72
    61
    81
    72
   101
    71
   100
    71
    72
    71
    71
    71
    60
    81
    72
    70
    71
    70
    72
    71
    70
    82
    71
    62
    81
    70
    71
    72
    82
    61
    80
    71
    71
    71
    71
    72
    81
    70
    71
    70
    71
    83
    71
    71
    71
    70
    71
    71
    90
    71
    91
    71
    81
    70
    72
    61
    81
    70
    71
    71
    80
    71
    70
    71
    71
    80
    72
    72
    72
    71
    71
    82
    71
    82
    71
    70
    72
    81
    71
    71
    72
    71
    70
    72
    81
    70
    71
    70
    70
    62
    81
    72
    71
    70
    72
    81
    71
    70
    71
    70
    81
    82
    71
    71
    81
    70
    71
    71
    71
    71
    81
    71
    71
    71
    70
    71
    70
    71
    71
    70
    71
    71
    82
    60
    81
    63
    71
    71
    71
    82
    61
    70
    71
    71
    81
    80
    71
    71
    70
    71
    82
    70
    71
    70
    81
    81
    70
    62
    80
    71
    80
    71
    71
    81
    60
    81
    70
    72
    71
    70
    81
    83
    70
    71
    80
    71
    80
    71
    70
    81
    71
    92
    71
    90
    71
    72
    72
    72
    71
    71
    71
    81
    90
    72
    70
    81
    71
    71
    62
    80
    83
    81
    71
    81
    62
    81
    71
    80
    71
    71
    81
    81
    72
    72
    71
    81
   110
    72
    71
   121
   121
    70
    82
    81
    72
    80
    82
    70
    81
    70
    81
    71
    71
    81
    80
    82
    70
    81
    82
    70
    82
    71
    70
    81
    70
    71
    72
    82
    70
    71
    70
    71
    73
    70
    71
    62
   103
    80
    81
    71
    71
    81
    70
    81
    81
    61
    71
    71
    72
    60
    70
    71
    92
    70
    71
    72
    81
    70
    71
    70
    81
    81
    70
    71
    80
    72
    81
    71
    70
    71
    70
    71
    71
    70
    81
    71
    81
    71
    81
    71
    71
    81
    71
    81
    70
    71
    71
    71
    71
    80
    71
    70
    91
    70
    71
    80
   101
    72
    81
    71
    70
    71
    71
    91
    70
    83
    70
    72
    72
    72
    71
    70
    81
    80
    81
    81
    71
    91
    71
   122
    81
    71
    80
    71
    70
    71
    71
    80
    72
    72
    71
    72
    71
    81
    70
    71
    81
    60
    81
    70
    81
    71
    81
    70
    72
    80
    81
    71
    83
    72
    70
    81
    72
    80
    71
    80
    82
    71
    71
    70
    71
    70
    72
    81
    70
    81
    71
    80
    82
   101
    81
    81
    81
    80
    92
    80
    81
    71
    92
    70
    71
    90
    91
    71
    71
    70
    91
    70
    61
    82
    71
    71
    70
    82
    82
    70
    82
    71
    70
    71
    81
    61
    80
    71
    71
    70
    71
    71
    81
    81
    80
    71
    61
    90
    71
    72
    70
    71
    81
    70
    71
    71
    71
    80
    71
    70
    71
    72
    70
    72
    71
    82
    70
    83
    82
    72
    92
    81
    81
    81
    82
    81
    70
    71
    71
    80
    81
    72
    71
    76
    70
   101
    81
    71
    81
    71
    72
    82
    71
    92
    71
    71
    91
    80
    71
    90
    91
    71
    81
    71
    82
    81
    71
    70
    71
    82
    71
    92
    90
    81
    71
    81
    82
    90
    72
    70
    71
    70
    70
    72
    81
    71
    70
    71
    71
    70
    71
    91
    73
    71
    81
    71
    81
    80
    81
    71
    82
    71
    81
    81
    81
    80
    81
    70
    82
    82
    91
    82
    71
    81
    80
    91
    91
    71
    81
    72
    91
    73
    81
    71
    80
    81
    71
    81
    70
    72
    83
    70
    72
    71
    91
    80
    81
    71
    70
    81
    70
    81
    91
    71
    81
    80
    91
    81
    72
    70
    71
    71
    70
    71
   100
    82
    71
    72
    71
    72
    80
    82
    81
    82
    80
    62
    80
    71
    71
    81
    71
    71
    70
    71
    71
    81
    70
    81
    71
    70
    71
    80
    71
    71
    71
    70
    81
    71
    81
    71
    70
    70
    71
    80
    82
    71
    72
    71
    71
    81
    72
    71
    81
    82
    71
    70
    81
    61
    81
    71
    71
    71
    70
    91
    71
    81
    71
    71
    70
    81
    81
    70
    71
    71
    71
    71
    71
    70
    71
    72
    80
    71
    72
    71
    70
    71
    72
    71
    70
    81
    71
    70
    71
    71
    70
    71
    71
    71
    71
    70
    71
    81
    61
    80
    81
    71
    71
    71
    81
    70
    83
    71
    70
    71
    82
    71
    71
    71
    70
    71
    64
    71
    71
    81
    70
    72
    71
    70
    72
    80
    71
    62
    71
    71
    71
    80
    71
    61
    71
    80
    71
    71
    71
    70
    72
    71
    60
    71
    91
    70
    71
    71
    71
    80
    61
    71
    72
    91
    71
    71
    81
    72
   123
    70
    71
    91
    71
    81
    61
    80
    72
    61
    80
    71
    72
    71
    81
    70
    71
    81
    71
    70
    71
    82
    70
    72
    71
    80
   111
   101
   102
    81
    72
    80
    83
    80
    61
    80
    81
   101
    71
    71
    72
    81
    81
    90
   121
    71
    72
    82
    81
    72
    70
   101
    71
   101
   100
   102
    82
    70
    71
    80
    71
    71
    91
    70
    81
    61
    80
    83
    71
    70
    71
    81
    72
    71
   101
    92
    71
    71
    80
    91
    92
    70
   112
    73
    70
    81
    72
    81
    71
    71
   101
    81
    60
    81
    70
    91
    71
    82
    71
    80
    71
    71
    71
    80
    71
    73
    71
    70
    71
    71
    70
    71
    81
    71
    72
    70
    74
    73
    82
    70
    71
    63
    70
    81
    71
    72
    70
    81
    70
   111
    82
    71
    82
    70
    81
    71
    72
    71
    91
    72
    72
    71
    91
    81
    71
    90
    81
    71
    81
    71
    70
    71
    90
    92
   101
    71
    72
    70
    91
    71
    72
    72
    71
    71
    73
    80
    71
    80
    71
    82
    60
    81
    74
    70
    71
    71
    70
    70
    71
    81
    61
    71
    81
    70
    71
    70
    71
    71
    82
    91
    71
    70
    71
   101
    91
    71
    80
    71
    72
    81
    71
    71
    81
    71
    81
    81
    81
    71
    92
    71
    70
    62
    71
    71
    81
    80
    92
    90
   101
    71
    81
    70
    71
    93
    90
    71
    70
    71
    71
    81
    90
    73
    71
    82
   111
   101
    81
    71
    91
    92
    70
    71
    71
    81
    91
    70
    91
    81
    72
    70
    71
    91
    70
    82
    71
    82
    60
    81
    71
    80
    73
    71
    92
    80
    81
    61
    92
    70
    71
    82
    70
    71
    70
   102
    91
   111
    70
    62
    72
    71
    72
    70
    91
    70
    71
    80
    71
    81
    71
    71
    61
    71
    70
    81
    81
    71
    70
    71
    80
    71
    71
    71
    70
    71
    71
    71
    80
    71
    71
    70
    82
    91
    70
    83
    71
    71
    71
    71
    71
    81
    72
    61
    80
    71
    70
    72
    70
    71
    81
    70
    81
    71
    70
    72
    72
    80
    71
    81
    71
    82
    72
    70
    71
    81
    92
    81
    80
    73
    91
    90
    71
    70
    81
    91
   111
    80
    82
    80
    81
    71
    81
    80
    71
    81
    71
    81
    73
    81
    70
    72
    70
    71
    71
    71
    72
    80
    72
    80
    71
    81
    71
    61
    81
    80
    91
    71
    71
    70
    71
    81
    70
    92
    80
    72
    71
    91
    81
   121
    91
    71
   111
    80
    81
    71
   121
    90
    81
    72
    71
    70
    81
    71
    81
    81
    81
    71
    91
    91
    70
    71
    81
    71
    71
    72
    72
    74
    70
    91
    81
    91
    91
    70
    92
   111
    80
    71
   101
    72
    70
    71
    71
    71
    71
    71
    72
    70
    71
    63
    80
    72
    70
    72
    80
    71
    71
    70
    71
    72
    71
    72
    73
    71
    71
    72
    72
    71
    70
    81
    60
    72
    71
    71
    81
    70
    85
    82
    70
    81
    82
    80
    71
    72
    81
    83
    70
    71
   101
    70
    81
    81
    71
    71
    90
    72
    80
    71
    92
    81
    82
    70
    81
    71
    73
    80
    81
    70
    71
    81
    80
    81
    91
    82
    81
   103
    90
    81
    81
    90
   101
    81
    71
    72
    71
    71
    81
    81
    80
    81
    71
    73
    72
    71
    81
    71
    71
    71
    70
    72
    80
    81
    81
    71
    71
    83
    80
    73
    70
    81
    71
    70
    71
    81
    71
    70
    71
    61
    70
    81
    71
    70
    72
    71
    71
    70
    71
    71
    70
    81
    71
    71
   101
    81
   113
    91
    70
    91
    91
    72
    80
    71
    70
    83
    70
    81
    80
    71
    62
    80
   103
    71
    71
    71
    71
    71
    81
    62
    72
    70
    71
    71
    71
    71
    71
    81
    62
    71
    71
    80
    71
    71
    71
    80
    71
    71
    71
    61
    50
    41
    40
    40
    40
    41
    40
    40
    40
    42
    40
    51
   101
    91
   102
   101
    96
    84
   103
   106
   100
   100
    96
   164
   131
   135
   132
    88
    87
    92
   137
    84
   133
   141
   142
   157
   170
   160
   145
   171
   161
   166
   154
   170
   155
   164
   150
   151
   155
   158
   153
   154
   154
   151
   136
   152
   133
   148
   169
   145
   151
   154
   166
   148
   160
   156
   164
   160
   162
   151
   162
   157
   154
   153
   156
   161
   153
   155
   145
   153
   134
   149
   137
   150
   157
   123
   125
   142
   124
   125
   131
    73
   118
   133
   125
   131
   144
    70
   167
   158
   157
   158
   155
   129
   114
   112
   101
   116
   109
   128
   100
   107
   105
    97
   121
   111
    92
   110
   115
   116
   115
   110
   105
   101
    61
    95
    92
    95
    60
   103
    60
   115
   149
   172
   148
   146
   147
   129
   135
   135
   136
   134
    71
   125
   124
   120
   131
   125
   123
   124
   118
   122
   122
   119
   121
   120
   122
   113
   105
   116
   126
   125
   103
    71
   124
   123
   105
   114
   104
    70
    81
   102
   126
   114
   131
   119
   121
   117
   116
   126
   114
   124
   114
   131
   116
   111
   124
   103
   128
   122
   122
   119
   103
   102
   114
   102
   110
    94
   106
   112
    96
   107
    93
    94
    93
   103
   100
    93
    82
    92
    82
    84
   103
    91
    94
    72
    51
    52
    83
    42
    72
    93
    80
   102
    71
    80
    82
    82
    90
    61
    91
    72
    83
    91
    91
    91
    82
   102
   112
   112
   116
   112
   118
    63
   102
    93
   104
   105
   104
   102
    92
   111
   114
   111
    93
   117
    96
   111
   112
   112
   101
   104
   105
   104
   116
   112
    97
   102
    92
    96
   102
    93
    96
    92
    95
   102
   111
   103
   103
   113
   113
   104
   115
    93
    91
    93
    94
    96
    71
    82
    60
    71
    91
    82
    81
    91
    81
    91
    91
   105
   103
    98
   102
   101
   103
    81
    92
    93
    84
    92
   111
    84
    81
    83
    82
    81
    82
    83
    91
    71
    51
    51
    82
    51
    80
    81
    92
    83
    82
    40
    53
    82
    84
    90
    71
    84
    91
    92
    91
    90
    91
    91
   101
   102
    90
   104
   103
   100
   107
   101
    94
   119
   102
   112
   112
   113
   104
   115
   104
   107
   112
   110
   107
   113
   117
   112
   101
   102
   117
    96
   111
   112
   107
   118
   103
   111
   114
   102
   103
   114
   121
   103
   105
   103
   117
   103
   104
   102
    91
   105
   100
    93
   104
   105
    92
    91
    82
    92
   102
    92
    80
    92
    85
    81
    82
    91
    71
    91
    81
    92
    80
    81
    81
    81
    91
    72
    91
    80
    83
    91
    81
    81
    80
    93
    91
    81
    82
    91
    80
    81
    81
    82
    92
    81
    81
    92
    81
    80
    84
    81
    82
    81
    91
    91
    80
    81
    91
    81
    82
   103
    81
    92
    94
    91
    90
    81
    91
    92
    90
    82
    92
    82
    91
    94
    93
    90
    82
    91
    82
    94
    92
    82
    91
    91
    94
    92
    91
    85
    92
   100
    91
    81
   101
    83
    92
    92
   101
    91
    81
    90
   101
    81
    88
   101
    81
    84
    90
    92
    82
    94
    91
    90
   101
   101
   105
   112
   113
   113
   101
   115
   113
   112
   104
   114
   112
   101
   114
   107
   114
   111
   114
   112
   113
   112
   117
   111
   121
   111
   104
   116
   115
   121
   111
   122
   108
   122
   114
   124
   122
   115
   123
   123
   114
   121
   128
   122
   133
   146
   132
   131
   142
   134
   135
   133
   137
   132
   141
   127
   134
   143
   126
   124
   127
   125
   109
   121
   118
   116
   127
   123
   102
   116
   107
   121
   109
   118
   112
   127
   120
   103
   122
   118
   134
    99
   127
    65
   106
   102
   105
   111
   111
   115
   112
   112
   127
   118
    62
    82
    71
   120
    62
   113
    79
    80
   126
   123
   114
   109
    76
   154
   133
    88
   128
   144
   150
   144
   122
   148
   139
   135
   121
   130
   134
   152
   149
   143
   142
   138
   132
    89
    81
   152
   153
   145
   163
   153
   154
   142
   149
    78
    81
   132
   137
    80
   130
   150
   165
    90
   180
   188
    83
   176
   178
   176
   170
   173
   170
   164
   165
   168
   160
   150
   180
   153
   161
   170
   148
   152
   160
   156
   166
   154
   165
   142
   170
   149
   144
   182
   148
   162
   159
   166
   154
   156
   157
   152
   150
   155
   156
   161
   150
   154
   151
   155
   152
   160
   137
   151
   146
   151
   159
   157
   138
   146
   152
   145
   144
   137
   142
   151
   147
   141
   143
   148
   135
   125
   131
   128
   114
   133
   122
   116
   116
   110
   113
   107
   102
   121
   117
   127
   123
   103
   122
    96
   108
   107
    96
   124
   114
    96
   109
    95
   102
   121
    92
   115
   104
   102
   114
   111
   103
   111
   112
   107
   113
   112
   102
   102
   111
   102
   111
   113
   103
   114
   104
   111
   114
   112
   103
    93
   101
   103
   102
    91
    72
    57
    94
   113
    93
    60
    92
   121
    88
   103
   104
    92
   116
   103
   100
   103
    93
   124
   105
   124
    92
   104
   106
   121
   104
    71
   103
   113
   107
   118
   112
   122
   112
   115
    95
   103
   102
   118
   112
   102
    91
   101
   103
   105
    83
    91
    91
    84
    93
    91
    94
    92
    85
    96
    90
    83
    60
    94
   100
    92
    96
   102
    93
    87
    91
    91
   100
    95
   103
   111
   101
   112
   101
    95
   103
   101
   105
   112
   102
   104
   105
   113
   104
   106
   104
   105
   101
   104
   103
   105
   102
   111
    93
   113
   103
    92
   103
   111
   102
   101
   111
   108
   101
   106
   103
   111
   103
   101
   104
   105
   102
   101
   100
   102
   106
   111
   113
   102
   113
   114
   113
   111
   116
   122
   122
   114
   122
   115
   121
   125
   116
   132
   117
   105
   133
   116
   126
   126
   120
   125
   109
   128
   115
   114
   121
   106
   117
   113
   107
   103
   105
   112
    93
   102
    93
    93
   103
   103
   101
    92
    91
   101
   103
    93
   113
   101
   104
   101
   100
   105
    94
   101
    94
    91
   101
    92
    92
   100
    90
    93
    82
    91
    84
    81
    73
    81
    91
    81
    82
    92
    92
    82
    81
    81
    71
    80
    72
    92
    70
    81
    71
    80
    81
    82
    80
    62
    60
    72
    80
    61
    71
    60
    71
    61
    60
    61
    61
    70
    60
    51
    60
    41
    50
    70
    81
    71
    71
    70
    61
    40
    30
    61
    60
    40
    41
    40
    71
    81
    60
    51
    81
    80
    71
    90
    81
    71
    70
    71
    81
    70
    72
    81
    70
    81
    71
    80
    71
    72
    80
    71
    81
    82
    81
    72
    71
    71
    81
    80
    71
    81
    70
    72
    81
    72
    71
    92
    71
    81
    81
    71
    70
    81
    80
    81
    80
    71
    71
    80
    81
    80
    81
    71
    82
    72
    80
    81
    70
    72
    81
    80
    81
    81
    71
    81
    70
    51
    71
    82
    70
    81
    80
    81
    80
    93
    80
    81
    80
    72
    72
    71
    91
    70
    71
    80
    82
    71
    80
    72
    80
    81
    70
    71
    81
    81
    71
    71
    81
    72
    60
    71
    41
    71
    70
    82
    71
    71
    81
    71
    71
    82
    70
    81
    80
    71
    70
    71
    71
    80
    81
    71
    80
    71
    70
    71
    80
    71
    73
    71
    80
    81
    70
    81
    80
    71
    72
    70
    81
    81
    70
    71
    70
    81
    70
    72
    80
    72
    91
    81
    70
    81
    70
    81
    80
    81
    71
    70
    71
    80
    81
    70
    81
    80
    71
    80
    71
    80
    81
    72
    81
    72
    71
    81
    72
    80
    81
    81
    70
    71
    81
    80
    81
    70
    81
    71
    80
    71
    71
    81
    81
    71
    70
    82
    71
    81
    81
    70
    72
    81
    70
    91
    71
    70
    81
    71
    70
    71
    72
    81
    81
    80
    71
    81
    81
    71
    71
    71
    82
    81
    70
    41
    60
    71
    71
    61
    61
    81
    71
    72
    81
    60
    80
    72
    81
    71
    81
    81
    81
    71
    71
    80
    71
    81
    74
    72
    81
    71
    83
    61
    71
    81
    70
    81
    82
    71
    82
    71
    71
    81
    71
    71
    81
    71
    71
    82
    71
    72
    92
    71
    81
    81
    81
    70
    72
    81
    71
    72
    81
    71
    81
    70
    81
    71
    80
    72
    82
    80
    82
    70
    70
    81
    81
    82
    80
    81
    60
    41
    40
    71
    81
    81
    71
    40
    60
    81
    61
    61
    61
    80
    71
    80
    72
    60
    80
    72
    80
    71
    81
    81
    81
    70
    81
    81
    84
    71
    71
    81
    81
    80
    72
    75
    81
    71
    82
    80
    71
    80
    81
    80
    71
    80
    81
    81
    82
    81
    80
    71
    81
    80
    72
    81
    80
    71
    70
    91
    70
    82
    82
    81
    81
    71
    81
    81
    70
    81
    40
    81
    72
    81
    71
    40
    40
    50
    81
    81
    71
    81
    81
    81
    70
    81
    80
    81
    80
    81
    80
    71
    80
    81
    71
    70
    91
    70
    71
    82
    70
    81
    82
    80
    71
    82
    71
    80
    71
    80
    71
    81
    81
    71
    71
    80
    71
    81
    70
    71
    70
    71
    81
    81
    81
    70
    82
    40
    61
    42
    60
    61
    41
    30
    30
    30
    71
    70
    61
    30
    40
    41
    30
    30
    41
    50
    71
    81
    40
    41
    31
    40
    51
    81
    60
    41
    45
    40
    63
    81
    70
    73
    71
    80
    61
    71
    71
    70
    51
    71
    71
    91
    81
    81
    82
    91
    91
   102
    61
    54
    61
    60
    92
   101
    91
    61
    62
   155
   143
   151
   155
   147
   162
   148
   153
   149
   142
   140
   114
   102
    84
    71
    51
    40
    40
    92
    90
    61
    83
    81
    41
    51
    50
    50
    41
    51
    85
    50
    40
    52
    51
    50
    86
    91
    93
    91
    72
    61
    85
    81
    93
    93
    41
    82
    93
    91
   100
    85
   101
    93
    90
    93
   101
    93
    93
    91
   101
   104
    81
   101
    92
   102

LinuxAos (rev.4947)

Trap   11 (Segmentation violation)
SP = 00000000H, FP = 00000000H, PC = F7430F64H


LinuxAos (rev.4947)

==== recursive Trap  11 (Segmentation violation)


----------------------------------------------------
