Kernel: Initialized and started.
X11 Display depth = 24
Default font installedOpenType 0.45 BBPort /3.12.2004  eos, pl
WindowManager: 24-bit color
WindowManager: Display resolution: 1440x878x24
DisplayRefresher installed.
Autostart: executing FSTools.Mount Work RelativeFileSystem ./
Work: mounted
Autostart: executing FileTrapWriter.Install
Autostart: executing WMTrapWriter.Install
{P cpuid= 0, pid= 31 Events: System event log started.}
WMMacros: Macro file Macros.XML loaded.
Autostart: executing UpTime.Install
Uptime monitor started.
Autostart: executing StartMenu.Open
Autostart: executing SkinEngine.Load xenoxolotl.skin
SkinEngine : Loading xenoxolotl.skin...ok
Autostart: executing WMRestorable.Load Auto.dsk
{P cpuid= 0, pid= 67 Starting logger}
WMRestorable: Loading desktop from Auto.dsk...
Autostart: executing WMNavigate.Open -vs 1 0 0 Navigation:TaskList
SyntaxHighlighter: Auto-loading SyntaxHighlighter.XML ... done.
	ReleaseTree@0	error: HEADER section expected
ArrayBase: setting runtime library (semi-optimized) default methods.
ArrayBaseOptimized: installing runtime library optimizations:ASM SSE SSE2 SSE3  done.
libGL.so loaded.
libGLU.so loaded.
libXxf86vm.so loaded.
*EEEEP!JPEG: Progressive Huffmann not supported
20)
JPEG: Progressive Huffmann not supported
20)
JPEG: Progressive Huffmann not supported
20)
JPEG: Progressive Huffmann not supported
20)
JPEG: Progressive Huffmann not supported
20)
JPEG: Progressive Huffmann not supported
20)
EEEEP!*EEEEP!JPEG: Progressive Huffmann not supported
20)
JPEG: Progressive Huffmann not supported
20)
JPEG: Progressive Huffmann not supported
20)
JPEG: Progressive Huffmann not supported
20)
JPEG: Progressive Huffmann not supported
20)
JPEG: Progressive Huffmann not supported
20)
EEEEP!    91
    75
    83
    82
    76
    80
    84
    81
    72
    85
    80
    81
    80
    91
    77
    82
    75
    80
    74
    81
    80
    74
    81
    80
    74
   101
    84
    91
    82
    91
    81
    77
    80
    73
    90
    75
    85
    72
    74
    81
    82
    82
    71
    82
    83
    72
    86
    80
    82
    80
    82
    80
    76
    84
    75
    81
    82
    84
    83
    84
    75
    81
    80
    81
   103
    81
    75
    80
    83
    82
    81
    84
    83
    75
    85
    75
    75
    81
    79
    80
    83
    80
    81
    81
    80
    81
    80
    81
    82
    80
    75
    90
   104
    85
    86
    77
    82
    71
    97
    83
    80
    90
    81
    78
    81
    80
    83
    70
    83
    81
    83
    76
    90
    81
    83
    76
    80
    81
    77
    94
   100
    94
    92
    92
    80
    92
    91
    84
    95
    90
    93
    80
    94
    86
    76
    74
    84
    92
    81
    71
    91
    75
   111
    94
    80
    87
    78
    80
    95
    72
    83
    91
    76
    80
    76
    88
    74
    91
    94
    84
    77
    91
    86
    82
    82
    71
    82
    81
    80
    82
    82
    75
    85
    77
    81
    81
    70
    81
    81
    77
    81
    71
    85
    81
    82
   100
    87
    84
    81
    77
    81
    83
    81
    80
    91
    83
    72
    85
    71
    86
    80
    81
    76
    81
    71
    93
    71
    80
    84
    71
    80
    84
    81
    84
    77
    81
    82
    75
    85
    81
    72
    86
    81
    79
    75
    81
    81
    82
    81
    74
    90
    71
    71
    80
    81
    81
    81
    71
    83
    81
    80
    81
    90
    86
    93
    81
    90
    81
    71
    92
   102
    83
    84
    73
    70
    74
    70
    81
    80
    80
    91
    91
    83
    75
    82
    79
    75
    82
    83
    74
    83
    83
    81
    76
    78
    82
    83
    74
    81
    92
    93
    80
    83
    90
    86
    81
    81
    75
    86
    77
    73
    81
    86
    76
    90
    84
    83
    81
    81
    82
    82
    81
    71
    84
    82
    82
    73
    81
    81
    83
    81
    75
    81
    90
    77
    87
    76
    74
    80
    81
    75
    81
    81
    70
    84
    84
    74
    80
    73
    83
    83
    81
    80
    82
    83
    80
    78
    70
    84
    80
    71
    85
    76
    75
    75
    84
    95
    73
    84
    80
    90
    83
    91
    83
    88
    75
    83
    75
    81
    80
    83
    81
    80
    82
    83
    80
    81
    83
    73
    83
    74
    81
    74
    85
    83
    74
    81
    74
    80
    83
    80
    81
    81
    82
    74
    83
    80
    83
    73
    81
    83
    80
    83
    74
    83
    77
    85
    77
    81
    81
    80
    76
    80
    81
    80
    81
    81
    80
    81
    70
    95
    75
    83
    70
    91
    80
    81
    83
    91
    85
    76
    84
    85
    81
    75
    81
    80
    81
    80
    82
    78
    81
    78
    83
    74
    76
    80
    74
    86
    84
    85
    82
    72
    81
    81
    80
    81
    70
    81
    83
    81
    70
    84
    74
    73
    82
    80
    83
    74
    84
    72
    81
    80
    81
    80
    72
    91
    70
    84
    77
    84
    72
    80
    85
    83
    81
    82
    80
    83
    80
    81
    81
    82
    75
    81
    80
    81
    81
    81
    74
    81
    85
    75
    81
    80
    83
    81
    85
   102
    81
    82
    95
    81
    83
    81
    85
    74
    87
    91
    81
    81
    89
    80
    82
    71
    91
    74
    81
    75
    82
    84
    82
    71
    81
    80
    82
    84
    93
    80
    71
    83
    80
    86
    81
    80
    71
    80
    84
    73
    83
    81
    80
    81
    82
    75
   102
    91
   102
    81
    90
    81
    83
    81
    87
    83
    82
    80
    96
    95
    90
    81
    92
    96
    96
   113
    85
    80
    81
    74
    81
    94
    82
    85
    75
    94
    74
   104
    80
    85
   103
    83
    71
    90
    72
    80
    81
    81
    81
    80
    81
    81
    82
    84
    83
    96
    86
    81
    81
    87
    82
    74
    82
    91
    80
    81
    91
    91
    90
    77
    81
    82
    78
    81
    70
    91
    81
    71
    81
    81
    93
    81
    96
    95
    71
    81
    83
    82
    74
    80
    81
    81
    84
    82
    80
    81
    81
    85
    81
    81
    95
    84
    76
    81
    83
    86
    84
    74
    82
    91
    80
    91
    80
    76
    80
    81
    91
    83
    91
    77
    81
    81
    81
    84
    84
    77
    91
    80
    76
    81
    84
    81
    81
    82
    85
    82
    82
    71
    81
    83
    80
    86
    81
    80
    81
    90
    79
    70
    81
    80
    81
    81
    80
    81
    80
    81
    78
    81
    84
    91
    81
    81
    82
    81
    81
    83
    91
    82
    80
    82
    94
    92
    91
    80
    96
    94
    97
    86
    91
    74
    92
    80
    83
    77
    80
    83
    79
    81
    71
    80
    74
    83
    84
    72
    75
    85
    82
    85
    78
    82
    72
    82
    83
    82
    81
    82
    85
    80
    86
    74
    72
    83
    80
    81
    74
    77
    83
    70
    85
    80
    84
    77
    75
    84
    77
    71
    82
    74
    80
    91
    73
    80
    81
    85
    80
    81
    74
    81
    82
    79
    78
    77
    80
    87
    74
    81
    80
    80
    81
    81
    81
    85
    82
    74
    86
    74
    81
    85
    81
    80
    81
    81
    91
    75
    80
    82
    83
    75
    74
    71
    90
    76
    83
    73
    72
    85
    70
    84
    80
    81
    81
    86
    70
    77
    81
    72
    84
    83
    75
    81
    84
    82
    76
    82
    80
    81
    73
    80
    72
    82
    82
    81
    71
    84
    80
    83
    76
    82
    82
    76
    83
    82
    93
    75
    83
    70
    85
    80
    82
    85
    81
    80
    81
    80
    87
    72
    80
    81
    91
    73
    77
    81
    83
    91
    80
    72
    84
    80
    81
    79
    80
    85
    77
    84
    84
    80
    83
    74
    78
    85
    75
    81
    80
    86
    71
    85
   105
    81
    82
    93
   101
    92
    84
    81
    91
    93
    91
    91
    74
    81
    83
    76
    74
    81
    81
    92
    82
    85
    83
    82
    76
    81
    83
    77
    81
    80
    81
    80
    95
    80
    81
    75
    86
    81
    82
    81
    79
    91
    81
    80
    82
    83
    84
    79
    78
    82
    89
    77
    82
    93
    85
    85
    77
    84
    93
    83
    91
    81
    91
    77
    88
    85
    81
    81
    85
    81
    78
    81
    81
    87
    82
    75
    80
    81
    73
    91
    74
    81
    80
    81
    78
    81
    81
    93
    91
    81
    85
    82
    79
    89
    81
    82
    73
    81
    83
    82
    81
    80
    84
    81
    83
    91
    87
    82
    81
    80
    73
    80
    90
    86
    81
    88
    81
    82
    73
    80
    81
    83
    80
    84
    75
    80
    81
    91
    78
    81
    75
    90
    86
    74
    82
    81
    84
    88
    80
    85
    82
    81
    80
    81
    82
    78
    85
    81
    81
    95
    82
    76
    84
    82
    84
    74
    80
    91
    81
    81
    80
    82
    88
    85
    81
    74
    82
    85
    71
    81
    81
    82
    92
    77
    81
    77
    82
    81
    88
    81
    73
    86
    71
    79
    81
    81
    76
    72
    91
    76
    83
    84
    80
    83
    82
    81
    81
    91
    76
    81
    80
    81
    80
    85
    81
    81
    78
    82
    83
    70
    86
    83
    88
    82
    71
    85
    83
    80
    76
    82
    81
    81
    86
    76
    80
    88
    77
    80
    81
    82
    80
    74
    80
    81
    85
    81
    80
    75
    83
    82
    81
   110
    84
    83
    81
    70
    92
    71
    80
    81
    72
    82
    75
    81
    83
    81
    81
    72
    83
    82
    82
    80
    82
    73
    80
    81
    83
    80
    80
    82
    73
    87
    86
    84
    80
    78
    75
    81
    88
    72
    81
    91
    81
    80
    79
    81
    82
    76
    81
    80
    91
    73
    85
    84
    85
    81
    80
    85
    85
    81
    78
    80
    82
    81
    84
    86
    78
    82
    81
    90
    72
    81
    80
    81
    91
    82
    85
    75
    86
    81
    80
    81
    82
    79
    81
    80
    82
    77
    80
    93
    71
    83
    81
    81
    80
    83
    85
    83
    82
    81
    80
    84
    76
    83
    82
    84
    75
    81
    84
    70
    80
    87
    81
    76
    83
    76
    84
    79
    81
    80
    78
    80
    81
    91
    76
    77
    80
    81
    83
    82
    83
    82
    91
    80
    81
    78
    79
    83
    85
    81
    80
    86
    82
    74
    87
    75
    82
    81
    75
    83
    83
    81
    74
    82
    81
    74
    86
    77
    80
   102
    74
    80
    82
    80
    81
    81
    80
    91
    75
    80
    82
    83
    84
    79
    88
    80
    73
    81
    84
    81
    84
    91
    85
    82
    73
    81
    82
    81
    75
    86
    81
    83
    80
    91
    80
    81
    82
    77
    85
    81
    81
    81
    84
    80
    81
    81
    79
    80
    81
    82
    81
    71
    83
    80
    78
    90
    81
    81
    84
    93
    70
    80
    81
    83
    84
    86
    83
    86
    81
    80
    91
    82
    81
    80
    75
    91
    83
    83
    87
    86
    80
    86
    84
    82
    82
    75
    81
    84
    90
    82
    78
    80
    82
    84
    91
    70
    91
    81
    81
    84
    73
    96
    81
    70
    89
    81
    75
    83
    81
    81
    81
    81
    80
    81
    90
    91
    72
    83
    80
    88
    82
    86
    72
    82
    86
    84
    80
    78
    82
    81
    82
    74
    90
    81
    76
    85
    80
    75
    81
    81
    82
    91
    90
    83
    82
    80
    84
    81
    74
    95
    83
    82
    90
    82
    80
    81
    81
    80
    82
    82
    81
    80
    80
    98
    80
    81
    85
    81
    80
    86
    83
    71
    85
    83
    85
    80
    81
    90
    81
    80
    91
    81
    92
    76
    82
    83
    90
    77
    82
    80
    92
    82
    79
    74
    91
    79
    82
    88
    82
    80
    83
    81
    85
    81
    82
    82
    82
    81
    90
    82
    82
    82
    91
    78
    82
    81
    80
    81
    80
    83
    80
    79
    85
    81
    84
    75
    80
    85
    80
    81
    84
    95
    83
    76
    92
    74
    94
    77
    81
    90
    82
    78
    81
    91
    82
    74
    84
    84
    81
    81
    80
    82
    82
    81
    84
    82
    81
    82
    83
    75
    81
    83
    81
    85
    81
    85
    80
    81
    81
    82
    89
    81
    90
    83
    80
    81
    80
    91
    82
    83
    77
    81
    81
    83
    87
    79
    91
    80
    75
    82
    83
    90
    85
    82
    83
    83
    86
    80
    82
    87
    82
    84
    74
    84
    83
    81
    83
    90
    78
    83
    74
    82
    84
    80
    92
    86
    83
    86
    81
    76
    81
    93
    72
    84
    95
    83
    75
    83
    82
    85
    76
    82
    80
    81
    81
    93
    84
    81
    82
    81
    83
    90
    83
    91
    80
    91
    91
    76
    83
    81
    84
    82
    83
    84
    92
    80
    82
    81
    82
    80
    82
    86
    75
    80
    92
    77
    81
    81
    80
    87
    90
    80
    85
    81
    88
    78
    92
    73
    83
    76
    81
    82
    81
    80
    81
    83
    84
    87
    81
    90
    81
    78
    85
    90
    91
    74
    90
    81
    80
    87
    80
   102
    83
    80
    85
    81
    76
    85
    84
    70
    92
    83
    80
    76
    94
    80
    91
    80
    77
    95
    70
    83
    81
    80
    91
    78
    90
    82
    82
    80
    81
    80
    91
    81
    82
    82
    82
    91
    77
    82
    81
    84
    83
    91
    81
    82
    81
    82
    82
    90
    80
    79
    80
    81
    79
    81
    90
    90
    81
    81
    91
    71
    95
    76
    82
    92
    71
    81
    72
    85
    81
    84
    80
    81
    94
    85
    81
    80
    81
    81
    82
    93
    80
    81
    83
    89
    81
    83
    82
    78
    85
    84
    91
    80
    75
    84
    78
    80
    86
    83
    81
    92
    80
    80
    86
    71
    83
    81
    88
    75
    82
    81
    85
    77
    80
    93
    75
    86
    80
    90
    74
    90
    81
    90
    84
    81
    73
    86
    82
    82
    82
    81
    80
    89
    75
    85
    82
    81
    85
    80
    91
    84
    91
    84
    76
    85
    80
    84
    80
    89
    75
    85
    85
    81
    83
    74
    87
    76
    92
    76
    82
    88
    82
    82
    84
    84
    79
    77
    81
    91
    80
    76
    92
    79
    80
    81
    91
    80
    88
    80
    81
    81
    78
    81
    80
    82
    92
    83
    81
    82
    79
    82
    93
    78
    86
    83
    81
    74
    86
    80
    86
    72
    91
    78
    81
    91
    84
    91
    84
    82
    91
    72
    84
    86
    81
    84
    73
    82
    81
    81
    82
    77
    84
    90
    80
    88
    82
    78
    82
    80
    93
    75
    86
    81
    81
    83
    80
    83
    81
    84
    82
    74
    86
    82
    76
    81
    75
    92
    91
    81
    80
    82
    80
    88
    81
    84
    85
    91
    83
    80
    82
    80
    82
    80
    82
    84
    80
    85
    81
    81
    80
    82
    93
    81
    80
    77
    79
    75
    82
    77
    81
    80
    80
    91
    77
    80
    81
    80
    92
    85
    81
    85
    73
    84
    81
    85
    82
    92
    80
    91
    77
    88
    82
    81
    81
    89
    81
    77
    83
    84
    86
    76
    81
    83
    93
    75
    81
    80
    82
    93
    81
    90
    81
    83
    83
    76
    91
    83
    93
    91
    82
    86
    85
    88
    83
    86
    90
    81
    79
    71
    91
    81
    85
    85
    87
    80
    92
    74
    85
    80
    84
    86
    82
    87
    80
    91
    86
    81
    81
    91
   160
   156
   145
    51
    60
    61
    40
    40
    82
    82
    60
    51
    40
    60
    72
    40
    42
    52
    70
    71
    80
    72
    51
    72
    82
    71
    92
   103
   101
    92
    87
   111
    64
    72
    70
    64
    95
    95
    84
    61
    70
   131
   133
   118
   133
   142
   131
   134
   133
   144
   143
   131
   130
   135
   135
   119
    90
   112
    95
   135
   279
   275
   124
    70
   128
   111
   113
   121
   123
   132
   121
   112
   115
   113
   125
   119
   111
   114
   121
   116
   115
   106
   112
   103
   105
   102
   116
   101
   113
   101
   117
   101
   113
   112
   103
   103
   121
   101
   101
   113
   101
   112
   102
   114
   113
   105
   103
   115
   111
   102
   109
   110
   104
   103
   101
   111
   112
   107
   111
   105
   113
   113
   102
   112
   105
    94
   113
   107
   116
    96
   113
   114
   100
   106
   103
   111
   105
   113
   103
   114
   105
   103
   115
   112
   104
   113
   106
   112
   112
   111
   104
   106
   114
   105
   102
   114
   102
   105
   114
   111
   104
   101
   101
   111
   116
   103
   113
   104
   104
   106
   101
   112
   103
   122
   101
   103
   116
   102
   111
   113
   103
   112
    99
    92
    95
   100
   101
   102
    92
   104
   101
   103
   100
   103
   102
   103
   104
    92
    95
    92
    91
    94
    90
   102
    91
   102
    90
    93
    92
    92
    92
    94
    91
    81
    92
    83
    81
    91
    82
    81
    81
    72
    81
    91
    70
    81
    82
    81
    81
    71
    81
    70
    81
    70
    71
    80
    72
    81
    61
    71
    81
    70
    71
    70
    81
    71
    71
    72
    70
    72
    61
    61
    61
    40
    30
    41
    60
    61
    60
    71
    71
    81
    50
    41
    30
    41
    50
    51
    80
    61
    71
    71
    71
    70
    71
    71
    81
    71
    70
    71
    70
    60
    61
    31
    30
    30
    41
    40
    61
    71
    71
    40
    41
    40
    40
    40
    41
    40
    40
    41
    40
    40
    82
    71
    61
    40
    40
    41
    40
    61
    71
    70
    71
    71
    71
    60
    61
    80
    61
    40
    62
    51
    70
    61
    61
    60
    71
    40
    71
    61
    71
    80
    71
    71
    71
    81
    71
    71
    70
    61
    70
    71
    70
    71
    81
    70
    71
    80
    61
    81
    70
    71
    70
    71
    70
    82
    70
    72
    71
    80
    71
    71
    71
    71
    71
    71
    71
    80
    71
    80
    70
    82
    71
    71
    71
    72
    71
    70
    71
    70
    72
    70
    71
    90
    71
    71
    80
    71
    60
    61
    60
    61
    40
    40
    41
    60
    41
    40
    40
    31
    51
    60
    42
    40
    41
    40
    81
    81
    71
    81
    30
    41
    40
    50
    41
    43
    81
    70
    71
    80
    71
    81
    70
    80
    81
    71
    71
    81
    71
    71
    81
    80
    71
    81
    40
    40
    61
    60
    41
    31
    61
    72
    80
    62
    40
    41
    30
    30
    70
    71
    61
    61
    80
    71
    81
    70
    72
    80
    71
    72
    61
    74
    81
    71
    72
    81
    71
    71
    71
    72
    71
    61
    61
    50
    82
    71
    80
    81
    80
    81
    81
    82
    92
   101
    72
    80
    82
    70
    72
    71
    70
    61
    60
    84
    61
    60
    41
    40
    40
    41
    61
    61
    50
    41
    61
    41
    40
    40
    71
    71
    71
    50
    41
    50
    71
    60
    61
    61
    40
    50
    31
    30
    30
    31
    30
    30
    40
    40
    41
    30
    41
    40
    41
    40
    41
    40
    41
    50
    41
    40
    71
    72
    40
    41
    41
    91
    82
    80
    71
    40
    42
    40
    40
    41
    40
    41
    40
    41
    40
    40
    40
    51
    41
    40
    40
    83
    91
    71
    75
    41
    80
    82
    81
    92
    75
    40
    41
    41
    40
    40
    41
    40
    41
    41
    41
    40
    51
    30
    31
    71
    82
    70
    81
    61
    80
    61
    42
    71
    61
    40
    50
    81
    40
    62
    72
    50
    41
    60
    60
    61
    61
    81
    71
    70
    40
    51
    60
    71
    73
    51
    81
    80
    81
    81
    71
    61
    40
    51
    60
    92
    71
    70
    41
    73
    41
    71
    40
    40
    71
    72
    40
    71
    50
    71
    71
    40
    71
    41
    71
    70
    71
    61
    40
    71
    81
    81
    81
    82
    61
    41
    71
    82
    31
    80
    93
    81
    50
    50
    62
    71
    71
    72
    81
    52
    40
    72
    72
    40
    71
    80
    80
    82
    72
    91
    81
    81
    71
    82
    82
    81
    81
    70
    61
    82
    90
    81
    81
    80
    74
    90
    81
    81
    81
    72
    91
    82
    71
    73
    73
    63
    40
    70
    51
    41
    50
    41
    52
    81
   101
    40
    73
    81
    50
    51
    40
    51
    50
    83
    50
    52
    60
    41
    93
    90
    91
    50
    51
    41
    80
    86
    81
    84
    87
    54
    97
   112
    93
   112
   111
   101
   106
   102
    95
    80
    73
   102
    85
    91
    81
   101
    91
    93
    88
   102
   105
   116
   110
   111
   114
   101
   114
   113
   103
   101
    96
   119
   105
    85
   112
    88
   100
   104
   111
   115
   117
   104
   111
   112
   112
    92
    90
    91
    81
   102
   103
   100
    52
    81
   101
    91
   102
   106
    93
   101
   102
    91
   112
    92
   102
   101
   101
   102
   101
    98
   103
   104
   102
   102
   111
    93
   101
   102
    81
    50
    93
    60
    61
   137
   107
   111
   123
    61
   111
   124
   138
   133
   127
   132
   149
   161
    63
   112
   133
   126
    72
   111
   113
   123
   114
   121
   111
   125
   138
   134
   142
   134
   135
   136
   132
   132
   135
   130
   117
    71
    63
    40
    41
    50
    81
    61
    62
    40
    42
    40
    50
    41
    73
    50
    42
    40
    73
    50
    50
    46
    54
   113
    91
    51
    60
    55
    51
   114
   131
   133
   128
   121
   123
   124
   142
   126
   128
   123
   128
   134
   134
   133
   121
   135
   114
    55
   115
   104
    92
   100
    81
    90
   101
   101
   101
   101
    92
    98
   102
   111
   102
   102
    93
   101
   104
    91
   111
    91
   104
   103
   103
   103
   102
    81
   102
   104
   104
    92
    91
    86
   103
   101
   102
   102
   101
    91
   101
   104
    95
    97
   102
    91
    92
    90
   102
   101
    93
    81
    90
    93
    94
   103
    91
    90
   103
   105
    96
   101
    90
    91
    91
    91
    84
    81
   102
   100
    93
    90
   102
    91
   101
    95
    91
    81
    81
    70
    50
    62
    50
    52
    91
    91
    72
    42
    52
    81
    42
    82
    80
    71
    81
    91
    91
    93
    81
    91
    81
    91
    93
    82
    91
    81
    91
    80
    91
    91
   101
    81
    92
    92
    71
    81
    81
    91
    81
    92
    82
    91
    51
   102
    50
    41
    50
    53
    60
    70
   102
    92
    53
    62
    67
    81
   122
    72
    70
    66
   126
   131
    63
   115
   112
   121
   129
   119
   134
   125
   123
   131
   128
   127
   133
   137
   121
   131
   127
   128
   132
   127
   131
   132
   129
   124
   127
   137
   127
   143
   131
   131
   135
   125
   139
   131
   125
   145
   129
   131
   137
   127
   132
   132
   132
   134
   138
   131
    70
    73
    81
   123
   137
    71
   147
   129
   132
   100
   172
   159
   151
   164
   156
   157
    92
    90
   103
   102
   101
   114
   225
   213
   184
   164
   141
   115
   136
   132
   147
   133
   133
   132
   136
   139
   144
   131
   118
   124
   125
   126
   124
   121
   131
    70
    63
   143
   115
   124
   124
   151
   188
   246
   217
   200
   106
   192
   222
   149
   136
   143
   152
   158
   171
   135
   145
   127
    71
   111
   111
   116
   105
    92
    81
   104
   102
    92
    71
    70
    70
    61
   133
   135
   114
    70
   112
   112
   117
    71
    72
   104
   112
   102
    93
   104
   113
   112
   115
   113
   114
   108
    92
   108
   115
   117
   113
   112
   114
   111
   113
   111
   103
   101
   116
   102
   102
   104
   112
   101
   105
   102
   101
   111
   102
   105
   101
    91
    93
    93
    81
   102
    92
   103
    91
    80
    91
    92
    91
    90
   100
    91
    82
    91
    63
    63
    81
    61
    54
    53
    61
    82
    82
    70
    92
    93
    85
    71
    81
    71
    51
    50
    50
    71
    41
    51
    72
    50
    50
    41
    50
    72
    80
    72
    70
    81
    70
   101
    81
    82
    81
    91
    81
    81
    71
    82
    70
    72
    70
    72
   101
    91
    91
    91
    91
    83
    81
    82
    81
    80
    81
    75
    84
    81
    81
    91
    80
    73
    81
    71
    62
    72
    50
    61
    71
    61
    40
    62
    51
    41
    50
    41
    81
    82
    84
    51
    46
    71
    70
    71
    70
    73
    93
    80
    83
    94
    82
    92
    92
    82
    50
    51
    41
    61
    52
    50
    52
    64
    53
    72
    60
    96
   122
   113
   103
    65
    60
    51
    52
    60
    51
    81
    81
    81
    60
    52
    53
    83
    54
    50
    60
    51
    73
    62
    54
    93
   101
   103
   101
    91
    84
    91
    61
    93
   102
    91
    87
   102
    80
    92
    82
    92
    82
    51
    51
    51
    51
    81
    92
    60
    41
    53
    51
    50
    61
    90
    91
    82
    91
    81
    92
    81
    92
    92
    81
    92
    82
    81
    80
    81
    71
    72
    50
    53
    70
    72
    70
    42
    52
    51
    42
    50
    71
    73
    81
    50
    50
    71
    50
    51
    50
    41
    82
    74
    50
    50
    51
    81
    71
    61
    50
    51
    51
    40
    71
    71
    70
    52
    50
    41
    51
    51
    50
    42
    50
    51
    51
    51
    50
    51
    61
    41
    63
    60
    60
    85
    61
    61
    51
    55
    41
    41
    51
    40
    40
    51
    50
    51
    51
    63
    50
    51
    40
    40
    61
    51
    86
    91
   103
    91
    98
    71
    81
    80
    81
    51
    72
    60
    50
    41
    51
    40
    61
    70
    72
    82
    61
    42
    70
    40
    41
    41
    41
    51
    41
    40
    40
    40
    41
    41
    40
    41
    50
    63
    70
    81
    81
    61
    40
    40
    41
    40
    60
    32
    40
    30
    40
    40
    40
    41
    40
    41
    40
    40
    51
    40
    71
    81
    81
    60
    40
    51
    40
    61
    61
    41
    40
    50
    32
    40
    41
    71
    70
    81
    62
    40
    40
    31
    40
    31
    30
    31
    32
    40
    70
    72
    81
    61
    41
    30
    40
    40
    41
    40
    40
    31
    40
    31
    31
    61
    40
    41
    40
    40
    41
    41
    41
    40
    40
    41
    30
    30
    51
    91
    60
    71
    61
    40
    40
    40
    41
    41
    30
    41
    40
    41
    40
    61
    41
    32
    31
    40
    31
    30
    30
    40
    41
    40
    51
    31
    51
    50
    81
    71
    72
    60
    71
    81
    72
    71
    62
    71
    80
    71
    70
    81
    71
    81
    71
X11 I/O Error
*EEEEP!JPEG: Progressive Huffmann not supported
20)
JPEG: Progressive Huffmann not supported
20)
JPEG: Progressive Huffmann not supported
20)
JPEG: Progressive Huffmann not supported
20)
JPEG: Progressive Huffmann not supported
20)
JPEG: Progressive Huffmann not supported
20)
EEEEP!   109
   130
   112
   109
   108
   110
   109
   120
   111
   107
   113
   110
   121
   109
   121
   117
   112
   121
   113
   101
   123
   107
   115
   104
   113
   111
   112
   115
   116
   101
   110
   113
   118
   115
   111
   104
   112
   123
   113
   102
   114
   131
   101
   118
   111
   102
   104
   111
   110
   111
   113
   108
   117
   104
   111
   111
   111
   110
   111
   104
   127
   106
   112
   112
   113
   109
   101
    41
    42
    31
    30
    40
    41
    40
    41
    42
    50
    51
    61
    51
    63
    63
    63
    54
    52
    72
    62
    61
    60
    72
    55
    62
    62
    60
    70
    61
    61
    60
    74
    73
    71
    60
    62
    63
    56
    62
    61
    62
    60
    67
    72
   126
   121
   133
   132
   130
   145
   132
   130
   134
   135
   141
   138
   131
   131
   117
   114
   117
   132
   113
   121
   125
   118
   123
   114
   114
   101
   112
   111
    62
    63
    62
   109
    72
   129
   132
   128
   108
   115
    71
    74
    73
   115
    62
    71
    84
   135
   130
   122
   123
   113
    71
    68
    81
   166
   150
    85
    73
   167
   167
   162
   121
    63
   122
   143
   120
   123
   125
   116
   148
    71
   135
   133
   136
   133
   137
   135
   126
   122
   124
   123
   168
   197
   101
   121
   111
   103
   105
    92
   122
    71
    90
   138
   122
   121
   123
   115
   121
   133
   138
   123
   136
   124
   135
   134
   136
   112
   121
   124
   113
   124
   115
   127
   113
   120
   131
   126
   133
   121
   117
   133
   121
   124
   129
   122
   120
   124
   127
   122
   112
   120
   121
   123
   122
   111
   112
   115
   114
   118
   107
   122
   113
   104
   124
   104
   113
   112
   104
   115
   102
   111
   102
   112
   103
   113
   104
   115
   102
   103
   112
   103
   105
    92
    94
    90
    61
    63
    71
   103
   130
   111
   126
   133
   122
   134
   131
   131
   124
   126
   151
   135
   122
   136
   127
   130
   127
   126
   124
   131
   134
   118
   123
   126
   131
   131
   133
   125
   134
   124
   131
   126
   125
   135
   133
   120
   121
   121
   119
    94
   174
   197
   201
   221
   215
   218
   216
   214
   226
   230
   231
   215
   229
   224
   230
   230
   218
   227
   225
   238
   228
   232
   222
   227
   229
   231
   226
   230
   219
   222
   232
   226
   234
   248
   230
   253
   228
   236
   250
   236
   242
   246
   269
   239
   237
   247
   255
   241
   240
   247
   252
   253
   246
   256
   245
   249
   250
   247
   248
   254
   245
   250
   250
   261
   242
   211
   181
   169
   171
   155
   179
   180
   178
   168
   177
   187
   171
   170
   172
   164
    82
   164
   180
   170
   174
   183
   162
   180
   175
   182
   182
   191
   172
   180
   182
   175
   171
   168
   120
   142
   151
   171
   176
   163
   159
   166
   156
   159
   170
   155
   150
    86
   175
   104
   115
   123
   112
   125
   112
   122
   124
   115
   125
   122
   111
   121
   124
   121
   117
   121
   122
   123
   116
   118
   124
   113
   111
   124
   122
   121
   124
   104
   111
   102
   117
   113
    71
    66
   135
   124
   131
   141
   143
   132
   117
   143
   146
   128
   151
   163
   166
   163
   165
   126
   137
   140
   143
   139
   115
   140
   130
   132
   143
   125
   117
   133
   134
   125
    80
   131
   179
   178
   198
   189
   131
   137
   136
   131
   134
   122
   140
   132
   131
   141
   129
   134
   121
    71
   121
   122
    74
    81
   134
   140
   142
   144
   143
    89
   176
   177
   169
    99
   159
   170
   153
   169
   159
   163
   149
   176
   162
   169
   166
   162
   160
   170
   162
   171
   148
   148
   161
   141
   136
   156
   146
   141
   147
   148
   151
   128
   132
   125
   122
   136
   132
   127
   116
   114
   132
   118
    66
   123
   123
   132
    80
   158
   162
   155
   161
   152
   101
   121
   112
   136
   116
   125
   102
   112
    72
   107
    71
   125
   146
   135
   140
   135
   141
   135
   149
   141
   124
   136
   137
   141
   149
   158
   154
   158
   153
   141
   141
   163
   151
   153
   161
   154
   153
   154
   151
   146
   152
   148
   171
   151
   155
   144
   152
   151
   150
   145
   144
   159
   113
   123
   118
   113
   121
   122
   114
   104
   102
   112
   123
   111
   117
   112
   118
   116
   116
   117
   122
   114
   130
   114
   120
   115
   120
   111
   126
   113
   110
   117
   101
   111
   103
   101
   101
   101
   101
   112
   111
   101
   101
    72
   113
    92
   101
    65
    72
    72
   115
   127
   117
   112
   111
   130
   128
   136
   151
   134
   131
   135
   141
   142
   129
   145
   137
   145
   123
   128
   129
   132
    70
   137
   143
    83
   156
   189
   191
   182
   173
   164
   175
   141
   165
   157
   165
   158
   146
   166
   151
   154
   151
   138
    91
   131
   100
    85
    84
    61
    91
    81
    62
    71
    71
    40
    62
    81
    82
    81
    71
    70
    41
    60
    72
    40
    61
    70
    41
    81
    81
    80
    42
    41
    41
    40
    40
    53
    41
    60
    91
    81
    62
    50
    61
    61
    61
   122
   116
   113
   111
    61
    59
    61
    61
   106
   103
    48
    60
    52
    81
    81
    83
    91
    83
    51
    73
    71
    61
    50
    41
    71
    71
    72
    70
    72
    80
    71
    70
    71
    70
    71
    81
    80
    71
    70
    91
    71
    61
    85
    92
    61
   112
   127
   137
   143
   142
   135
   142
   145
   147
   138
   122
   125
   122
   121
   141
   136
   144
   121
   127
   127
   133
   127
   125
   137
   151
   158
   151
   161
   171
   153
   151
   157
   164
   156
   150
   151
   155
   137
   134
   149
   156
   151
   154
   134
   164
   136
   124
   114
    63
    70
   103
   102
   101
   112
   104
    92
   111
   100
    91
    92
    83
    50
    72
    82
    82
    80
    51
    40
    41
    71
    51
    51
    70
    50
    41
    51
    81
    81
    86
    52
    83
    74
    51
    50
    81
    62
    61
    60
   101
    60
    61
   114
   111
   123
    71
   140
   170
   147
   151
   143
   131
   140
   144
   147
   123
   121
   130
    62
   128
   121
   113
   112
    66
   117
    70
    71
    62
   132
    61
    78
    60
   121
   115
   110
    70
   115
    62
   137
   105
   126
   131
   127
   121
   121
   125
   127
   123
   124
   129
   109
    63
   112
   111
   117
    70
    71
   145
   130
   112
    91
    88
   101
   102
    84
    85
    84
    50
    81
    78
    79
    82
    50
    61
    50
    51
    90
    92
    93
    71
    51
    50
    51
    70
    71
    71
    81
    71
    40
    40
    40
    71
    83
    70
    40
    41
    40
    60
    61
    71
    81
    71
    71
    30
    62
    70
    61
    71
    60
    72
    71
    51
    81
    71
    70
    81
    61
    73
    61
    72
    81
    70
    71
    70
    71
    81
    81
    71
    71
    71
    80
    71
    81
    70
    71
    80
    72
    70
    71
    80
    72
    70
    71
    61
    40
    40
    40
    41
    80
    73
    71
    61
    60
    51
    51
    60
    91
    83
    91
   115
   145
   155
   156
   153
   157
   158
   151
   145
   153
   103
    85
    91
    82
    91
    81
    92
    80
    93
    81
    83
    91
    92
    80
    82
    81
    73
    81
    82
    91
    92
    84
   163
   173
   163
   159
   165
    91
    81
    80
    91
    84
    81
    81
    83
    83
    91
    92
    81
    81
    93
    81
    83
    92
    80
    81
    91
    80
    81
    86
    81
    70
    75
    51
    50
    73
    88
    71
    81
    64
    81
   163
   166
   168
   137
   143
    76
    65
    70
    60
   128
   115
   113
   123
   126
   131
   122
   125
   121
   123
   135
   122
   123
   121
   133
   121
   122
   133
   114
   126
   123
   121
   131
   123
   132
   125
   125
   120
   121
   121
   123
   122
   126
   123
   123
    66
   115
   113
    93
    94
    63
    93
   102
   103
    92
    61
    60
    50
    71
    96
    82
    51
    51
    41
    63
    53
    60
    81
    92
    80
    53
    41
    50
   102
    41
    61
    91
    71
    91
    40
    72
    40
    72
    51
    40
    51
    41
    52
    51
    81
    91
    70
    71
    70
    62
    60
    41
    51
    50
    61
    60
    71
    71
    70
    71
    60
    62
    41
    41
    60
    40
    31
    31
    40
    40
    61
    43
    81
    91
    70
    71
    81
    82
    52
   105
   106
    50
    81
    61
    91
    88
   104
   100
   111
   128
   131
   129
   125
   131
   134
    82
    72
    81
    91
    72
    81
    81
    71
    91
    81
    70
    84
    81
    80
    71
    82
    85
    81
    80
    81
    82
    83
    80
   185
   184
   195
   190
   178
   185
    63
    61
   129
   138
   124
   111
   116
    60
    71
   104
    81
   128
   113
   113
   115
   125
   123
   116
   131
   118
   124
   125
   134
   115
   123
   122
   114
   121
   123
   121
   120
   121
   132
   127
   121
   125
   131
   120
   121
   137
   123
   123
   132
   127
   123
   122
   134
   122
   134
   134
   123
   131
   132
   139
   134
   137
   137
   146
   146
   135
   136
   127
   125
   134
   126
   137
   143
   133
   127
   131
   126
   125
   114
    62
    91
   102
   111
    95
   107
   112
   102
    96
   100
   103
    91
    50
    50
   102
   105
   112
   121
    47
    61
    62
    51
   119
   122
   104
   122
   106
   104
    62
    70
   131
   100
    62
    61
    60
    92
    50
    61
    50
    93
   105
   101
    91
    51
    84
   100
    94
   103
    92
   104
    91
   101
    93
    95
    50
    62
    50
    51
    82
    95
    92
    92
    95
    95
   100
    74
    83
    93
    81
    55
    51
    50
    62
   101
   104
   111
   113
   104
    95
   102
    97
   102
    51
    61
    60
   107
    52
   124
    98
   101
   101
   111
    51
    83
    53
    94
    85
   102
    93
    91
    82
   104
   102
   102
   106
   102
   104
    95
   101
    94
    82
    92
    82
    93
    91
    92
   101
   101
    94
    92
    92
   105
    90
    94
    91
    81
    50
    51
    50
    61
   104
   114
    95
   104
    56
    53
    61
    52
   113
   112
   101
    71
    70
   135
   121
    73
    81
   135
   142
   142
   137
   131
   142
   142
   135
   153
   144
   134
   151
   140
   141
   139
   152
   147
   152
   136
   132
   132
   115
    81
    75
   136
   133
   121
   119
   142
   138
   142
   137
   145
*EEEEP!JPEG: Progressive Huffmann not supported
20)
JPEG: Progressive Huffmann not supported
20)
JPEG: Progressive Huffmann not supported
20)
JPEG: Progressive Huffmann not supported
20)
JPEG: Progressive Huffmann not supported
20)
JPEG: Progressive Huffmann not supported
20)
EEEEP!   115
   119
   113
   110
   104
   111
   111
   111
   121
   109
   117
   106
   113
   113
   111
   110
   111
   126
   112
   121
   111
   109
   106
   111
   113
   113
   111
   113
   114
   110
   103
   113
   114
   114
   103
   120
   106
   122
   101
   121
   111
   114
   115
   105
   111
   121
   111
   114
   108
   115
   116
   110
   114
   111
   115
   121
   111
   115
   112
   110
   107
   113
   116
   114
   110
   111
   121
   106
   113
   124
   114
   106
   102
   121
   115
   104
   121
   111
   108
   112
   113
   111
   114
   120
   107
   113
   116
   111
   118
   116
   110
   110
   103
   120
   113
   111
   113
   115
   114
   112
   106
   112
   114
   111
   112
   116
   106
   112
   110
   120
   107
   116
   115
   122
   105
   122
   114
   115
   111
   122
   108
   111
   118
   116
   111
   114
   109
   120
   111
   119
   108
   114
   109
   119
   108
   114
   113
   130
   114
   116
   128
   118
   115
   121
   115
   108
   124
   105
   106
   106
   113
   115
   108
   107
   110
   132
   115
   114
   108
   115
   113
   116
   120
   112
   110
   115
   113
   123
   112
   115
   105
   110
   122
   118
   114
   111
   120
   152
   161
   115
   111
   127
   126
   110
   117
   109
   104
   122
   121
   113
   119
   115
   101
   111
   112
   120
   121
   124
   106
   110
   112
   113
   115
   116
   113
   121
   109
   114
   112
   132
   111
   115
   111
   124
   116
   112
   117
   110
   111
   112
   127
   111
   124
   117
   122
   118
   121
   113
   108
   126
   115
   113
   112
   113
   118
   123
   107
   121
   111
   111
   116
   122
   116
   113
   114
   133
   215
   204
   212
    65
    71
    64
   123
   114
    73
   106
    73
   107
   116
   107
   133
   117
   134
   123
w   135
   141
   145
   141
ww   143
www   122
www   131
www   148
ww   139
ww   154
   142
    71
   116
   119
   121
   123
   142
   143
    72
    70
   117
   135
    73
    81
   126
   144
w   139
   148
   152
ww   154
ww   160
   158
   168
   189
   165
    91
   151
   163
   141
   134
   124
   240
   220
   235
   114
   116
   124
   115
   122
   118
w   131
   138
   138
   131
   120
   152
   142
   121
w   134
   138
   131
   135
   147
   146
w   164
   154
   153
   141
   158
   140
   141
   135
   132
   126
   136
    76
    72
    74
   153
   135
    71
    80
    82
    80
   130
   128
   131
   116
   108
    82
    93
    94
    93
   104
   105
    81
    91
   100
    92
   112
   101
    95
   117
    84
    70
   126
   135
   137
   114
   123
   150
   136
w   139
   158
   161
   158
   168
   147
w   157
   157
   151
   143
   142
   137
   141
   155
   162
w   156
   160
   162
ww   162
www   163
www   150
www   161
www   121
ww   133
w   147
   124
   124
   112
   132
   123
w   103
   149
   147
   140
www   130
www   143
ww   144
www   136
   149
   137
   146
   126
   123
   130
    54
   116
   105
    64
    60
    60
   131
   124
    73
    71
    70
   137
   144
   136
   133
   141
   135
   136
0   132
   153
0   160
   171
   157
   154
   162
   156
   146
   150
   143
   143
   132
    71
   124
   133
   104
    72
   122
    72
    71
   133
   150
   132
   156
   174
w   176
   196
   170
   180
   180
   165
   180
   168
   178
   165
   186
   167
   171
w   167
   192
   188
   184
   188
   189
   190
   187
   185
   183
   170
   189
   179
   176
   186
   184
   176
   183
   185
9   182
9   194
9   192
   184
   203
   189
   211
   204
   181
w   224
   226
   223
w   205
   215
   210
www   211
w   224
w   224
   222
   241
   239
   245
   221
    92
   164
   228
   184
   231
   229
   220
   231
   197
   210
   214
    93
    83
    71
   151
   154
    84
    90
   163
   173
   186
   155
   166
   178
   170
w   177
   181
   181
ww   181
www   181
   197
   182
   190
    92
    90
   104
   104
    94
    91
    60
    54
    50
    53
    57
    94
    95
   111
    91
    60
    62
   127
   113
    64
    73
    92
   105
   152
   157
   174
   168
w   178
   177
   165
w   170
wwww   153
www   168
www   159
www   145
w   157
   155
   134
   156
   142
w   144
   148
   144
   141
www   143
www   160
www   161
www   149
www   154
www   148
www   147
www   160
www   143
www   133
w    80
www   124
w    77
ww    71
ww   131
w   134
   125
    91
   149
w   179
   171
    75
   132
ww   141
www   151
ww    81
w    92
www   135
ww    94
w    70
www   143
www   146
ww   114
www   145
ww    74
w    81
ww    91
ww    91
www   163
www   140
ww    91
w    80
www   145
www   151
www   142
www   136
ww   109
www   141
ww   140
www   155
www   142
www   139
www   161
www   147
www   132
ww   145
www   166
wwww   137
ww   151
   136
   133
   126
   136
   136
   141
   137
   136
   131
   116
    61
   136
w   151
    71
   121
   123
   125
   120
   134
   122
   115
w   152
   136
   158
w   154
   154
   154
w   152
   160
   141
   128
   143
   151
   125
w   135
   155
   141
   144
   141
   134
    71
   132
   143
   156
   160
   155
   154
   164
   155
   145
   133
   148
   128
   131
   133
   143
   127
w   154
   163
   151
w   156
www   142
   161
    81
   127
   134
   123
   122
   144
   126
   125
   120
   116
   145
   130
   136
   122
   136
   131
w   136
   149
   142
w   136
ww   152
   139
   141
   139
   147
   156
   145
   157
    71
w   173
   155
   175
    93
   172
   166
   163
   185
   181
w   195
   170
   182
   164
   164
   157
   162
w   157
   163
   167
   164
   158
   165
   162
   162
   171
   166
   157
   177
   164
   155
w   168
   167
   172
   160
   170
   173
   171
   171
   171
   162
    86
    85
    85
   156
   161
    80
    90
   107
   186
    95
    92
    92
   167
   135
   161
   164
   145
   148
   173
    81
    82
    80
    81
    67
   132
   133
   167
   144
   144
   137
    82
   130
   122
   136
   143
   146
   128
   141
   152
   125
   139
    87
   158
   177
   172
   164
   155
   175
   158
   194
   178
   175
   187
   183
   170
   185
   187
n    87
   176
    94
   188
   171
   102
   178
   173
   159
   181
   181
n   179
   186
   186
   183
   178
n   194
n   192
   181
   180
   190
   188
   191
   181
   181
   188
   190
   188
   182
   194
   176
   193
   184
8   188
8   185
8   188
8   196
8   193
8   208
8   193
   210
8   222
   219
   208
   214
   213
   210
0   220
   216
0   223
0   203
   200
   184
0   187
   181
   175
   171
   184
   164
   175
   177
   171
   171
   165
   180
   159
   159
    95
   153
    90
   156
   160
   163
   154
   147
   145
   156
   155
   149
   150
   146
   154
   146
   146
   146
   145
    71
   147
   143
    81
   111
   127
   131
   137
   135
   137
   138
   132
   132
   138
   135
   130
   146
   125
   139
   124
   135
   133
   131
   140
   127
   128
   141
   129
   136
   139
   125
   128
s   143
   102
   112
   113
   115
ss   102
ss   116
ss   111
sss   112
s   115
   113
   102
   113
   116
   112
   113
   100
    65
    65
   101
   112
    92
    71
    60
    53
    71
   114
   105
    71
    57
    81
   131
   154
   126
   151
   149
   153
   135
    90
   152
    74
   124
    71
    71
   101
   102
   110
   112
   112
    72
    66
   101
    71
    82
   158
   153
   161
   153
    71
   112
   115
   122
    62
   122
   102
    65
   111
    81
   122
   114
   120
   132
   125
   148
   149
s   143
   101
    83
    93
    91
    83
    52
    61
    73
    84
    82
    50
    61
    51
    51
    82
    93
    80
    62
    51
    60
    51
    50
    50
    51
    74
    74
    50
    51
    56
    52
    82
   102
    83
    51
    61
    60
    61
    60
    60
   101
   116
   116
   117
   117
    85
   159
   168
   149
    80
   144
   146
   126
   126
w   133
   102
   103
   101
   102
    93
   106
    95
   102
    81
    71
   103
   115
   113
    54
   118
   102
   111
   111
   113
   104
   111
   113
    91
    62
    71
    61
    60
    99
    70
    71
    72
   137
   148
   127
   142
   147
   143
   146
   142
   143
   148
   141
   153
   137
   138
   142
   149
   156
a   143
   102
    93
   103
    90
    92
   103
    82
   103
    91
    93
    97
    90
   101
    83
    96
    91
    93
    94
    91
    93
    60
    51
    61
    70
   116
   128
   111
   149
   138
   131
   131
   145
   142
   144
d   141
   139
   134
   138
   143
   143
   139
   144
   131
   136
a   144
   142
   144
   144
d   138
   152
   143
   144
   141
a   136
   143
   141
   143
   144
d   141
   108
   112
   106
   112
   104
   115
   112
   104
    72
    60
    61
    62
    84
    72
    61
    62
    44
    83
    91
    82
    84
    50
    42
    50
    41
    51
    50
    42
    80
    92
    71
    61
    45
    60
    52
    62
   110
   111
   101
    83
   167
   171
   161
   167
   202
   184
   206
   189
   175
   156
   151
   161
   164
   155
   157
w   162
   155
   141
   153
   147
   144
   145
s   156
   149
   141
   147
   144
   142
   144
   146
   138
   152
   134
   143
   142
   154
   128
    83
    60
    71
    72
    53
    62
   121
   113
    71
    51
    62
    50
    51
    81
   101
    91
    81
   102
    93
   101
    84
    93
    92
    95
    93
    92
    92
    90
    92
    85
    93
    83
    90
    95
    92
9   100
    92
9    92
    94
    91
   101
   103
    91
   104
    93
   101
    55
    86
    46
    50
    41
    50
    61
    91
    73
    82
    41
    52
    42
    50
    51
   107
    93
    94
    61
    70
   111
   141
    95
   222
   227
   267
   269
   271
   271
w   213
   221
   220
   222
   217
   220
   217
   213
   203
   204
   209
   226
   225
   224
   212
   226
   209
   221
   210
   219
   225
   210
   222
   205
   207
   201
   230
   200
   230
   210
w   228
   165
   176
   179
   159
   174
   170
   156
   165
   195
   177
   145
   158
   151
   154
   146
    91
   133
   157
   156
   166
   168
   158
   170
   188
   187
   196
    99
   184
   185
   196
   202
w   204
   158
   156
   154
   155
   159
   145
   158
   153
   149
   129
     0
     0
     0
     0
     0
     0
     0
     0
     0
     0
     0
     0
     0
     0
     0
     0
     0
     0
     0
     0
     0
     0
     0
     0
     0
     0
     0
     0
     0
     0
     0
     0
     0
     0
     0
     0
     0
     0
     0
     0
     0
     0
     0
     0
     0
     0
     0
     0
     0
     0
     0
     0
     0
     0
     0
     0
     0
     0
     0
     0
     0
     0
     0
     0
     0
     0
     0
     0
     0
     0
     0
     0
     0
     0
     0
     0
     0
     0
     0
     0
     0
     0
     0
     0
     0
     0
     0
     0
     0
     0
     0
     0
     0
     0
     0
     0
     0
     0
     0
     0
     0
     0
     0
     0
     0
     0
     0
     0
     0
     0
     0
     0
     0
     0
     0
     0
     0
     0
     0
     0
     0
     0
     0
     0
     0
     0
     0
     0
     0
     0
     0
     0
     0
     0
     0
     0
     0
     0
     0
     0
     0
     0
     0
     0
     0
     0
     0
     0
     0
     0
     0
     0
     0
     0
     0
     0
     0
     0
     0
     0
     0
     0
     0
     0
     0
     0
     0
     0
     0
     0
     0
     0
     0
     0
     0
     0
     0
     0
     0
     0
     0
     0
     0
     0
     0
     0
     0
     0
     0
     0
     0
     0
     0
     0
     0
     0
     0
     0
     0
     0
     0
     0
     0
     0
     0
     0
     0
     0
     0
     0
     0
     0
     0
     0
     0
     0
     0
     0
     0
     0
     0
     0
     0
     0
     0
     0
     0
     0
     0
     0
     0
     0
     0
     0
     0
     0
     0
     0
     0
     0
     0
     0
     0
     0
     0
     0
     0
     0
     0
     0
     0
     0
     0
     0
     0
     0
     0
     0
     0
     0
     0
     0
     0
     0
     0
     0
     0
     0
     0
     0
     0
     0
     0
     0
     0
     0
     0
     0
     0
     0
     0
     0
     0
     0
     0
     0
     0
     0
     0
     0
     0
     0
     0
     0
     0
     0
     0
     0
     0
     0
     0
     0
     0
     0
     0
     0
     0
     0
     0
     0
     0
     0
     0
     0
     0
     0
     0
     0
     0
     0
     0
     0
     0
     0
     0
     0
     0
     0
     0
     0
     0
     0
     0
     0
     0
     0
     0
     0
   123
   130
   126
   128
   173
   175
   171
   175
   168
   173
    93
   196
   209
   207
   153
   162
   153
   159
   158
   172
   174
   165
   172
   175
   171
   175
   174
   169
   176
   168
   186
   168
   181
   165
   184
   164
   173
   170
   165
   158
   165
    84
    80
   163
   163
   162
   155
   172
   171
   171
   180
   177
   163
   183
   173
*EEEEP!JPEG: Progressive Huffmann not supported
20)
JPEG: Progressive Huffmann not supported
20)
JPEG: Progressive Huffmann not supported
20)
JPEG: Progressive Huffmann not supported
20)
JPEG: Progressive Huffmann not supported
20)
JPEG: Progressive Huffmann not supported
20)
EEEEP!    57
   107
    57
    60
    61
