Kernel: Initialized and started.
X11 Display depth = 24
Default font installedOpenType 0.45 BBPort /3.12.2004  eos, pl
WindowManager: 24-bit color
WindowManager: Display resolution: 1440x878x24
DisplayRefresher installed.
Autostart: executing FSTools.Mount Work RelativeFileSystem ./
Work: mounted
Autostart: executing FileTrapWriter.Install
Autostart: executing WMTrapWriter.Install
{P cpuid= 0, pid= 31 Events: System event log started.}
WMMacros: Macro file Macros.XML loaded.
Autostart: executing UpTime.Install
Uptime monitor started.
Autostart: executing StartMenu.Open
Autostart: executing SkinEngine.Load xenoxolotl.skin
SkinEngine : Loading xenoxolotl.skin...ok
Autostart: executing WMRestorable.Load Auto.dsk
{P cpuid= 0, pid= 68 Starting logger}
WMRestorable: Loading desktop from Auto.dsk...
Autostart: executing WMNavigate.Open -vs 1 0 0 Navigation:TaskList
SyntaxHighlighter: Auto-loading SyntaxHighlighter.XML ... done.
	ReleaseTree@0	error: HEADER section expected
ArrayBase: setting runtime library (semi-optimized) default methods.
ArrayBaseOptimized: installing runtime library optimizations:ASM SSE SSE2 SSE3  done.
libGL.so loaded.
libGLU.so loaded.
libXxf86vm.so loaded.
*EEEEP!JPEG: Progressive Huffmann not supported
20)
JPEG: Progressive Huffmann not supported
20)
JPEG: Progressive Huffmann not supported
20)
JPEG: Progressive Huffmann not supported
20)
JPEG: Progressive Huffmann not supported
20)
JPEG: Progressive Huffmann not supported
20)
EEEEP!    50
    31
    31
    31
    31
    30
    30
    31
    40
    30
    31
    30
    40
    30
    31
    30
    40
    31
    70
    41
    30
    30
    41
    30
    31
    30
    41
    30
    31
    40
    30
    30
    31
    31
    30
    40
    30
    31
    30
    30
    30
    30
    30
    31
    30
    31
    30
    30
    31
    40
    40
    40
    41
    40
    41
    40
    40
    30
    41
    40
    40
    30
    41
    30
    30
    41
    30
    41
    40
    30
    30
    40
    30
    31
    31
    30
    30
    30
    31
    30
    41
    30
    30
    30
    30
    30
    31
    30
    30
    31
    31
    30
    30
    31
    30
    30
    31
    30
    30
    30
    30
    40
    30
    30
    30
    30
    30
    30
    30
    40
    41
    40
    31
    40
    40
    40
    31
    30
    31
    31
    30
    31
    30
    31
    30
    30
    31
    30
    30
    30
    31
    40
    30
    30
    31
    30
    40
    30
    31
    30
    30
    31
    30
    30
    30
    31
    41
    30
    31
    30
    30
    30
    31
    31
    30
    30
    30
    30
    30
    31
    30
    30
    50
    31
    41
    40
    40
    30
    31
    31
    30
    30
    30
    30
    30
    30
    31
    41
    30
    50
    30
    31
    30
    30
    41
    30
    31
    30
    30
    31
    30
    30
    30
    30
    30
    31
    30
    31
    30
    30
    30
    31
    30
    30
    30
    31
    30
    40
    30
    31
    40
    31
    31
    30
    31
    30
    30
    40
    31
    30
    31
    41
    41
    30
    30
    30
    31
    30
    50
    31
    30
    40
    40
    31
    40
    40
    31
    30
    41
    40
    40
    30
    31
    30
    30
    30
    31
    30
    31
    40
    41
    30
    31
    30
    30
    30
    41
    30
    30
    31
    30
    30
    30
    30
    30
    31
    30
    30
    20
    31
    30
    30
    41
    30
    31
    30
    30
    31
    30
    30
    30
    31
    30
    30
    30
    31
    30
    31
    30
    31
    30
    31
    40
    31
    40
    40
    40
    31
    30
    30
    30
    31
    30
    31
    30
    30
    30
    40
    40
    41
    30
    30
    30
    31
    40
    41
    40
    30
    31
    31
    30
    30
    31
    30
    30
    31
    40
    31
    31
    30
    30
    31
    31
    30
    30
    30
    30
    30
    31
    30
    40
    41
    30
    30
    30
    30
    40
    30
    40
    31
    30
    30
    31
    30
    30
    40
    31
    41
    40
    30
    31
    31
    30
    30
    41
    30
    30
    40
    31
    31
    30
    40
    31
    30
    30
    31
    30
    31
    30
    30
    41
    40
    40
    40
    31
    30
    40
    41
    30
    30
    30
    31
    30
    30
    30
    30
    30
    30
    30
    30
    31
    30
    30
    41
    40
    32
    41
    40
    40
    41
    30
    30
    31
    30
    31
    40
    30
    30
    30
    30
    31
    30
    30
    30
    31
    30
    30
    30
    31
    41
    40
    40
    41
    30
    30
    41
    30
    31
    40
    40
    31
    30
    30
    31
    40
    40
    31
    30
    30
    41
    40
    31
    30
    40
    31
    40
    31
    30
    41
    30
    30
    30
    31
    30
    30
    30
    31
    30
    40
    31
    30
    30
    40
    41
    40
    40
    30
    31
    30
    30
    31
    30
    30
    30
    31
    30
    30
    30
    31
    30
    30
    31
    30
    30
    30
    30
    41
    40
    30
    31
    30
    31
    50
    31
    30
    30
    31
    30
    31
    30
    30
    71
    60
    30
    41
    40
    70
    51
    40
    30
    30
    30
    30
    30
    31
    30
    30
    31
    30
    30
    30
    30
    60
    41
    40
    40
    30
    31
    30
    30
    30
    41
    30
    30
    30
    31
    40
    40
    40
    31
    30
    30
    30
    31
    30
    31
    30
    30
    30
    30
    30
    30
    30
    30
    31
    30
    31
    30
    31
    30
    30
    30
    30
   110
    81
    40
    30
    31
    30
    40
    31
    70
    41
    40
    50
    41
    40
    41
    30
    50
    50
    41
    50
    30
    40
    31
    30
    31
    30
    50
    41
    30
    30
    41
    50
    31
    30
    30
    30
    31
    31
    30
    30
    40
    41
    30
    30
    31
    30
    41
    30
    40
    41
    50
    40
    50
    41
    40
    31
    30
    51
    30
    30
    30
    40
    30
    30
    31
    30
    30
    30
    30
    30
    30
    31
    30
    41
    30
    30
    30
    30
    30
    30
    31
    40
    41
    30
    30
    30
    41
    30
    30
    30
    30
    30
    31
    30
    31
    50
    50
    51
    50
    50
    50
    61
    42
    50
    53
    30
    41
    40
    40
    40
    31
    40
    30
    40
    41
    40
    30
    30
    30
    30
    30
    30
    40
    30
    30
    30
    40
    40
    30
    30
    40
    40
    30
    31
    40
    51
    30
    40
    30
    30
    30
    30
    31
    30
    30
    30
    31
    40
    40
    70
    52
    50
    60
    61
    40
    61
    40
    50
    51
    51
    50
    50
    51
    53
    41
    52
    41
    51
    50
    40
    50
    51
    52
    60
    40
    41
    51
    60
    51
    61
    55
    52
    61
    50
    57
    60
    53
    63
    62
    61
    60
    61
    52
    61
    55
    63
    51
    61
    61
    52
    60
    61
    61
    60
    60
    61
    52
    61
    53
    61
    60
    55
    60
    60
    53
    61
    63
    60
    61
    50
    60
    61
    51
    61
    62
    71
    81
    71
    82
    81
    92
    71
    74
    70
    51
    81
    81
    91
    81
    97
    83
    85
    72
    71
    93
    95
    71
    84
    41
    51
    80
    43
    50
    43
    51
    41
    50
    84
    61
    50
   108
   101
   101
    61
    81
   101
    91
    95
    63
    62
   105
   112
   124
   111
   122
   113
   124
   123
   127
   116
   114
   116
   122
   123
   116
   114
   103
   115
   105
   118
   114
   106
   113
   122
   127
   133
   134
   124
   132
   113
   111
   123
   125
   111
   124
   103
   101
   114
   127
    98
   104
   124
   111
   131
   110
    92
    99
    92
    91
    90
   104
    82
    81
   103
   112
   101
   102
    91
   102
    91
    93
    71
    70
    82
    71
    71
    71
    70
    71
    71
    70
    71
    70
    71
    72
    71
    71
    81
    60
    81
    81
    72
    82
    71
    70
    60
    61
    61
    61
    51
    61
    61
    40
    62
    60
    50
    51
    50
    61
    71
    71
    71
    42
    61
    61
    61
    61
    61
    51
    71
    80
    71
    71
    91
    73
    81
    91
    81
    81
    90
    83
    91
    82
    94
   102
   102
    94
   101
   115
   107
   113
   104
   109
   113
   104
   112
   126
   111
   114
   121
   109
   114
   121
   115
   115
   113
   121
   123
   103
   100
   101
    95
    92
   101
    91
    81
    90
   101
   105
   100
   115
   112
   114
   125
   126
   130
   101
    90
    92
    81
    81
    80
    82
    50
    40
    41
    40
    30
    31
    61
    80
    72
    60
    81
    51
    50
    61
    40
    40
    30
    51
    61
    60
    61
    70
    71
    60
    61
    61
    60
    61
    70
    50
    51
    71
    60
    81
    51
    60
    51
    30
    50
    51
    50
    50
    51
    60
    30
    40
    51
    60
    61
    71
    60
    70
    71
    61
    71
    60
    71
    60
    61
    71
    70
    61
    70
    60
    61
    61
    70
    61
    70
    60
    71
   102
   100
   102
   101
   101
    61
    60
    70
    61
    70
    61
    71
    71
    60
    71
    60
    71
    61
   136
   145
   142
   152
   131
    77
    73
   113
   113
   114
    61
   111
   114
   105
   116
   124
   100
   106
   117
   112
   112
    91
   106
   102
    95
   113
   123
   100
   113
   105
   112
   113
   112
   114
    63
   116
   123
   125
   142
   153
   155
   142
   153
   142
   141
   135
   142
   141
   131
   111
   112
   124
   114
   118
   114
   107
   111
   124
   114
   112
   104
   113
   107
   114
   125
   119
   105
   116
   111
   113
   116
   104
   114
    96
   111
   122
   122
    62
   107
   105
   104
   106
   101
    93
   102
   118
   100
   115
   111
   100
    87
    92
    82
   103
    84
   112
    84
    93
    92
   112
    88
    83
    81
    92
    95
    91
    83
    82
    71
    94
    93
    82
    81
   100
    91
    70
    73
    63
    72
    70
    71
    71
    41
    73
    51
    71
    71
    90
    85
    92
    93
   100
    91
    81
    92
    92
    84
    70
    71
    71
    70
    82
    80
    81
    81
    60
    61
    61
    61
    60
    61
    60
    41
    50
    60
    50
    71
    51
    61
    51
    71
    50
    50
    41
    50
    61
    60
    40
    40
    31
    30
    31
    30
    30
    31
    40
    40
    61
    61
    60
    61
    50
    40
    41
    40
    30
    31
    60
    71
    60
    41
    30
    30
    31
    40
    61
    70
    71
    40
    31
    30
    30
    30
    51
    61
    71
    70
    61
    60
    50
    31
    40
    71
    61
    70
    61
    70
    71
    70
    71
    62
    71
    70
    71
    60
    70
    71
    61
    60
    61
    71
    71
    70
    81
    70
    61
    61
    71
    70
    61
    70
    82
    70
    70
    72
    71
    71
    81
    70
    70
    72
    61
    80
    71
    70
    71
    80
    71
    70
    82
    70
    71
    71
    82
    70
    71
    71
    81
    70
    81
    71
    80
    61
    60
    60
    51
    60
    71
    61
    81
    61
    60
    61
    60
    61
    60
    71
    60
    71
    61
    60
    71
    71
    71
    71
    71
    70
    71
    70
    71
    91
    71
    82
    61
    72
    60
    61
    72
    60
    71
    61
    62
    71
    40
    70
    61
    40
    61
    71
    61
    73
    80
    91
    64
    72
    71
    70
    61
    70
    82
    82
    91
    91
    71
    70
    71
    61
    60
    81
    74
    80
    71
    81
    61
    71
    70
    71
    71
    72
    81
    81
    80
    81
    81
    81
    81
    81
    72
    83
    91
    81
    81
    81
    70
    81
    81
    80
    72
    80
    80
    81
    81
    70
X11 I/O Error
libXxf86vm.so unloaded.
libGLU.so unloaded.
libGL.so unloaded.
libopenal.so unloaded.
Cleanup
{P cpuid= 0, pid= 317 Events: System event log shut down.}
WindowManager: Window manager closed
{P cpuid= 0, pid= 317 Files: 6 open files}
Objects 5087 discarded finalizers, 0 pending finalizers
UnixFiles 6 discarded finalizers, 0 pending finalizers
