Kernel: Initialized and started.
X11 Display depth = 24
Default font installedOpenType 0.45 BBPort /3.12.2004  eos, pl
WindowManager: 24-bit color
WindowManager: Display resolution: 1440x878x24
DisplayRefresher installed.
Autostart: executing FSTools.Mount Work RelativeFileSystem ./
Work: mounted
Autostart: executing FileTrapWriter.Install
Autostart: executing WMTrapWriter.Install
{P cpuid= 0, pid= 31 Events: System event log started.}
WMMacros: Macro file Macros.XML loaded.
Autostart: executing UpTime.Install
Uptime monitor started.
Autostart: executing StartMenu.Open
Autostart: executing SkinEngine.Load xenoxolotl.skin
SkinEngine : Loading xenoxolotl.skin...ok
Autostart: executing WMRestorable.Load Auto.dsk
{P cpuid= 0, pid= 67 Starting logger}
WMRestorable: Loading desktop from Auto.dsk...
Autostart: executing WMNavigate.Open -vs 1 0 0 Navigation:TaskList
SyntaxHighlighter: Auto-loading SyntaxHighlighter.XML ... done.
	ReleaseTree@0	error: HEADER section expected
******* Check error **********  807
ModuleParser: Error at pos 951
ModuleParser: Error at pos 959
******* Check error **********  967
err3: 1211
WMMacros: Macro not found.
./N7NGusMHLvGiJtGd8Rv553A.Mod
compile error ./NtL0zWGLy4MVijnDVIbPcqA.Mod
./NGNYAfkxmEzxe6ZESmcMJtw.Mod
./NUzl1lqmBmaKyswkc70kO1w.Mod
./N7Z9LarKWKBcwXrDkSXezPg.Mod
./Nahf6T7P6CYGfcImQTejDpg.Mod
./NcufbYokzVEuEfN5MYiDlhA.Mod
./NznGx2ySiHIGrO5t9Pzcw5Q.Mod
./NxxxGAernhjFK40xASZZVoQ.Mod
./NEmb7fXmcxu1apgyZ8VRovg.Mod
./NZjDHYA8YHHcuymIh1fhHgg.Mod
./NwPicBWw4NfcserX4ELaQ3A.Mod
./No13s7eEq5z1VzXOucrDZiw.Mod
./NeoZGnWONOJP6ETcuZvuQNQ.Mod
./NIqy3HQ4ZK8iRwAXelYYnsQ.Mod
./NxrglfWf3ZTXHHNB8BJ3sSQ.Mod
./N5a2g4M6HYjPJxYSNQvYyvw.Mod
./NhYOBdcESgNhNEXS2S3OXsw.Mod
./NNDQ9rTI27JC6nhDuC5BVsg.Mod
./NNwW44Z6Y65O0pLKvYWsn3Q.Mod
./NIXARXB2vH6ieKZmsc6mODg.Mod
./NnviGAernhjFK40xASZZVoQ.Mod
./NUDjmgXk2BBrW9roFylvaLQ.Mod
./NMdslbwjsXFOAzH65DQMliA.Mod
./NSIEolLKc0l8QF4ru8aTEuA.Mod
./N2qeD84Fv78X2XEj8PtUZOQ.Mod
./NJOFc7qhMXMly3lot71bNUw.Mod
./NCChaxYRyB2OfbAGztV2f5Q.Mod
./NWdMWLJtPzMMIp2UEA2iYwQ.Mod
./NNYWKcFakzVtWk&Swv2HfQQ.Mod
compile error ./N9zFl2HaX56CegrHdknAkvw.Mod
./NUeconrGpx7plz7ym76ibLw.Mod
./NW0KZrCxwqStAQYdFMA6HRw.Mod
./NXTEST.Mod
./NVY1hEGnyr7z8DtULRMOZIQ.Mod
./N7OpxpUuffoMm09SEVF8k4Q.Mod
./NtxxZorqH5oWxECOCwH59AQ.Mod
./NuDxZaSfDCnI8xZnbp6c5ew.Mod
./NxYQqSbWc7p4wTZbj9LvbUQ.Mod
./NUzl1lqmBmaKyswkc70kO3w.Mod
./N1X5IRPYQsXyJGojeNuXwhA.Mod
./NXEiQzXqJDWKQte5u3hATyA.Mod
./N9aitMqAFTj3l6YIIfK39XA.Mod
./N6illtDKEH5g6dsUifexH1Q.Mod
./NnpPaNU5wEKlp0Ji1XWMhGg.Mod
./NMRR8eVl6DBZXeJLNZ0KC6g.Mod
./NOEsqXX7r2l7FZGfkcgoCXw.Mod
./NjNk11ZhNBiuxHpXunPUsgA.Mod
./NMdslbwjsXFOAzH64DQMliA.Mod
./NGJBlQ95mTkoMhozr6XOJYg.Mod
./NXWCxXWLIcD2LegvoGXXBiQ.Mod
./NSIsnYBTYL9BajD8fbPDSqg.Mod
./NsOET4PW7wEUqBGE1Dr3rBQ.Mod
./NnKyXYNiHwdxuM6wHrbxwuQ.Mod
./NH6nvNlOJNlCtpkDB56ljSw.Mod
./NDQ0mOQYqpYYaLXJy4MS8BQ.Mod
./NvZjNvNLlZ4yUPfoMC5zI.Mod
./Nr3kPtbyEYLFK3AN2UUVrqg.Mod
./NnTJ6nDktAth4WTAUdr8HYQ.Mod
./NIlbwmNpexeEMRNFWXRcFbw.Mod
./NmOgKSH5ZXYP3DODELOkO7g.Mod
./NIXARXB2vH6ieKZmsc6mODh.Mod
./NCjgzkmiTyecI5x6eOgYqpQ.Mod
./NiHWuC6tiaYe9Qxl3e1DNqw.Mod
./NCChaxYRyB2OfbAGztV2f4Q.Mod
./source/NbrRat.Mod
./source/NbrInt32.Mod
./source/NbrInt.Mod
./source/NewHTTPClient.Mod
./source/NCRScript.Mod
compile error ./source/NbrStrings.Mod
./source/NbrCplx.Mod
./source/NCR810Disks.Mod
compile error ./source/NbrRe.Mod
./source/Notepad.Mod
./source/NbrInt16.Mod
./source/NbrInt8.Mod
./source/NetworkMii.Mod
ArrayBase: setting runtime library (semi-optimized) default methods.
ArrayBaseOptimized: installing runtime library optimizations:ASM SSE SSE2 SSE3  done.
libGL.so loaded.
libGLU.so loaded.
libXxf86vm.so loaded.
*EEEEP!JPEG: Progressive Huffmann not supported
20)
JPEG: Progressive Huffmann not supported
20)
JPEG: Progressive Huffmann not supported
20)
JPEG: Progressive Huffmann not supported
20)
JPEG: Progressive Huffmann not supported
20)
JPEG: Progressive Huffmann not supported
20)
EEEEP!    61
    64
    61
    60
    61
    60
    60
    61
    60
    61
    60
    61
    64
    61
    61
    60
    72
    63
    61
    53
    63
    61
    62
    51
    63
    63
    70
    51
    52
    66
    61
    61
    61
    65
    60
    61
    60
    71
    70
    60
    61
    62
    61
    51
    61
    60
    60
    69
    60
    51
    63
    61
    52
    70
    68
    62
    62
    61
    64
    65
    61
    71
    60
    60
    61
    61
    57
    64
    64
    51
    61
    61
    60
    62
    52
    65
    60
    61
    62
    54
    60
    56
    64
    62
    60
    71
    61
    60
    62
    62
    60
    60
    57
    71
    83
    71
    50
    60
    65
    60
    72
    62
    51
    65
    54
    62
    62
    60
    72
    60
    69
    70
   124
   126
   137
   123
   133
   137
   122
   120
   132
   128
   121
   111
   123
   132
   132
   142
   131
   133
   112
    94
   114
   115
   112
   115
   114
   115
   101
   113
   114
   114
   111
    92
   103
   110
   101
   102
   115
   106
   102
   101
   102
   114
    98
   104
   100
   109
   102
   101
   103
    91
    90
    93
    53
    50
    61
    52
    62
    61
    60
   104
   100
    62
    64
    60
    52
    53
    50
    91
   101
    91
    84
   101
   100
   101
   106
   109
   102
   104
   112
    92
   111
   105
    94
   105
   102
   101
   110
   106
   102
   103
   106
   115
    95
   104
   104
   103
   101
    95
   104
   112
    91
   102
   103
   110
   104
    96
    93
   101
   103
   101
    92
   102
    92
   102
   102
    91
    91
   102
   101
   102
   101
    93
    93
   101
    92
    93
    91
   104
   104
    85
   101
    91
    91
    91
    92
    92
    80
    92
   101
    83
    81
    82
    92
    83
    81
    81
    81
    82
    80
    71
    81
    80
    71
    71
    70
    61
    81
    70
    61
    70
    71
    70
    70
    71
    71
    61
    70
    71
    60
    71
    61
    60
    61
    61
    70
    70
    71
    71
    72
    71
    70
    71
    70
    73
    70
    81
    70
    71
    61
    73
    70
    71
    71
    70
    70
    71
    70
    61
    71
    71
    73
    70
    71
    71
    80
    71
    70
    71
    71
    80
    71
    70
    61
    60
    71
    71
    71
    71
    70
    71
    70
    71
    72
    70
    70
    71
    70
    72
    51
    40
    40
    51
    40
    61
    61
    60
    51
    70
    51
    41
    51
    70
    71
    61
    61
    40
    60
    71
    71
    71
    70
    60
    73
    71
    70
    71
    70
    71
    70
    72
    70
    51
    41
    40
    60
    51
    40
    61
    40
    41
    71
    71
    61
    60
    41
    31
    71
    60
    71
    50
    51
    40
    41
    60
    71
    60
    60
    71
    81
    70
    72
    70
    71
    71
    71
    70
    81
    71
    71
    60
    61
    40
    40
    40
    41
    40
    40
    41
    81
    70
    71
    62
    40
    40
    61
    51
    41
    40
    41
    40
    40
    31
    30
    30
    51
    60
    41
    50
    40
    40
    41
    40
    40
    51
    50
    40
    61
    61
    60
    61
    70
    71
    61
    31
    40
    51
    81
    51
    61
    41
    61
    60
    61
    60
    61
    51
    60
    80
    71
    71
    71
    71
    70
    81
    71
    72
    70
    71
    71
    70
    71
    71
    71
    61
    40
    61
    30
    30
    51
    72
    70
    71
    60
    61
    51
    70
    70
    50
    60
    71
    60
    60
    51
    60
    61
    61
    61
    50
    71
    40
    61
    70
    72
    71
    70
    71
    71
    72
    71
    70
    71
    81
    70
    51
    60
    81
    61
    70
    61
    61
    72
    60
    50
    30
    40
    71
    40
    41
    40
    40
    41
    40
    41
    40
    31
    51
    41
    61
    40
    30
    71
    71
    70
    51
    30
    51
    81
    41
    50
    61
    60
    61
    70
    71
    71
    70
    81
    80
    71
    70
    71
    71
    71
    81
    70
    71
    82
    70
    82
    71
    81
    80
    71
    70
    71
    70
    81
    71
    80
    81
    70
    71
    80
    71
    80
    52
    41
    40
    40
    71
    71
    80
    72
    81
    70
    71
    91
    81
