Kernel: Initialized and started.
X11 Display depth = 24
Default font installedOpenType 0.45 BBPort /3.12.2004  eos, pl
WindowManager: 24-bit color
WindowManager: Display resolution: 1440x878x24
DisplayRefresher installed.
Autostart: executing FSTools.Mount Work RelativeFileSystem ./
Work: mounted
Autostart: executing FileTrapWriter.Install
Autostart: executing WMTrapWriter.Install
{P cpuid= 0, pid= 31 Events: System event log started.}
WMMacros: Macro file Macros.XML loaded.
Autostart: executing UpTime.Install
Uptime monitor started.
Autostart: executing StartMenu.Open
Autostart: executing SkinEngine.Load xenoxolotl.skin
SkinEngine : Loading xenoxolotl.skin...ok
Autostart: executing WMRestorable.Load Auto.dsk
{P cpuid= 0, pid= 68 Starting logger}
WMRestorable: Loading desktop from Auto.dsk...
Autostart: executing WMNavigate.Open -vs 1 0 0 Navigation:TaskList
SyntaxHighlighter: Auto-loading SyntaxHighlighter.XML ... done.
	ReleaseTree@0	error: HEADER section expected
ArrayBase: setting runtime library (semi-optimized) default methods.
ArrayBaseOptimized: installing runtime library optimizations:ASM SSE SSE2 SSE3  done.
libGL.so loaded.
libGLU.so loaded.
libXxf86vm.so loaded.
*EEEEP!JPEG: Progressive Huffmann not supported
20)
JPEG: Progressive Huffmann not supported
20)
JPEG: Progressive Huffmann not supported
20)
JPEG: Progressive Huffmann not supported
20)
JPEG: Progressive Huffmann not supported
20)
JPEG: Progressive Huffmann not supported
20)
JPEG: Progressive Huffmann not supported
20)
JPEG: Progressive Huffmann not supported
20)
JPEG: Progressive Huffmann not supported
20)
JPEG: Progressive Huffmann not supported
20)
JPEG: Progressive Huffmann not supported
20)
JPEG: Progressive Huffmann not supported
20)
EEEEP!    72
    73
    82
    71
    72
    70
    71
    71
    70
    72
    71
    72
    80
    74
    70
    71
    70
    71
    70
    71
    80
    71
    71
    71
    71
    80
    71
    71
    71
    71
    70
    71
    72
    71
    81
    62
    70
    81
    71
    70
    72
    70
    83
    61
    71
    72
    81
    70
    72
    71
    81
    70
    81
    63
    80
    71
    71
    70
    71
    70
    72
    82
    62
    80
    71
    71
    71
    70
    70
    61
    81
    70
    81
    70
    71
    81
    70
    71
    70
    81
    70
    71
    81
    70
    71
    71
    71
    60
    81
    70
    71
    70
    81
    71
    72
    71
    71
    81
    60
    71
    81
    70
    71
    70
    72
    71
    71
    70
    71
    70
    71
    71
    72
    82
    70
    71
    80
    72
    81
    72
    71
    70
    71
    71
    72
    82
    72
    71
    80
    61
    72
    81
    60
    71
    72
    71
    81
    61
    80
    72
    70
    71
    80
    71
    71
    70
    71
    81
    70
    71
    80
    72
    71
    80
    71
    70
    70
    82
    80
    71
    71
    71
    80
    71
    71
    71
    71
    80
    71
    70
    70
    71
    71
    80
    71
    62
    73
    73
    71
    80
    72
    71
    71
    72
    71
    70
    72
    71
    81
    71
    83
    70
    81
    70
    71
    82
    70
    60
    81
    72
    70
    72
    72
    72
    71
    71
    60
    82
    61
    70
    71
    71
    81
    70
    71
    70
    80
    71
    71
    71
    70
    71
    80
    72
    80
    82
    70
    71
    81
    70
    71
    70
    81
    73
    71
    70
    71
    81
    70
    71
    80
    71
    71
    81
    81
    60
    71
    81
    70
    72
    71
    70
    71
    81
    81
    80
    71
    70
    81
    82
    70
    71
    80
    71
    70
    71
    72
    81
    71
    70
    82
    72
    71
    80
    71
    70
    73
    80
    70
    71
    82
    62
    81
    81
    63
    82
    71
    72
    70
    81
    71
    71
    61
    80
    72
    80
    71
    71
    82
    70
    70
    81
    71
    81
    61
    72
    73
    71
    81
    72
    71
    82
    70
    71
    80
    71
    70
    81
    71
    71
    80
    72
    61
    80
    71
    80
    62
    82
    70
    71
    81
    71
    81
    71
    71
    81
    81
    71
    80
    72
    81
    81
    71
    70
    71
    71
    70
    81
    70
    71
    71
    71
    72
    81
    70
    72
    80
    82
    70
    83
    62
    72
    71
    70
    71
    80
    71
    81
    81
    80
    72
    71
    70
    73
    80
    71
    70
    71
    81
    81
    70
    71
    71
    81
    71
    71
    81
    71
    72
    83
    70
    81
    71
    71
    71
    71
    70
    71
    70
    82
    72
    81
    71
    72
    71
    82
    70
    81
    70
    74
    71
    70
    81
    80
    73
    72
    70
    71
    72
    70
    82
    72
    80
    71
    72
    81
    81
    71
    71
    81
    71
    71
    82
    71
    70
    81
    70
    71
    71
    72
    71
    81
    80
    71
    71
    71
    72
    70
    71
    81
    70
    81
    71
    81
    70
    72
    81
    70
    71
    80
    71
    82
    72
    81
    71
    80
    71
    70
    71
    70
    81
    71
    71
    74
    81
    71
    70
    81
    82
    71
    71
    71
    80
    71
    80
    71
    71
    80
    71
    80
    71
    81
    71
    81
    80
    71
    60
    82
    72
    81
    62
    80
    71
    70
    71
    72
    71
    80
    72
    71
    80
    72
    71
    80
    71
    71
    71
    70
    70
    74
    71
    71
    71
    83
    70
    71
    81
    71
    70
    71
    73
    71
    70
    71
    82
    70
    81
    71
    70
    71
    80
    72
    71
    81
    71
    71
    70
    71
    72
    71
    81
    63
    70
    71
    80
    81
    70
    81
    70
    71
    70
    72
    71
    81
    71
    71
    71
    70
    81
    80
    72
    71
    70
    71
    70
    71
    72
    71
    71
    80
    72
    80
    71
    70
    71
    72
    71
    71
    81
    71
    71
    70
    81
    70
    73
    71
    71
    70
    71
    70
    82
    70
    71
    72
    81
    70
    81
    71
    71
    70
    81
    70
    71
    71
    70
    71
    81
    81
    71
    71
    71
    71
    81
    71
    71
    61
    81
    72
    63
    62
    80
    81
    70
    71
    81
    71
    81
    70
    71
    71
    70
    64
    71
    72
    70
    71
    71
    71
    70
    81
    71
    71
    70
    81
    70
    73
    71
    81
    62
    72
    70
    81
    70
    71
    80
    71
    71
    71
    71
    71
    80
    71
    71
    70
    72
    80
    61
    71
    70
    71
    70
    82
    71
    81
    72
    81
    71
    72
    71
    70
    81
    71
    70
    71
    81
    71
    80
    81
    61
    70
    71
    81
    73
    72
    71
    71
    81
    71
    71
    61
    72
    82
    72
    71
    80
    71
    80
    73
    81
    70
    81
    71
    73
    81
    70
    70
    83
    71
    70
    71
    72
    71
    71
    81
    72
    72
    70
    81
    70
    73
    70
    81
    70
    71
    80
    81
    71
    70
    82
    70
    81
    81
    70
    71
    81
    70
    81
    70
    71
    80
    70
    71
    72
    82
    70
    71
    71
    71
    71
    80
    72
    70
    71
    81
    71
    71
    70
    72
    70
    81
    82
    81
    81
    61
    80
    72
    70
    81
    72
    71
    71
    80
    72
    70
    71
    71
    81
    70
    71
    70
    71
    71
    70
    71
    70
    70
    71
    81
    71
    70
    81
    70
    81
    71
    72
    71
    71
    73
    71
    70
    72
    61
    71
    82
    70
    71
    81
    71
    80
    71
    70
    71
    91
    61
    81
    81
    71
    71
    71
    81
    71
    71
    60
    81
    70
    81
    62
    71
    81
    71
    71
    72
    72
    70
    81
    71
    81
    71
    70
    71
    72
    81
    70
    71
    60
    81
    70
    81
    70
    71
    70
    82
    71
    61
    80
    61
    82
    71
    70
    82
    61
    72
    81
    80
    71
    70
    71
    70
    73
    82
    71
    71
    74
    71
    71
    81
    70
    71
    70
    81
    71
    81
    71
    70
    71
    71
    71
    80
    71
    81
    80
    71
    71
    70
    82
    70
    72
    71
    71
    70
    71
    80
    71
    71
    71
    72
    70
    72
    71
    72
    70
    70
    71
    71
    80
    71
    62
    71
    70
    72
    80
    71
    71
    71
    71
    71
    71
    80
    71
    81
    72
    71
    81
    71
    81
    70
    71
    71
    70
    81
    81
    71
    70
    81
    60
    81
    70
    81
    61
    81
    72
    71
    71
    71
    70
    71
    70
    72
    81
    81
    70
    71
    71
    81
    81
    71
    73
    71
    70
    71
    72
    80
    81
    71
    70
    72
    71
    71
    72
    71
    72
    70
    81
    62
    80
    72
    72
    70
    71
    72
    80
    71
    81
    71
    80
    61
    71
    72
    80
    71
    81
    71
    71
    71
    70
    71
    81
    71
    72
    71
    81
    80
    82
    60
    80
    71
    81
    71
    70
    82
    70
    71
    71
    71
    71
    61
    70
    81
    70
    71
    71
    71
    70
    71
    71
    70
    82
    71
    70
    71
    81
    71
    70
    71
    83
    71
    81
    70
    71
    70
    72
    80
    71
    71
    80
    71
    70
    81
    72
    70
    81
    71
    71
    71
    71
    71
    81
    74
    70
    71
    82
    71
    80
    71
    70
    71
    71
    70
    72
    82
    71
    81
    72
    70
    81
    71
    71
    81
    61
    81
    80
    71
    71
    70
    71
    71
    80
    82
    72
    81
    70
    71
    70
    71
    80
    71
    70
    71
    71
    80
    71
    71
    71
    71
    70
    71
    71
    71
    71
    80
    71
    71
    71
    70
    72
    80
    71
    71
    81
    71
    70
    71
    81
    71
    70
    71
    70
    81
    70
    71
    81
    72
    70
    71
    70
    71
    71
    71
    71
    71
    80
    71
    80
    71
    80
    64
    70
    72
    70
    70
    81
    70
    81
    71
    71
    71
    82
    62
    72
    70
    71
    71
    80
    81
    70
    71
    70
    81
    70
    72
    70
    70
    81
    71
    72
    70
    71
    71
    70
    71
    70
    72
    81
    71
    70
    73
    70
    71
    81
    70
    71
    70
    72
    81
    60
    71
    82
    70
    71
    70
    81
    71
    71
    70
    71
    70
    81
    71
    81
    73
    70
    72
    81
    71
    81
    70
    71
    70
    81
    71
    71
    72
    82
    71
    71
    80
    72
    71
    71
    70
    81
    71
    71
    61
    70
    71
    90
    81
    71
    70
    82
    70
    62
    71
    61
    70
    81
    71
    70
    72
    71
    71
    71
    71
    71
    61
    81
    70
    71
    71
    70
    81
    71
    81
    70
    61
    72
    70
    81
    71
    71
    70
    71
    72
    80
    71
    80
    71
    71
    70
    73
    73
    70
    80
    71
    61
    71
    71
    81
    72
    81
    71
    70
    81
    61
    72
    91
    71
    71
    70
    81
    81
    70
    71
    81
    71
    71
    70
    72
    81
    72
    71
    70
    71
    70
    71
    72
    72
    71
    71
    81
    70
    71
    72
    80
    71
    61
    72
    70
    81
    70
    71
    72
    71
    72
    81
    71
    73
    80
    74
    70
    71
    72
    72
    71
    70
    81
    70
    71
    81
    70
    72
    70
    71
    71
    71
    71
    82
    70
    71
    71
    82
    71
    71
    80
    71
    61
    84
    71
    72
    81
    70
    82
    71
    71
    70
    71
    81
    70
    81
    70
    71
    73
    71
    81
    80
    71
    73
    72
    71
    81
    73
    72
    71
    71
    81
    71
    70
    81
    62
    81
    71
    72
    80
    71
    70
    70
    81
    71
    71
    71
    72
    81
    70
    71
    71
    71
    80
    71
    71
    70
    71
    80
    81
    71
    81
    61
    81
    71
    71
    81
    61
    70
    81
    73
    70
    71
    80
    71
    71
    71
    80
    71
    71
    71
    71
    71
    60
    82
    70
    83
    71
    73
    71
    72
    71
    81
    75
    61
    81
    71
    80
    71
    73
    71
    74
    70
    71
    71
    80
    71
    70
    71
    71
    61
    70
    81
    72
    71
    71
    71
    70
    81
    71
    70
    71
    71
    70
    71
    80
    71
    70
    71
    81
    71
    71
    71
    70
    70
    72
    80
    61
    60
    80
    71
    71
    81
    70
    82
    81
    71
    70
    71
    82
    71
    70
    71
    81
    70
    70
    72
    70
    64
    70
    71
    71
    71
    72
    70
    81
    70
    82
    81
    71
    82
    70
    81
    70
    71
    70
    71
    71
    71
    71
    70
    81
    70
    73
    81
    70
    72
    61
    71
    71
    71
    70
    72
    70
    70
    81
    71
    70
    71
    70
    71
    81
    71
    72
    71
    81
    70
    71
    71
    71
    71
    81
    71
    71
    80
    72
    70
    81
    63
    71
    81
    70
    71
    70
    71
    81
    71
    71
    81
    72
    81
    71
    72
    71
    70
    70
    71
    81
    73
    71
    73
    70
    71
    70
    71
    71
    80
    71
    80
    61
    81
    70
    71
    72
    70
    72
    71
    81
    70
    73
    72
    71
    70
    81
    81
    71
    81
    72
    71
    71
    71
    71
    71
    71
    71
    80
    71
    82
    70
    70
    71
    71
    81
    70
    81
    72
    70
    72
    61
    71
    91
    71
    71
    81
    82
    72
    72
    71
    71
    82
    80
    71
    72
    71
    81
    70
    70
    81
    71
    81
    71
    62
    71
    70
    81
    61
    71
    70
    81
    71
    71
    70
    71
    80
    82
    70
    71
    82
    72
    71
    71
    80
    71
    71
    81
    71
    71
    80
    72
    71
    71
    75
    81
    70
    71
    72
    71
    72
    70
    81
    70
    71
    81
    80
    72
    71
    72
    81
    70
    70
    71
    81
    70
    71
    72
    71
    71
    72
    62
    80
    71
    81
    71
    81
    81
    70
    81
    82
    71
    71
    83
    80
    41
    71
   105
    41
    51
    50
    51
    51
    51
    51
    41
    52
    50
    51
    60
    52
    50
    50
    50
    52
    62
    51
    43
    71
    92
   102
    71
    71
    41
    60
    71
    80
    60
    61
    40
    41
    40
    40
    71
    81
    71
    41
    42
    53
    50
   111
   111
    93
    64
    50
    62
    62
    51
   101
   102
    60
    51
    61
    62
    61
   101
   103
   111
   113
   126
   124
   124
   113
   113
   115
    63
   115
   118
   114
    61
   135
   120
   116
   123
   130
   135
   131
   134
   136
   124
   131
   131
   136
   133
   124
   131
   124
   122
   126
   131
   124
   124
   124
   125
   115
   125
   125
   117
   114
   120
   122
   117
   125
   122
   119
   112
   121
   117
   130
   114
   113
   123
   113
   126
   114
   114
   116
    61
    60
    95
    91
    61
   100
   102
    91
    96
    91
    85
    95
    60
    51
    50
    71
   101
   102
    82
    61
    82
    93
    81
    82
    81
    83
    83
    51
    90
    92
   101
    81
   101
    83
    82
    85
    92
    92
   101
    92
    91
    83
    92
    93
    91
    92
    93
    91
    83
    93
    92
    92
    73
    92
    92
    92
    92
    91
    90
   104
    93
    82
    91
    83
    81
    91
   101
   101
   103
   101
    92
   104
   104
   103
    94
    51
    50
    61
    41
    42
    71
    83
    94
    51
    72
    54
    61
   129
   102
    71
   118
   105
    81
   139
   160
    82
    82
   123
   126
   143
   131
   128
   114
    81
   128
    91
    88
   179
   163
   173
   169
    71
    72
    71
    72
    81
    81
    80
    61
    70
    61
    40
    40
    41
    40
    41
    40
    40
    41
    60
    60
    71
    71
    60
    41
    51
    61
    70
    61
    70
    61
    70
    71
    60
    71
    60
    71
    70
    62
    70
    71
    71
    70
    71
    71
    81
    80
    71
    91
    73
    82
    80
    91
    81
    85
    81
    93
    92
    92
    91
    91
    90
   102
    92
   102
   101
   103
   101
   101
   101
    92
   102
   105
    93
   101
   103
   102
   102
   100
    91
   100
   102
   102
   103
   101
   113
    92
   103
   103
    83
    95
    60
    81
    95
    94
   105
    94
    51
    50
   106
    92
    90
   102
    51
    91
   111
    71
    60
    72
   156
   125
   135
    56
    50
   100
    92
    85
    84
    81
   146
   141
    71
    72
    51
    61
   101
    51
    91
    83
   101
    90
    82
    92
    91
    62
    54
   104
   104
    95
    62
    96
   111
   124
   102
    71
    89
   144
   132
   179
   169
   167
   164
   176
   179
   156
   154
   160
   144
   157
   144
   145
   150
   147
   144
   141
   141
   140
   145
   143
   135
   142
   129
   128
   119
   136
   134
   123
   133
   125
   125
   112
   123
   112
   103
   116
   106
   101
   101
   104
   114
    90
   102
    90
    92
    84
    82
    80
    91
    85
    90
    81
    80
    91
    81
    71
    80
    91
    81
    90
    71
    70
    50
    51
    40
    52
    40
    30
    50
    70
    81
    60
    41
    40
    41
    40
    40
    61
    71
    71
    41
    40
    31
    30
    31
    51
    30
    50
    51
    51
    50
    71
    61
    71
    70
    61
    70
    70
    71
    70
    62
    60
    71
    70
    71
    70
    71
    70
    70
    61
    70
    81
    60
    71
    70
    71
    70
    71
    70
    81
    81
    81
    70
    92
    72
    92
    82
    81
    81
    81
    91
    82
    81
    83
    83
    91
    83
    91
    72
    93
    84
    83
    91
    84
    92
    81
    83
    81
    81
    90
    81
    83
    82
    81
    81
    81
    82
    82
    71
    70
    72
    80
    70
    71
    61
    80
    61
    71
    70
    71
    70
    71
    70
    71
    71
    80
    71
    71
    61
    81
    60
    81
    61
    72
    70
    71
    70
    61
    60
    71
    70
    71
    60
    61
    60
    71
    60
    71
    60
    71
    71
    60
    70
    71
    61
    70
    71
    70
    60
    71
    70
    62
    72
    71
    71
    80
    81
    82
    80
    81
    81
    92
    90
    82
    93
    91
    95
    92
   102
    91
   101
    95
   105
   100
    96
   101
   106
   104
   102
   102
   103
   103
   117
   113
   105
   103
   110
   112
   112
   101
   110
   102
   114
   112
   107
   102
   102
   108
   114
   115
   102
   112
   101
   107
   114
   116
   122
   115
   114
   102
   127
   115
   114
   121
   113
   124
   102
   112
   113
   101
   110
   106
   103
   112
   111
   108
   104
   106
   114
   107
   115
   105
   101
   102
   111
   104
   101
   101
   104
   102
   102
   101
    95
   104
    93
   103
   102
   102
   101
    84
    93
    91
    82
    90
    82
    81
    81
    81
    70
    71
    70
    71
    70
    71
    71
    71
    70
    71
    71
    71
    71
    70
    71
    71
    71
    80
    71
    62
    81
    70
    63
    71
    81
    70
    71
    80
    71
    70
    81
    80
    71
    72
    70
    71
    71
    71
    71
    72
    70
    81
    71
    70
    71
    82
    71
    71
    71
    71
    80
    71
    61
    61
    90
    71
    71
    81
    71
    81
    70
    81
    71
    81
    70
    71
    71
    71
    80
    71
    71
    70
    71
    71
    72
    81
    71
    70
    71
    80
    71
    70
    81
    70
    72
    70
    82
    71
    70
    71
    70
    71
    70
    71
    70
    71
    71
    70
    71
    61
    71
    70
    71
    71
    70
    71
    71
    70
    41
    50
    31
    40
    41
    40
    41
    60
    81
    71
    62
    40
    40
    41
    40
    40
    51
    70
    72
    40
    40
    41
    40
    50
    41
    40
    62
    60
    50
    62
    71
    60
    71
    70
    71
    70
    71
    80
    61
    70
    71
    81
    61
    81
    70
    71
    71
    70
    71
    70
    40
    51
    61
    71
    61
    62
    41
    71
    71
    70
    72
    70
    71
    71
    50
    72
    71
    72
    70
    71
    71
    70
    70
    71
    71
    71
    70
    72
    71
    71
    71
    80
    71
    62
    70
    82
    70
    60
    71
    72
    71
    71
    70
    82
    70
    81
    61
    81
    72
    72
    71
    70
    81
    61
    81
    71
    62
    72
    70
    71
    60
    81
    70
    71
    70
    71
    70
    71
    70
    72
    70
    71
    70
    81
    61
    80
    62
    70
    70
    71
    71
    70
    71
    71
    80
    71
    70
    81
    71
    73
    72
    71
    61
    70
    81
    71
    71
    70
    80
    71
    70
    81
    71
    71
    70
    71
    72
    80
    71
    70
    71
    71
    70
    71
    70
    70
    81
    72
Set xenoxolotl.skin as default.
WMRestorable: Saving desktop to Auto.dsk...
WMRestorable: Desktop saved.
*EEEEP!EEEEP!*EEEEP!JPEG: Progressive Huffmann not supported
20)
JPEG: Progressive Huffmann not supported
20)
JPEG: Progressive Huffmann not supported
20)
JPEG: Progressive Huffmann not supported
20)
JPEG: Progressive Huffmann not supported
20)
JPEG: Progressive Huffmann not supported
20)
EEEEP!    80
    81
    71
    91
    79
    85
    70
    85
    83
    72
    81
    76
    81
    83
    80
    84
    70
    76
    73
    93
    71
    81
    85
    80
    72
    80
    84
    82
    73
    80
    81
    80
    77
    77
    81
    82
    85
    81
    80
    84
    77
    83
    71
    81
    81
    71
    75
    81
    70
    86
    73
    85
    81
    80
    76
    84
    84
    80
    74
    81
    72
    84
    75
    81
    80
    82
    84
    81
    82
    71
    83
    80
    71
    88
    76
    81
    76
    81
    83
    70
    81
    81
    84
    81
    81
    81
    80
    81
    83
    79
    76
    71
    83
    76
    80
    83
    80
    79
    80
    81
    71
    85
    93
    91
    72
    77
    71
    81
    91
    86
    77
    82
    81
    82
    82
    87
    81
    75
    84
    73
    86
    85
    74
    72
    92
    83
    86
    72
    76
    91
   104
   111
    91
    81
    72
    83
    93
    80
    81
    83
    80
    75
    90
    73
    82
    76
    81
    82
    77
    75
    83
    74
    91
    80
    81
    75
    82
    81
    73
    81
    80
    81
   124
    83
    81
    80
    77
    97
    70
    83
    74
    83
    82
    80
    76
    80
    83
    71
    73
    80
    81
    76
    81
    85
    82
    81
    89
    91
   104
   122
   112
   122
   111
   104
    91
    81
    83
    90
    77
    74
    85
    80
    73
    72
    84
    82
    92
    74
    82
    77
   154
   136
   141
   146
   154
   138
    91
   138
   133
   139
   146
   143
   166
   152
   143
   138
   122
   117
   134
   127
   136
   125
   132
   134
   135
   130
   131
   123
   134
   141
   128
   134
   121
   141
   114
   126
   141
   119
   126
   124
   122
   130
   107
   124
   104
   108
   130
   104
   121
   116
   119
   126
   117
   113
   127
   113
   115
   123
   115
   115
   133
   109
   114
   116
   122
   114
   111
   112
   117
   112
   105
   111
   111
   102
   105
   101
   114
   100
   114
   102
   112
   104
   102
   105
    94
   103
   101
    93
   103
   102
    93
   101
    92
    91
    90
    83
    81
    80
    51
    50
    50
    40
    52
    60
    41
    96
   103
    92
    55
    52
    51
    82
    97
   192
   118
   114
   236
   117
   100
    81
   156
   144
    77
    91
    78
   156
    81
    81
   153
   161
   173
   153
   162
   162
   152
   169
   143
   141
   144
   139
   141
   145
   155
   136
   145
   148
   133
   134
   134
   141
   121
   130
   136
   123
   135
   130
   124
   143
   123
   124
   113
   113
   114
   122
   120
   115
   122
   112
   103
   101
   103
    50
    54
    60
   112
    86
    92
    91
    51
    92
    52
    60
    51
    60
    51
    60
   105
   104
   103
   102
    94
    83
    61
    92
    91
   102
   105
    90
   102
    91
    91
    95
    94
   103
   115
   106
   121
   114
   113
   112
   114
    95
   102
   113
    93
   102
    91
    92
    62
   102
   102
   113
    95
   111
   100
    97
    93
   102
   104
    91
    92
    85
    92
   103
    86
    91
    92
    92
   111
    94
    83
    90
    91
    91
    94
    92
    80
    92
    81
    52
    93
    94
    90
    85
    91
   103
    80
    94
    80
    92
    81
    91
    84
    81
    81
    83
    91
    60
    73
    92
    81
    81
    81
    81
    81
    70
    83
    91
    71
    82
    81
    80
    92
    70
    81
    83
    82
    80
    81
    91
    83
    82
    81
    81
    71
    81
    82
    80
    72
    73
    81
    70
    73
    91
    71
    81
    63
    72
    81
    80
    81
    71
    82
    71
    80
    61
    80
    81
    61
    71
    80
    72
    72
    71
    81
    61
    70
    81
    70
    71
    71
    70
    61
    71
    70
    71
    71
    71
    71
    60
    71
    60
    71
    70
    81
    70
    61
    71
    81
    71
    71
    70
    71
    72
    71
    70
    71
    80
    71
    73
    81
    70
    71
    80
    81
    71
    71
    73
    82
    70
    62
    70
    71
    60
    61
    71
    81
    80
    61
    61
    62
    61
    60
    62
    60
    60
    61
    70
    61
    41
    60
    61
    71
    91
    71
    81
    71
    70
    71
    81
    71
    71
    71
    80
    81
    71
    71
    82
    70
    72
    82
    73
    71
    91
    71
    91
    70
    81
    71
    81
    72
    71
    71
    71
    61
    61
    71
    40
    40
    41
    61
    41
    60
    40
    41
    70
    41
    40
    61
    70
    71
    80
    71
    81
    80
    71
    82
    72
    81
    81
    81
    70
    81
    81
    80
    81
    81
    81
    81
    81
    91
    90
    71
    80
    83
    82
    84
    81
    80
    82
    70
    62
    71
    71
    70
    70
    71
    71
    80
    71
    72
    71
    60
    81
    73
    80
    81
    81
    61
    60
    61
    60
    71
    70
    82
    71
    71
    70
    71
    71
    81
    71
    81
    63
    61
    40
    71
    71
    70
    71
    72
    81
    71
    81
    71
    72
    60
    61
    71
    71
    81
    71
    81
    71
    80
    81
    71
    71
    81
    81
    80
    81
    72
    80
    73
    80
    81
    71
    81
    70
    81
    71
    81
    82
    72
    81
    81
    71
    90
    71
    81
    81
    81
    81
    81
    80
    71
    71
    81
    81
    81
    82
    80
    72
    80
    71
    81
    81
    71
    81
    70
    81
    82
    81
    82
    81
    90
    81
    93
    74
    80
    81
    82
    81
    50
    72
    60
    81
    40
    71
    40
    72
    41
    40
    40
    41
    72
    72
    80
    83
    40
    40
    62
    83
    71
    91
    40
    61
    73
    80
    72
    41
    70
    60
    72
    60
    71
    61
    61
    61
    70
    61
    51
    70
    72
    31
    61
    82
    71
    40
    41
    61
    81
    82
    70
    40
    72
    80
    81
    71
    61
    82
    82
    81
    82
    62
    50
    61
    71
    71
    41
    71
    40
    41
    40
    71
    81
    71
    82
    70
    63
    71
    41
    80
    81
    80
    81
    81
    61
    71
    41
    71
    41
    63
    70
    71
    60
    51
    63
    40
    41
    40
    71
    70
    61
    30
    61
    30
    60
    61
    82
    61
    71
    60
    71
    71
    82
    70
    82
    81
    81
    74
    71
    91
    82
    92
    82
    81
    81
    70
    71
    92
    91
    81
    84
    81
    82
    92
    96
    82
    91
    81
    81
    91
    73
    71
    93
    92
    72
    93
    90
    91
    71
    81
    80
    81
    91
    90
    62
    71
    71
    81
    81
    61
    70
    41
    62
    70
    60
    71
    70
    62
    71
    61
    41
    72
    70
    72
    80
    81
    62
    72
    70
    81
    81
    81
    81
    81
    81
    70
    81
    71
    81
    81
    71
    70
    81
    71
    80
    81
    81
    80
    71
    81
    80
    72
    81
    81
    70
    81
    81
    81
    81
    63
    50
    62
    61
    60
    70
    61
    60
    61
    61
    61
    40
    80
    72
    90
    71
    71
    82
    40
    83
    71
    81
    70
    81
    50
    71
    70
    61
    71
    60
    71
    51
    70
    61
    61
    61
    60
    61
    60
    61
    61
    70
    71
    60
    61
    60
    61
    60
    61
    71
    60
    61
    60
    61
    60
    61
    60
    61
    72
    60
    71
    61
    71
    81
    81
    71
    81
    91
    81
    92
    82
    80
    81
    81
    91
    91
    81
    81
    90
    81
    81
    91
    81
    82
    91
    81
    71
    81
    70
    72
    80
    83
    91
    80
    91
    81
    71
    92
    81
    82
    91
    81
    70
    72
    82
    92
    81
    91
    81
    93
    82
    70
    71
    71
    71
    81
    71
    81
    81
    73
    83
    90
   101
    91
    90
    82
    60
    42
    63
    80
    92
    93
    83
    93
   112
   102
   115
   102
   103
   112
    94
   101
   112
   102
    82
   112
   101
   118
    92
    91
   103
   103
   102
    90
    92
   113
    91
   101
   112
   103
   103
   121
   112
   101
    94
   113
   112
   110
   125
   110
   112
    91
   103
   113
   112
   121
    92
   110
    95
    88
   101
    96
    91
    95
   104
   115
   141
   141
   133
   157
   142
   140
   133
   145
   122
   152
   142
   122
   125
   145
   136
    91
   134
   124
   132
   122
   132
   141
    72
   133
   120
   127
   154
   135
   154
   131
   132
   142
   146
   125
   144
   154
   142
   144
   124
   140
   145
   144
   139
   148
   143
   143
   144
   151
   142
   125
   144
   154
   136
   144
   138
   143
   154
   142
   158
   153
   144
    81
    51
    60
    62
    61
    73
   143
   131
   120
   121
   134
    62
    63
   107
    60
    50
    95
   103
   113
    91
   101
   112
   100
   108
    91
    51
   101
    70
    71
    50
    41
    40
    40
    61
    40
    71
    70
    71
    60
    51
    40
    61
    50
    60
    72
    60
    41
    40
    51
    61
    40
    60
    51
    60
    71
    70
    51
    40
    60
    61
    72
    71
    60
    71
    61
    50
    71
    70
    51
    60
    51
    61
    70
    71
    71
    70
    72
    81
    61
    81
    70
    61
    61
    60
    61
    60
    41
    30
    52
    81
    61
    51
    40
    61
    40
    41
    41
    40
    41
    61
    40
    31
    50
    61
    51
    70
    71
    70
    62
    40
    72
    30
    31
    81
    92
    80
    83
    83
   101
   102
    91
   104
    92
    93
    81
   103
   103
   112
   103
   103
    60
    97
    71
    63
    54
   113
   104
   104
    94
    65
   102
   124
   156
   140
   159
   151
   140
    72
   116
    72
    73
    70
   116
    81
   129
    65
   124
   113
   118
   138
   118
   132
   137
   133
   133
   138
   142
   134
   128
   134
   123
   126
   143
   125
   134
   132
   117
   134
   137
   134
   133
   125
   126
   122
   142
   148
   157
   143
   151
   147
   141
   133
   146
   134
   137
   129
   140
   143
   137
   146
   143
   150
   160
   145
   139
   132
    73
    74
   133
   104
   124
    61
    72
   124
   124
    92
   106
   104
   113
   103
   113
   113
   102
    95
   103
   105
   104
    97
   123
   113
   114
   103
    93
    94
   103
   105
   104
   105
   114
   115
    91
   135
   121
   143
   142
   134
   139
   134
   136
   132
   116
    72
   116
   126
   105
   113
    51
    92
    84
   101
   111
    92
   102
   105
   101
    92
    95
    93
   103
   104
   102
    91
   102
   103
    93
    82
    93
    91
    92
    94
    85
    96
   101
   104
   111
   115
   111
   122
   116
   124
   119
   115
   102
   106
   113
    61
   105
    96
   103
   103
   101
   102
    95
    94
    95
   101
   104
    93
    95
    53
    51
    50
    73
    81
    71
    51
    41
    51
    82
    81
    81
    70
    41
    50
    41
    40
    40
    61
    82
    70
    60
    41
    41
    40
    70
    73
    82
    91
    82
    80
    81
    81
    70
    82
    81
    71
    70
    81
    71
    81
    80
    82
    81
    80
    82
    71
    80
    73
    80
    81
    72
    91
    70
    81
    71
    72
    91
    72
    81
    82
    81
    81
    72
    83
    83
    80
    81
    82
    81
    81
    82
    81
    82
    71
    51
    72
    92
    81
    81
    80
    83
    80
    81
    82
    83
    81
    90
    81
    81
    82
    82
    80
    81
    83
    81
    80
    81
    73
    83
    81
    81
    92
    81
    83
    81
    82
    80
    91
    81
    83
    81
    83
    80
    41
    72
    81
    71
    71
    71
    82
    82
    81
    81
    71
    73
    91
    81
    81
    81
    41
    41
    62
    80
    92
    70
    82
    71
    62
    82
    81
    80
    82
    93
    71
    60
    83
    71
    72
    81
    82
    81
    81
    81
    82
    80
    81
    72
    81
    80
    71
    82
    81
    80
    84
    72
    81
    81
    81
   102
    81
    63
    81
    81
    81
    71
    91
    81
    71
    81
    70
    41
    70
    82
    81
    83
    71
    40
    61
    70
    51
    41
    40
    73
    60
    71
    41
    40
    41
    81
    81
    71
    62
    51
    61
    41
    41
    70
    71
    71
    91
    71
    81
    71
    82
    80
    81
    81
    81
    81
    71
    71
    81
    80
    81
    74
    62
    70
    81
    80
    71
    72
    80
    82
    82
    80
    71
    81
    70
    71
    81
    72
    71
    80
    63
    61
    71
    50
    41
    50
    61
    72
    81
    81
    71
    42
    41
    40
    41
    61
    60
    71
    71
    41
    41
    40
    40
    41
    40
    41
    80
    73
    61
    51
    40
    40
    41
    50
    81
    61
    81
    81
    60
    73
    61
    80
    81
    62
    72
    50
    51
    81
    72
    81
    71
    80
    82
    81
    81
    81
    81
    81
    71
    82
    82
    80
    82
    70
    81
    71
    72
    82
    81
    71
    71
    40
    51
    40
    42
    41
    41
    82
    81
    71
    81
    81
    51
    31
    31
    31
    71
    71
    82
    61
    32
    31
    30
    30
    51
    62
    70
    71
    40
    50
    62
   145
   145
    65
   125
   130
   124
    81
   123
   141
   132
   127
   125
   132
   133
   120
   132
   122
   136
   123
   137
   132
   136
   135
   141
   145
   131
   134
   143
   129
   152
   155
   136
   138
   163
   147
   144
   134
   132
   136
   143
    90
    82
   137
   150
   152
   140
   166
   142
   155
   142
   141
    83
   143
   147
   126
   140
   128
   151
   137
   135
   153
    83
   153
   136
   135
   129
   143
   152
   164
   183
   159
   176
   153
   131
   146
   150
   157
   145
   146
   146
   135
   130
   129
   123
   141
   143
   138
   132
   144
   130
   144
   144
   133
   123
   133
   115
   121
   137
   134
   139
   131
   128
   131
   137
   135
   125
   137
   122
   126
   126
   107
   129
   136
   127
   131
   121
   125
   122
   132
   122
   116
   121
   111
   129
   121
    61
    95
   103
    61
   104
   103
    61
   103
   116
   126
    71
   163
   162
   143
   156
   154
   151
   155
   160
   148
   155
   156
   155
   161
   169
   140
   136
   147
   158
   153
   143
   148
   157
   135
   134
   128
   135
   140
   115
    80
   136
    94
    94
    81
   147
   114
   124
   102
    62
   103
   113
   114
   130
   124
   128
   147
   125
   134
   151
   133
   135
   138
   133
   142
   146
   135
   136
   134
   137
   127
   122
   135
   125
   129
   135
   126
    65
    70
    71
   120
   146
    71
    66
   114
   126
   136
   127
    71
   128
   134
   121
   141
   144
    60
    71
   126
   127
    60
    71
   122
    91
   111
    91
   102
    83
    50
    82
    80
    78
    52
    86
   103
    60
    52
    93
    62
    53
    71
    53
   126
   112
   102
   105
    60
    71
   101
   107
    61
    64
    63
    70
    61
   120
   122
   104
   110
    98
   126
   121
   121
   107
   118
   114
   109
    60
   102
   102
    62
   107
    64
    72
    61
   125
   112
    63
    74
    60
    64
   112
   111
    65
    62
    71
    74
    66
    74
   127
   121
   121
   124
   134
   139
   106
    70
   101
    61
   103
    60
    92
    64
    60
    54
    42
    50
    50
    50
    83
    81
    50
    40
    51
    50
    50
    41
   103
   115
   115
    93
    61
    51
    60
    94
    94
    52
    61
    61
   114
   114
    97
   103
    50
    61
    72
    51
    52
    84
    74
    75
    71
    40
    30
    32
    30
    31
    40
    80
    71
    81
    40
    71
    71
    62
    40
    40
    41
    61
    71
    71
    62
    41
    50
    41
    60
    51
    61
    40
    52
    40
    30
    40
    41
    72
    71
    70
    61
    40
    51
    40
    71
    61
    71
    71
    71
    61
    61
    31
    30
    40
    41
    40
    30
    50
    70
    71
    50
    72
    50
    40
    40
    41
    30
    30
    31
    41
    40
    40
    71
    71
    70
    71
    81
    70
    81
    70
    71
    81
    82
    70
    81
    81
    71
    71
    83
    80
    71
    70
    71
    71
    81
    70
    61
    71
    71
    71
    71
    70
    71
    71
    61
    60
    51
    50
    62
    60
    60
    61
    71
    60
    71
    70
    71
    60
    72
    60
    81
    60
    71
    60
    70
    71
    61
    70
    71
    71
    71
    70
    71
    70
    71
    60
    61
    60
    71
    71
    60
    71
    60
    70
    71
    82
    61
    71
    70
    71
    91
    71
    82
    80
    81
    82
    71
    81
    71
    71
    80
    71
    81
    80
    71
    81
    81
    81
    73
    92
    72
    81
    80
    83
    71
    71
    70
    91
    71
    70
    81
    81
    70
    71
    91
    71
    81
    62
    80
    71
    80
    71
    70
    81
    41
    41
    40
    30
    30
    41
    72
    81
    51
    40
    42
    70
    40
    82
    60
    40
    41
    41
    40
    40
    50
    71
    71
    70
    31
    51
    40
    71
    81
    51
    40
    61
    40
    61
    94
    71
    60
    42
   107
   113
    52
    50
    50
    71
   126
   107
   102
   126
   122
   121
   122
   121
   133
   112
   113
    54
    60
    50
    64
    72
   116
   102
    91
   104
   114
    50
   103
    53
   101
   107
   115
   121
   123
   101
   115
   123
   112
   124
   110
   122
   111
   126
   131
   112
   117
   111
   123
   117
   111
   102
   116
   116
   123
   121
   125
   108
   124
   116
   133
   115
   118
   115
   125
   114
   123
    73
    71
    73
   122
   134
   134
   146
   142
   145
   143
   139
   144
   166
   145
   153
   159
   162
   146
   154
   148
   157
   165
   133
   166
   160
   144
   157
   159
   141
   164
   153
   156
   155
   146
   161
   153
   158
   155
   152
   147
    75
    87
   124
   143
    63
   125
   133
   127
   118
   142
   130
   132
   121
   130
   123
   105
    72
    73
   154
   129
    92
    73
    92
   162
    81
   176
   173
   175
   172
   172
   177
   166
   157
   170
   171
   167
   162
   151
   162
   136
   137
    73
    83
   117
   117
    70
    62
   105
    95
    91
    93
    93
    60
    62
    61
    49
    61
   101
   111
   101
   106
    81
    60
    51
    60
    60
    61
    50
   114
    86
    92
    51
    60
   105
   112
    93
    54
    87
   103
    61
    83
    94
   103
    63
    71
   141
   143
   120
   101
   112
   134
   172
   165
   174
   178
   174
   173
   172
   219
   189
   181
   182
   173
    54
    61
    62
    61
    61
    72
    60
    52
    52
    62
    70
    72
   158
   141
   140
    62
    70
   103
   130
   124
   131
   122
   152
   135
   142
   116
    71
    61
   118
   155
    98
   100
   208
   187
   184
   109
   192
   108
   186
   193
   149
   131
   132
   118
   120
    82
    81
   101
   167
   168
   148
    72
   108
   117
   101
    81
    83
   102
    87
   190
   196
   184
   209
   204
   244
   198
   213
   111
   209
   101
    73
    60
    71
    71
   116
    73
   155
    73
   151
   164
   157
    90
   145
   164
   152
   173
   152
    68
   139
   156
    71
    70
    83
    71
   149
   142
   132
    61
    71
    63
    94
    51
    88
   102
   116
    95
    70
    91
    90
   107
   206
   200
   200
   239
   226
   209
    91
   204
    71
    84
   144
   146
    85
   170
   139
   157
   157
   152
   158
   133
   152
   157
   185
   154
   158
   161
   165
   155
    87
    78
   151
   165
   163
   156
   164
   164
   169
   151
   143
   132
   136
   131
    73
    72
    63
    72
    72
    61
    70
    71
   124
   121
    70
    71
    70
   133
   122
   134
   136
   111
   125
   112
   106
   124
   103
   125
   120
   134
   117
   139
   135
   138
   132
   143
   135
   134
   137
   131
   127
   133
   127
   133
   135
   113
   115
   106
   116
   112
   116
   112
   127
   122
   125
    61
   104
   111
   134
   121
   135
   132
   123
   126
   126
   131
   122
   130
   124
   122
   135
   123
   122
   136
   113
   123
   128
   127
   121
   123
   135
   125
   126
   132
   125
   125
   123
   132
   113
   124
   131
   112
   143
   125
   127
   133
   135
   113
    71
   111
   121
   143
   127
   156
   121
   145
   122
    72
   133
   145
   162
   153
    71
   163
   113
   121
   136
   117
   114
    77
    73
   157
   191
   163
   191
   161
   172
   182
   171
   190
   186
   186
   186
   176
   194
   183
   187
   170
   154
    75
   120
   121
   143
   130
   135
   131
   124
   126
   115
   124
   132
    68
   112
   136
   118
   125
   154
   125
   135
   143
   142
   136
    81
   140
   158
   137
   149
   145
   136
   153
   165
   137
   126
   134
   134
   145
   144
   143
   144
   145
   143
   143
   134
   144
   147
   144
   146
   135
   151
   135
   146
   146
   139
   143
   132
   134
   143
   132
   143
   136
   137
   160
   133
   137
   136
   136
   132
   143
   134
   140
   138
   126
   143
    85
   120
    74
   124
   123
    72
   133
   128
   136
   135
   140
   129
   143
   135
   141
   136
   124
   123
   133
   131
   136
   135
   132
   134
   135
   132
   121
   122
   109
   147
   124
   121
   122
   119
   135
   132
   126
   123
    76
    91
   170
   169
   126
    82
    70
    72
   125
   134
   133
   135
   133
   113
   121
   124
   121
   121
   116
    80
   133
   143
   125
   137
   125
   126
   138
   128
   133
   137
   105
    91
   111
   113
   113
   134
   125
   119
   125
   124
   114
    86
   130
   112
   114
   114
   102
    93
    72
    93
    91
    81
    71
    71
    71
    80
    81
    72
    70
    71
    60
    51
    70
    50
    51
    50
    41
    40
    40
    30
    41
    71
    50
    50
    61
    50
    61
    60
    62
    70
    61
    70
    51
    50
    60
    71
    61
    61
    60
    51
    50
    61
    60
    71
    70
    61
    60
    40
    61
    51
    50
    51
    71
    81
    70
    61
    50
    50
    31
    30
    30
    31
    30
    60
    71
    60
    41
    40
    40
    50
    51
    71
    60
    81
    90
    81
    40
    30
    40
    70
    61
    50
    41
    40
    41
    40
    30
    30
    41
    50
    71
    60
    50
    41
    51
    50
    70
    61
    71
    70
    71
    71
    70
    51
    50
    41
    30
    50
    51
    60
    52
    60
    71
    61
    70
    60
    71
    60
    71
    60
    71
    71
    60
    71
    60
    71
    60
    71
    70
    71
    60
    50
    41
    60
    40
    41
    41
    40
    51
    51
    70
    61
    60
    71
    60
    61
    40
    51
    50
    61
    70
    71
    70
    61
    71
    60
    71
    70
    71
    61
    70
    71
    61
    70
    61
    60
    71
    60
    71
    61
    60
    71
    61
    71
   164
   161
   178
   161
    95
   131
   141
   123
   128
   127
   138
   125
   143
   152
   121
   143
   145
   138
   141
   147
   149
   147
   156
   146
   144
   144
   141
   144
   137
   147
   140
   143
   147
   142
   134
   143
   143
   133
   144
   143
   132
   152
   144
   142
   143
   148
   149
   146
   142
   137
   153
   138
   140
   155
   145
   143
   153
   136
   149
   153
   147
   150
   146
   132
   148
   141
   143
   133
   132
   131
   142
   144
   142
   130
   132
   146
   130
   136
   138
   132
   149
   133
   141
   138
   124
   137
   147
   124
   139
   137
   134
   136
   136
   137
   138
   132
   136
   135
   133
   136
   138
   139
   133
   132
   139
   145
   129
   134
   138
   143
   141
   136
   126
   138
   139
   137
   136
   135
   126
   139
   131
   125
   135
   123
   126
   134
   121
   136
   123
   126
   132
   122
   125
   134
   124
   135
   128
   121
   129
   133
   120
   127
   125
   120
   130
   121
   122
   144
   113
   122
   113
   117
   104
   116
   122
   132
   115
   105
   106
   102
   104
   102
   101
   104
    62
    60
    97
    71
   112
   120
    60
   113
   101
    95
   104
   106
   105
   103
    91
   105
   113
   107
   111
   111
   113
   109
   106
   121
   111
   114
   102
   102
    92
   114
   123
   107
   113
   104
    93
    92
    92
   102
   109
   101
    93
   104
    94
    50
    52
    96
    41
    54
    92
    44
    93
    51
    62
    92
    82
    80
    52
    90
    81
    81
    91
    81
    72
    81
    70
    82
    71
    70
    61
    61
    61
    44
    50
    40
    71
    71
    30
    62
    41
    71
    40
    42
    51
    83
    82
    40
    40
    51
    50
    51
    80
    97
    91
    82
    83
    82
    51
    83
   104
    92
    90
    73
   110
   110
   121
   124
   127
   128
   118
   115
   106
   126
   118
   105
   138
   135
   144
   133
   114
   123
   104
    82
    71
    72
    70
    71
    71
    81
    81
    81
    71
    61
    71
    70
    92
    92
    71
    70
    91
    72
    73
    70
    81
    90
    51
    51
    82
    70
    72
    71
    72
    61
    61
    61
    60
    51
    50
    61
    61
    50
    61
    50
    51
    61
    51
    51
    30
    30
    31
    50
    71
    60
    61
    60
    40
    41
    40
    60
    52
    30
    41
    30
    30
    30
    51
    42
    40
    30
    50
    61
    70
    81
    40
    30
    41
    50
    70
   156
   156
    69
   168
   169
   160
   184
   213
   210
   216
   204
   204
   212
   185
   211
   207
   214
   226
   232
   228
   232
   217
   201
   186
   148
   164
   142
   154
   134
   130
   122
   135
   123
   112
   104
   119
    73
    80
   136
   195
   197
   216
   225
   221
   230
   194
   208
   262
    97
   112
    92
   100
    82
    81
    71
    81
    71
    82
    95
    70
    71
    85
   135
   136
   123
    72
   139
   149
   124
   125
   144
   164
   164
   166
   166
   166
   167
   173
   173
   167
   163
   176
   180
   165
   167
   173
   163
   116
   260
   255
   250
   250
   252
   252
   236
   248
   249
   278
   271
   259
   253
   256
   240
   253
   259
   239
   270
   245
   244
   245
   247
   246
   224
   229
   220
   189
    96
   159
   196
   194
   200
   181
   205
   185
   214
   193
   184
   190
   198
   187
   185
   192
   178
   191
   208
   222
   216
   215
   218
   189
   203
   197
   187
   185
   188
   201
   209
   237
   243
   221
   225
   229
   218
   218
   217
   204
   204
    95
   204
   201
   102
   150
   137
   125
    67
    70
   102
    70
    73
   115
   103
   111
   122
   104
    60
    73
    62
    60
    64
   115
   102
   115
   116
   114
   102
   113
   104
   115
   113
   105
libXxf86vm.so unloaded.
libGLU.so unloaded.
libGL.so unloaded.
libopenal.so unloaded.
Cleanup
{P cpuid= 0, pid= 498 Events: System event log shut down.}
WindowManager: Window manager closed
{P cpuid= 0, pid= 498 Files: 6 open files}
Objects 5849 discarded finalizers, 0 pending finalizers
UnixFiles 6 discarded finalizers, 0 pending finalizers
