Kernel: Initialized and started.
Default font installedOpenType 0.45 BBPort /3.12.2004  eos, pl
ArrayBase: setting runtime library (semi-optimized) default methods.
ArrayBaseOptimized: installing runtime library optimizations:ASM SSE SSE2 SSE3  done.
libGL.so loaded.
libGLU.so loaded.
libXxf86vm.so loaded.
*EEEEP!JPEG: Progressive Huffmann not supported
20)
JPEG: Progressive Huffmann not supported
20)
JPEG: Progressive Huffmann not supported
20)
JPEG: Progressive Huffmann not supported
20)
JPEG: Progressive Huffmann not supported
20)
JPEG: Progressive Huffmann not supported
20)
EEEEP!    41
    40
    30
    41
    30
    30
    40
    41
    30
    30
    31
    30
    30
    31
    30
    30
    41
    40
    50
    31
    31
    30
    30
    51
    40
    30
    51
    40
    30
    30
    30
    30
    41
    30
    30
    31
    30
    30
    30
    30
    30
    31
    30
    30
    31
    30
    30
    30
    30
    30
    31
    30
    30
    31
    30
    40
    40
    30
    31
    30
    30
    30
    31
    30
    30
    30
    31
    30
    30
    30
    31
    30
    30
    31
    30
    30
    30
    40
    40
    41
    40
    40
    30
    31
    30
    31
    31
    30
    30
    30
    30
    31
    30
    40
    41
    30
    31
    30
    30
    30
    31
    30
    31
    40
    30
    31
    30
    30
    41
    30
    30
    30
    30
    30
    31
    30
    40
    41
    41
    41
    41
    41
    40
    40
    41
    30
    30
    31
    40
    40
    71
    71
    41
    40
    40
    71
    81
    80
    61
    40
    40
    41
    30
    40
    61
    71
    70
    61
    40
    40
    51
    40
    30
    30
    40
    30
    30
    31
    41
    80
    71
    70
    51
    60
    41
    70
    73
    94
    72
    81
    91
    81
    81
    83
    81
    80
    81
    82
    71
    81
    83
    81
    71
    91
    81
    70
    83
    80
    81
    74
    82
    62
    81
    41
    81
    71
    91
    90
    91
    95
   101
    71
    81
    85
    70
    71
    81
    72
    72
    82
    65
   113
   102
   106
    94
    62
    63
    73
   106
   111
   104
    62
    62
   102
    91
   104
    60
    61
    93
   103
    70
    81
    81
    83
    81
    91
    70
    71
    41
    71
    60
    60
   120
    64
   107
   103
   112
   102
   111
   101
    91
    71
    61
    72
    61
    93
    94
   102
   104
    83
    86
    74
    93
   101
    63
   137
   133
   121
   130
   133
   134
   121
    70
   114
   102
    91
   103
   105
   101
    83
   110
   117
   136
   145
   150
   135
   145
   143
   138
   136
   132
   129
   127
   132
   137
   136
   136
   135
   131
   135
   126
   124
   128
   116
   121
   117
   115
   132
   124
   116
   114
   111
   111
   124
    95
    96
    43
    51
    74
    73
    81
    72
    80
    71
    40
    70
    41
    40
    40
    41
    40
    70
    71
    60
    71
    40
    40
    30
    31
    30
    30
    31
    61
    70
    61
    40
    30
    30
    41
    40
    31
    50
    61
    70
    51
    40
    43
    50
    60
   115
   113
   112
   107
   123
   112
   122
   110
   114
   115
   115
   113
   114
   111
   121
   112
   111
   124
   114
   115
   126
   114
   123
   108
   114
   115
   117
   105
   113
    51
   123
   122
   105
   107
   106
   114
    89
   102
   106
   102
   101
   104
   103
   104
   101
   101
    94
   104
   102
   104
   103
   101

LinuxAos (rev.4947)

Trap   11 (Segmentation violation)
SP = 00000000H, FP = 00000000H, PC = F7405F64H


LinuxAos (rev.4947)

==== recursive Trap  11 (Segmentation violation)


----------------------------------------------------
