Kernel: Initialized and started.
X11 Display depth = 24
Default font installedOpenType 0.45 BBPort /3.12.2004  eos, pl
WindowManager: 24-bit color
WindowManager: Display resolution: 1440x878x24
DisplayRefresher installed.
Autostart: executing FSTools.Mount Work RelativeFileSystem ./
Work: mounted
Autostart: executing FileTrapWriter.Install
Autostart: executing WMTrapWriter.Install
{P cpuid= 0, pid= 31 Events: System event log started.}
WMMacros: Macro file Macros.XML loaded.
Autostart: executing UpTime.Install
Uptime monitor started.
Autostart: executing StartMenu.Open
Autostart: executing SkinEngine.Load xenoxolotl.skin
SkinEngine : Loading xenoxolotl.skin...ok
Autostart: executing WMRestorable.Load Auto.dsk
{P cpuid= 0, pid= 68 Starting logger}
WMRestorable: Loading desktop from Auto.dsk...
Autostart: executing WMNavigate.Open -vs 1 0 0 Navigation:TaskList
SyntaxHighlighter: Auto-loading SyntaxHighlighter.XML ... done.
	ReleaseTree@0	error: HEADER section expected
******* Check error **********  807
ModuleParser: Error at pos 951
ModuleParser: Error at pos 959
******* Check error **********  967
err3: 1211
******* Check error **********  159
err3: 159
ArrayBase: setting runtime library (semi-optimized) default methods.
ArrayBaseOptimized: installing runtime library optimizations:ASM SSE SSE2 SSE3  done.
libGL.so loaded.
libGLU.so loaded.
libXxf86vm.so loaded.
*EEEEP!JPEG: Progressive Huffmann not supported
20)
JPEG: Progressive Huffmann not supported
20)
JPEG: Progressive Huffmann not supported
20)
JPEG: Progressive Huffmann not supported
20)
JPEG: Progressive Huffmann not supported
20)
JPEG: Progressive Huffmann not supported
20)
EEEEP!    40
    50
    51
    50
    40
    51
    60
    50
    51
    50
    40
    50
    41
    51
    50
    40
    51
    40
    51
    40
    51
    50
    50
    81
    80
    71
    50
    40
    41
    50
    50
    41
    51
    50
    50
    60
    41
    50
    51
    50
    50
    41
    61
    50
    40
    51
    50
    40
    41
    50
    71
    40
    60
    41
    50
    80
    51
    50
    40
    52
    50
    60
    61
    40
    50
    51
    50
    41
    50
    50
    51
    40
    50
    51
    50
    40
    51
    50
    40
    60
    41
    40
    61
    50
    41
    50
    51
    50
    50
    51
    50
    50
    51
    40
    50
    41
    40
    40
    50
    51
    50
    40
    51
    50
    50
    51
    50
    40
    51
    40
    50
    51
    41
    50
    50
    51
    50
    50
    41
    50
    50
    51
    50
    50
    61
    50
    51
    50
    40
    51
    50
    40
    40
    51
    50
    51
    50
    50
    41
    50
    40
    51
    50
    40
    51
    50
    40
    51
    50
    60
    51
    50
    50
    51
    50
    40
    50
    61
    60
    41
    60
    51
    50
    50
    50
    51
    40
    60
    51
    50
    41
    50
    60
    41
    50
    40
    51
    50
    51
    50
    50
    51
    50
    40
    51
    50
    50
    41
    50
    51
    50
    50
    41
    50
    50
    40
    51
    40
    51
    50
    51
    50
    51
    50
    40
    50
    41
    50
    51
    50
    50
    51
    40
    50
    51
    40
    40
    40
    51
    51
    50
    50
    51
    50
    50
    51
    40
    61
    50
    40
    51
    50
    40
    51
    50
    40
    50
    51
    50
    50
    51
    40
    50
    51
    40
    50
    51
    40
    50
    41
    50
    51
    50
    40
    51
    50
    50
    51
    40
    51
    50
    50
    51
    50
    50
    41
    50
    40
    50
    51
    50
    51
    40
    50
    51
    50
    50
    51
    40
    50
    51
    40
    50
    41
    60
    41
    50
    50
    41
    50
    50
    41
    40
    51
    40
    50
    51
    40
    40
    50
    51
    50
    51
    50
    50
    51
    50
    50
    51
    40
    51
    50
    40
    51
    50
    40
    40
    51
    50
    40
    51
    40
    40
    50
    51
    40
    51
    50
    51
    50
    50
    51
    40
    50
    41
    50
    50
    50
    51
    40
    51
    40
    60
    51
    50
    51
    50
    40
    51
    50
    50
    51
    50
    41
    50
    50
    40
    51
    50
    50
    51
    51
    60
    40
    51
    50
    50
    40
    52
    50
    50
    51
    50
    41
    50
    50
    40
    51
    40
    51
    51
    61
    50
    40
    51
    50
    50
    41
    50
    50
    41
    50
    50
    51
    50
    50
    41
    50
    51
    50
    50
    50
    41
    50
    51
    40
    51
    40
    61
    40
    50
    51
    40
    50
    50
    51
    50
    51
    50
    40
    51
    51
    40
    50
    51
    40
    50
    51
    50
    50
    50
    41
    50
    40
    51
    40
    50
    51
    40
    51
    40
    51
    50
    51
    50
    40
    51
    50
    40
    50
    51
    50
    40
    51
    40
    50
    41
    50
    40
    51
    50
    51
    40
    50
    51
    50
    51
    50
    40
    51
    40
    50
    51
    50
    40
    51
    40
    50
    51
    50
    50
    51
    50
    40
    51
    40
    50
    40
    51
    40
    50
    51
    50
    51
    40
    50
    51
    50
    50
    41
    41
    50
    40
    50
    51
    50
    50
    41
    50
    50
    41
    50
    50
    51
    50
    41
    50
    50
    41
    50
    50
    41
    50
    40
    51
    50
    40
    51
    50
    50
    41
    50
    50
    51
    50
    40
    50
    51
    40
    50
    51
    50
    50
    50
    41
    50
    50
    41
    50
    40
    50
    41
    50
    50
    51
    40
    51
    50
    40
    51
    40
    50
    51
    50
    40
    50
    51
    50
    50
    51
    40
    51
    50
    50
    51
    40
    50
    40
    41
    50
    51
    50
    40
    61
    50
    40
    51
    50
    51
    40
    50
    51
    50
    51
    40
    50
    51
    41
    50
    50
    51
    40
    50
    51
    50
    40
    50
    51
    50
    40
    41
    50
    51
    50
    50
    41
    50
    50
    50
    51
    50
    40
    51
    50
    50
    41
    50
    50
    61
    40
    50
    51
    50
    40
    41
    50
    50
    51
    40
    50
    51
    40
    50
    51
    50
    50
    41
    51
    50
    50
    40
    51
    50
    50
    51
    50
    40
    51
    40
    50
    41
    50
    50
    51
    50
    51
    50
    41
    50
    50
    51
    50
    40
    51
    50
    50
    50
    51
    50
    50
    51
    40
    50
    51
    40
    50
    51
    50
    50
    41
    50
    40
    60
    51
    50
    41
    50
    51
    50
    50
    50
    51
    50
    50
    51
    50
    40
    51
    40
    40
    51
    40
    40
    51
    51
    50
    40
    51
    50
    50
    51
    40
    50
    51
    50
    50
    40
    51
    50
    40
    51
    50
    40
    51
    50
    40
    51
    50
    40
    51
    50
    41
    50
    50
    51
    50
    50
    40
    51
    51
    40
    50
    51
    50
    50
    51
    50
    40
    41
    50
    40
    50
    51
    50
    40
    51
    40
    50
    61
    41
    50
    51
    40
    50
    51
    50
    40
    61
    50
    50
    51
    50
    50
    50
    41
    50
    50
    52
    50
    40
    50
    51
    40
    51
    50
    41
    40
    50
    51
    40
    50
    51
    61
    50
    40
    50
    51
    40
    50
    51
    40
    51
    40
    50
    51
    50
    50
    41
    60
    71
    90
    51
    90
    40
    51
    50
    50
    41
    50
    70
    71
    40
    51
    40
    50
    51
    40
    50
    51
    50
    40
    51
    51
    50
    40
    50
    51
    40
    50
    51
    40
    50
    51
    50
    40
    51
    50
    40
    51
    40
    51
    40
    50
    51
    50
    41
    50
    51
    40
    51
    50
    50
    41
    40
    60
    51
    40
    50
    50
    71
    50
    50
    51
    50
    50
    41
    50
    70
    51
    50
    51
    50
    51
    50
    51
    50
    40
    51
    50
    40
    51
    50
    60
    51
    40
    51
    40
    51
    50
    50
    41
    50
    50
    51
    50
    50
    51
    41
    50
    41
    50
    40
    50
    51
    50
    51
    50
    51
    50
    50
    51
    40
    50
    50
    51
    40
    50
    41
    50
    50
    51
    50
    40
    50
    51
    40
    50
    51
    40
    50
    51
    51
    40
    51
    40
    50
    50
    41
    50
    51
    41
    50
    41
    50
    50
    51
    40
    51
    50
    50
    51
    50
    51
    40
    40
    61
    40
    61
    50
    40
    51
    50
    40
    51
    50
    50
    51
    50
    50
    41
    50
    40
    50
    51
    50
    40
    51
    50
    50
    50
    51
    40
    50
    51
    40
    60
    51
    50
    41
    60
    40
    51
    50
    40
    51
    40
    50
    51
    50
    50
    51
    50
    50
    40
    51
    50
    50
    41
    50
    50
    51
    50
    50
    41
    50
    40
    50
    51
    50
    40
    51
    50
    40
    51
    50
    40
    40
    51
    50
    50
    51
    40
    50
    51
    50
    41
    50
    51
    50
    50
    40
    41
    50
    50
    40
    51
    40
    51
    60
    61
    40
    60
    51
    50
    60
    41
    50
    41
    40
    51
    40
    40
    50
    51
    50
    51
    50
    91
    60
    40
    51
    40
    50
    50
    51
    50
    50
    41
    40
    50
    61
    50
    51
    70
    60
    61
    50
    50
    51
    50
    50
    51
    50
    40
    51
    50
    50
    41
    50
    50
    41
    50
    40
    51
    50
    40
    50
    61
    50
    40
    51
    51
    50
    40
    51
    50
    50
    51
    40
    50
    40
    51
    40
    50
    40
    51
    50
    50
    81
    50
    51
    50
    50
    51
    50
    51
    50
    50
    51
    50
    50
    51
    50
    41
    50
    51
    50
    40
    40
    51
    50
    60
    51
    51
    50
    40
    51
    50
    40
    51
    50
    50
    51
    50
    40
    51
    50
    50
    61
    70
    61
    50
    40
    81
    50
    71
    40
    60
    41
    60
    50
    61
    60
    50
    51
    50
    60
    61
    50
    51
    40
    50
    40
    61
    50
    51
    60
    50
    51
    40
    50
    51
    50
    50
    51
    40
    51
    50
    41
    50
    50
    51
    50
    50
    51
    40
    50
    41
    50
    40
    41
    50
    50
    40
    61
    50
    51
    40
    51
    50
    50
    51
    50
    40
    50
    51
    40
    51
    40
    50
    50
    51
    40
    50
    41
    50
    50
    51
    40
    50
    40
    51
    40
    61
    50
    51
    60
    61
    50
    50
    51
    51
    50
    40
    51
    50
    51
    50
    40
    81
    41
    60
    40
    51
    50
    51
    40
    50
    50
    51
    51
    60
    40
    51
    50
    50
    41
    60
    50
    51
    40
    50
    41
    50
    51
    40
    40
    51
    40
    50
    71
    50
    50
    51
    50
    41
    50
    50
    51
    40
    50
    41
    50
    50
    41
    50
    51
    50
    50
    41
    50
    51
    50
    51
    40
    50
    40
    51
    40
    51
    40
    50
    51
    40
    50
    51
    40
    50
    40
    51
    50
    50
    41
    50
    40
    51
    50
    50
    40
    51
    40
    51
    50
    41
    50
    50
    41
    50
    50
    51
    40
    50
    50
    41
    50
    51
    50
    50
    50
    41
    60
    41
    50
    50
    51
    40
    51
    50
    50
    51
    50
    50
    61
    60
    71
    60
    50
    41
    60
    50
    51
    50
    70
    41
    50
    51
    40
    51
    50
    50
    61
    40
    61
    40
    51
    50
    50
    51
    60
    40
    51
    50
    50
    51
    50
    60
    51
    50
    51
    50
    40
    61
    50
    50
    41
    50
    60
    51
    50
    50
    51
    50
    40
    61
    50
    50
    51
    40
    50
    40
    51
    40
    50
    51
    40
    50
    52
    40
    41
    50
    50
    51
    40
    50
    50
    51
    50
    71
    50
    50
    40
    71
    40
    50
    41
    50
    41
    50
    40
    51
    60
    41
    50
    50
    51
    50
    40
    50
    61
    50
    41
    50
    40
    71
    50
    40
    51
    50
    40
    51
    60
    40
    50
    51
    50
    50
    51
    50
    50
    51
    40
    50
    51
    50
    50
    51
    50
    40
    40
    51
    60
    61
    40
    60
    51
    60
    51
    50
    51
    70
    50
    51
    50
    51
    50
    41
    50
    50
    40
    51
    50
    40
    51
    50
    40
    50
    51
    50
    51
    50
    51
    50
    40
    51
    50
    50
    51
    50
    50
    50
    51
    50
    40
    51
    50
    70
    51
    41
    50
    50
    50
    41
    50
    61
    40
    71
    70
    51
    50
    40
    51
    61
    60
    71
    60
    61
    70
    60
    61
    60
    61
    61
    60
    81
    70
    60
    61
    60
    61
    70
    61
    70
    61
    60
    91
    80
    81
    83
    80
    82
    80
    83
    81
    80
    81
    50
    51
    60
    61
    71
    83
    91
    81
    50
    81
    81
    81
    80
    71
    70
    83
    91
    91
    72
    91
    80
    71
    70
    93
    91
   101
    92
    91
    87
   103
    91
    91
    94
   111
    91
   101
    74
    81
    62
    83
    90
    85
   119
   130
   142
   126
   144
   140
   133
   136
   134
   127
   132
   143
   123
   131
   133
   131
   132
   133
   139
   124
   131
   106
   118
   132
   114
   123
   126
   124
   122
   122
   113
   112
   103
   104
    92
    92
   111
    82
    81
    50
    61
    60
    61
    55
    60
    62
    70
    61
    50
    61
    60
    61
    50
    61
    71
    60
    50
    61
    73
    82
    72
    62
    50
    60
    64
    62
    81
   104
    94
    81
    84
    90
   112
    96
    94
   105
    85
    91
   104
   101
   104
   104
    93
   100
    71
    80
    71
    61
    62
    74
    80
    82
    83
    84
    81
    60
    61
    71
    70
    61
    61
    60
    61
    50
    81
    60
    62
    71
    70
    71
    71
    70
    72
    81
    71
    81
    72
    60
    81
    81
    80
    71
    81
    82
    91
    91
    92
   109
   101
   113
   103
   123
   113
   123
   113
   103
   109
    93
    81
   116
   137
   131
   151
    72
    70
    82
    84
    94
   101
    83
    84
    84
    81
    81
    82
    81
    82
    91
    72
    70
    91
   104
   117
   104
   124
   122
   108
   116
   115
   115
   100
   112
    91
   101
   101
   111
   102
   100
   108
   115
    93
    96
   107
    97
   109
   127
   146
   137
   132
   135
   124
   140
   115
   117
   114
   112
   113
   102
   103
   102
   101
    92
    83
    83
    91
    61
    72
    92
    91
    91
    72
    81
    63
    80
    81
    83
    81
    81
    82
    81
    92
    80
    81
    80
    82
    72
    70
    83
    70
    94
    81
    81
    82
    72
    81
    92
    80
    81
    81
    81
    81
    60
    71
    70
    71
    60
    60
    71
    71
    50
    81
    60
    71
    70
    61
    70
    71
    71
    60
    62
    70
    71
    81
    80
    81
    92
    80
    91
   104
    93
   110
    91
    95
   101
    80
    91
   102
    83
    96
    93
    82
    90
    81
    81
    97
    86
   114
   100
   116
   126
   123
   121
   116
   113
   123
   119
   112
   117
   112
   120
   112
   124
   112
   116
   125
   121
   121
   122
   122
   118
   122
   115
   114
   124
   117
   123
   132
   118
   121
   121
   119
   128
   119
   124
   124
   125
   103
   113
   102
   115
   114
   101
   111
   111
   103
    89
    93
    92
    82
   101
    92
    76
   102
    80
    71
    81
    71
    81
    71
    71
    71
    70
    82
    51
    61
    70
    70
    73
    76
    93
    91
   106
   104
   116
   139
   124
   128
   103
   113
   114
   108
   111
   112
   101
   103
    92
    92
   101
    61
    71
    71
    70
    61
    70
    70
    61
    71
    70
    70
    52
    70
    70
    71
    51
    72
    71
    72
    71
    60
    51
    61
    62
    70
    61
    61
    50
    50
    61
    70
    71
    70
    50
    61
    50
    51
    71
    61
    70
    71
    72
    81
    80
    81
    70
    81
    71
    81
    82
    72
    80
    71
    72
    82
    70
    81
    70
    71
    82
    73
    71
    83
    81
    71
    71
    81
    71
    81
    60
    61
    80
    71
    70
    71
    61
    71
    72
    81
    81
    81
    60
    81
    81
    73
    80
    82
    81
    70
    82
    82
    70
    81
    60
    60
    73
    91
    80
    73
    62
    82
    82
    81
    82
    71
    81
    62
    81
    71
    80
    71
    81
    71
    83
    75
    81
    82
    71
    82
    70
    81
    70
    71
    81
    60
    81
    71
    70
    71
    70
    82
    71
    70
    81
    70
    61
    60
    71
    91
    70
    81
    91
    82
    70
    70
    72
    61
    71
    82
    80
    73
    71
    85
    91
    72
    83
    91
    80
    91
    81
    91
    92
    92
   102
    82
   101
    91
    82
    91
    94
    91
    94
    94
    81
    91
    90
   117
   100
    81
    90
    81
    61
    71
    83
    84
    81
    80
    71
    71
    72
    83
    97
    92
   104
    51
    92
    72
    70
    71
    81
    80
    61
    60
    60
    60
    42
    51
    70
    72
    70
    61
    60
    50
    51
    50
    51
    60
    50
    74
    91
    71
    72
    61
    70
    61
    71
    60
    72
    70
    72
    80
    82
    81
    71
    71
    82
    80
    83
    81
   100
    73
    90
   108
    91
   101
    80
    91
    83
    83
    83
    95
    92
    91
    93
    62
    92
    93
    91
    84
    85
    72
    62
    72
    82
    81
    74
    70
   105
   139
   100
   106
    94
   103
   105
   110
    91
    94
    93
   100
    92
    81
    90
   108
    95
   105
   100
   112
    90
    93
   104
   102
    84
    91
    82
    81
    93
   107
   105
   117
   104
   103
    92
    75
    71
    61
    60
    92
    97
    95
   102
   102
   101
   102
    91
    82
    83
    72
    70
    71
    71
    81
    80
    87
   100
   112
    92
   101
   111
   121
   112
   105
   125
   122
   114
   119
   141
   125
   135
   132
   146
   106
   103
   113
    71
   113
   112
   104
   107
   127
   121
   124
   108
   120
   112
   111
   124
   126
   131
   121
   132
   116
   137
   145
   124
   120
   120
   120
   123
   111
   110
   116
   103
   111
    91
    96
    92
   112
    92
    94
    70
   106
   105
    80
    94
   121
   115
   137
   122
   127
   121
   118
   111
   102
    80
    94
    93
    81
    80
    81
    61
    80
    72
    92
    85
    93
   105
    96
   115
   101
   103
   101
   104
   114
   104
   113
   109
   117
   113
   112
   104
   111
   114
   105
   115
   113
   104
   101
   106
    92
   103
    83
    83
    92
    71
    84
    82
    80
    72
    81
    83
    81
    71
    71
    63
    50
    51
    60
    51
    71
    50
    71
    70
    73
    60
    50
    61
    62
    61
    70
    81
    71
    61
    81
    51
    62
    60
    61
    60
    61
    50
    61
    71
    71
    70
    71
    70
    82
    60
    62
    70
    71
    71
    71
    71
    70
    81
    71
    70
    81
    80
    71
    71
    80
    82
    71
    80
    81
    71
    71
    71
    71
    81
    71
    71
    60
    71
    60
    71
    71
    71
    61
    70
    70
    71
    70
    71
    71
    71
    70
    81
    61
    70
    60
    61
    50
    83
    82
    82
    85
    81
   102
    94
   103
    92
    90
    93
   103
   101
   121
   114
   115
   124
   114
   113
   111
   103
   112
   113
    93
   100
    83
    81
    91
    82
    92
    96
   102
   102
    91
   104
   102
    94
   101
    92
   112
   103
   104
   101
    91
    92
    88
   112
    93
   135
   132
    72
   145
   143
   143
   135
   150
   141
   154
   134
   146
   145
   145
   151
   141
   157
X11 I/O Error
libXxf86vm.so unloaded.
libGLU.so unloaded.
libGL.so unloaded.
libopenal.so unloaded.
Cleanup
{P cpuid= 0, pid= 318 Events: System event log shut down.}
WindowManager: Window manager closed
{P cpuid= 0, pid= 318 Files: 10 open files}
Objects 6995 discarded finalizers, 0 pending finalizers
UnixFiles 10 discarded finalizers, 0 pending finalizers
