Kernel: Initialized and started.
X11 Display depth = 24
Default font installedOpenType 0.45 BBPort /3.12.2004  eos, pl
WindowManager: 24-bit color
WindowManager: Display resolution: 1432x992x24
DisplayRefresher installed.
Autostart: executing FSTools.Mount Work RelativeFileSystem ./
Work: mounted
Autostart: executing FileTrapWriter.Install
Autostart: executing WMTrapWriter.Install
{P cpuid= 0, pid= 31 Events: System event log started.}
WMMacros: Macro file Macros.XML loaded.
Autostart: executing UpTime.Install
Uptime monitor started.
Autostart: executing StartMenu.Open
Autostart: executing SkinEngine.Load xenoxolotl.skin
SkinEngine : Loading xenoxolotl.skin...ok
Autostart: executing WMRestorable.Load Auto.dsk
{P cpuid= 0, pid= 67 Starting logger}
WMRestorable: Loading desktop from Auto.dsk...
Autostart: executing WMNavigate.Open -vs 1 0 0 Navigation:TaskList
SyntaxHighlighter: Auto-loading SyntaxHighlighter.XML ... done.
	ReleaseTree@0	error: HEADER section expected
ArrayBase: setting runtime library (semi-optimized) default methods.
ArrayBaseOptimized: installing runtime library optimizations:ASM SSE SSE2 SSE3  done.
libGL.so loaded.
libGLU.so loaded.
libXxf86vm.so loaded.
*EEEEP!JPEG: Progressive Huffmann not supported
20)
JPEG: Progressive Huffmann not supported
20)
JPEG: Progressive Huffmann not supported
20)
JPEG: Progressive Huffmann not supported
20)
JPEG: Progressive Huffmann not supported
20)
JPEG: Progressive Huffmann not supported
20)
EEEEP!    73
    80
    76
    70
    81
    81
    76
    81
    80
    72
    76
    81
    75
    83
    82
    74
    80
    87
    81
    69
    81
    74
    85
    77
    81
    73
    86
    72
    80
    71
    84
    81
    75
    82
    75
    73
    83
    76
    82
    72
    85
    71
    85
    72
    80
    74
    84
    76
    91
    80
    81
    83
    80
    81
    80
    72
    87
    91
    72
    82
    83
    83
    80
    91
    80
    82
    78
    77
    72
    81
    77
    80
    71
    80
   101
    82
    70
    83
    80
    74
    91
    71
    84
    74
    70
    86
    74
    81
    70
    85
    73
    81
    71
    80
    91
    80
    87
    78
    81
    81
    65
    75
    85
    93
    82
    83
    71
    74
    71
   103
    76
    75
    94
    71
    91
    77
    80
    83
    80
    73
    83
    96
    71
    80
    81
    83
    80
    82
    80
    76
    81
    82
    81
    82
    86
    81
    80
    81
    77
    72
    80
    81
    83
    82
    70
    80
    78
    74
    71
    81
    72
    90
    71
    82
    80
    81
    82
    94
    81
    75
    77
    73
    91
    84
    85
    71
    81
    82
    70
    81
    81
    83
    83
    75
    81
    75
    80
    81
    80
    81
    82
    76
    80
    75
    81
    76
    73
    72
    81
    81
    75
    82
    81
    77
    86
    74
    81
    79
    72
    83
    70
    70
    83
    73
    73
    82
    83
    77
    80
    71
    80
    80
    81
    78
    82
    81
    74
    81
    84
    77
    83
    84
    70
    84
    71
    82
    77
    91
    74
    83
    84
    77
    91
    75
    81
    81
    80
    83
    81
    75
    73
    81
    91
    74
    85
    82
    70
    77
    81
    83
    81
    81
    73
    71
    74
    86
    77
    70
    82
    90
    79
    81
    77
    78
    81
    73
    81
    76
    73
    81
    91
    70
    84
    75
    73
    84
    70
    76
    80
    79
    70
    81
    81
    74
    76
    71
    81
    71
    81
    82
    90
    75
    83
    76
    74
    84
    75
    75
    71
    81
    81
    82
    76
    79
    81
    73
    80
    72
    77
    81
    81
    72
    80
    85
    81
    72
    80
    81
    79
    80
    91
    81
    81
    84
    84
    81
    94
    82
    87
    78
    80
    91
    71
    83
    80
    71
    84
    73
    81
    74
    80
    81
    82
    74
    82
    71
    79
    81
    80
    80
    75
    72
    85
    71
    81
    81
    71
    84
    81
    70
    92
    75
    80
    80
    82
    81
    70
    81
    81
    72
    87
    83
    71
    81
    84
    81
    73
    82
    81
    73
    81
    83
    51
    52
    50
    42
    50
    52
    51
    51
    52
    50
    50
    51
    52
    52
    53
    45
    60
    52
    52
    62
    63
    61
    72
    66
    70
    51
    60
    61
    61
    54
    60
    61
    60
    60
    61
    60
    60
    52
    51
    60
    53
    50
    51
    52
    52
    60
    61
    60
    52
    60
    64
    60
    61
    55
    55
    63
    50
    62
    52
    61
    64
    60
    71
    57
    69
    70
    61
    60
    60
    69
    64
    64
    54
    71
    65
    55
    72
    62
    62
    64
    60
    71
    58
    61
    71
    61
    64
    63
   140
   125
   133
   141
   124
    64
   141
    70
   127
   127
   122
   135
   136
   116
   121
   104
   114
   101
   117
   109
   115
   103
   114
   102
   122
   112
   111
   101
   100
   112
   102
    50
    50
    52
    50
    62
    50
    50
    64
    46
    61
    52
    50
    50
    61
   103
   101
    62
    60
    52
    63
    51
   102
   102
    62
   102
    99
   111
   103
   105
    97
   104
   116
   103
   105
   102
   102
   102
   112
   101
   111
   104
   103
   114
   103
   103
   113
   101
    96
   103
   102
   112
    91
    94
   114
    94
   101
   104
   103
   113
   104
   103
   101
   106
   111
   102
   102
   106
   101
    97
   104
   112
   103
   104
   112
    96
   104
   111
   102
    93
   105
   110
   102
   101
   103
   113
   104
   101
   111
   110
   103
   101
   100
   103
   105
   114
   106
    92
   108
    93
   104
    96
    95
   104
    97
   101
    91
   102
   108
    94
   100
   103
    93
   100
   101
    92
    94
   103
    91
   104
    90
   102
   101
    90
    91
   100
   102
    90
    92
   101
    91
    91
   102
    92
   101
    91
    94
   101
    93
   101
    91
    92
   101
    94
    93
   100
    94
    91
   101
    91
    91
    91
    91
    91
    51
    50
    51
    40
    50
    51
    40
    51
    50
    50
    51
    40
    41
    40
    81
    83
    82
    42
    50
    50
    42
    50
    82
    92
    50
    41
    41
    50
    53
    40
    51
    50
    41
    51
    50
    81
    90
    84
   103
    50
    51
    51
    42
    94
    94
   104
    61
    50
   113
    95
   112
    56
   114
   102
   105
   103
   103
    62
    55
    52
    51
    62
    50
    47
    56
    50
    54
    53
    51
    53
   101
    50
    92
    50
    50
    53
    50
    91
    94
    92
    91
    97
    95
    93
    92
    92
   103
    93
   100
    91
   101
    91
    82
   102
    91
    81
    81
    92
    81
    91
    71
    81
    80
    80
    71
    92
    71
    72
    80
    61
    71
    71
    61
    60
    61
    71
    71
    70
    70
    71
    60
    71
    70
    71
    70
    61
    60
    51
    70
    71
    40
    30
    31
    30
    30
    41
    30
    30
    31
    40
    30
    61
    71
    70
    40
    31
    31
    40
    40
    41
    30
    30
    30
    62
    71
    70
    40
    51
    41
    40
    40
    61
    31
    62
    71
    40
    71
    30
    30
    30
    60
    71
    71
    50
    30
    41
    40
    41
    30
    30
    31
    30
    61
    62
    71
    41
    41
    30
    31
    60
    71
    70
    62
    70
    60
    61
    70
    71
    70
    60
    71
    60
    71
    61
    60
    71
    60
    71
    61
    70
    60
    71
    60
    71
    70
    60
    61
    70
    71
    60
    70
    71
    61
    70
    71
    60
    60
    71
    71
    70
    71
    70
    60
    72
    70
    71
    70
    71
    70
    71
    71
    61
    72
    71
    71
    60
    72
    70
    71
    80
    72
    70
    71
    72
    70
    71
    70
    81
    60
    61
    71
    72
    71
    71
    70
    70
    71
    80
    71
    40
    42
    40
    41
    40
    40
    32
    40
    30
    40
    32
    40
    41
    40
    61
    81
    70
    41
    50
    31
    30
    40
    41
    70
    71
    71
    70
    42
    41
    41
    40
    41
    40
    71
    70
    71
    40
    71
    71
    81
    70
    72
    70
    81
    70
    70
    71
    81
    70
    61
    71
    81
    71
    81
    71
    70
    71
    70
    71
    71
    71
X11 I/O Error
IDCT: INT method
WMMessages: [TRAP]
