Kernel: Initialized and started.
X11 Display depth = 24
Default font installedOpenType 0.45 BBPort /3.12.2004  eos, pl
WindowManager: 24-bit color
WindowManager: Display resolution: 1440x878x24
DisplayRefresher installed.
Autostart: executing FSTools.Mount Work RelativeFileSystem ./
Work: mounted
Autostart: executing FileTrapWriter.Install
Autostart: executing WMTrapWriter.Install
{P cpuid= 0, pid= 31 Events: System event log started.}
WMMacros: Macro file Macros.XML loaded.
Autostart: executing UpTime.Install
Uptime monitor started.
Autostart: executing StartMenu.Open
Autostart: executing SkinEngine.Load xenoxolotl.skin
SkinEngine : Loading xenoxolotl.skin...ok
Autostart: executing WMRestorable.Load Auto.dsk
{P cpuid= 0, pid= 67 Starting logger}
WMRestorable: Loading desktop from Auto.dsk...
Autostart: executing WMNavigate.Open -vs 1 0 0 Navigation:TaskList
SyntaxHighlighter: Auto-loading SyntaxHighlighter.XML ... done.
	ReleaseTree@0	error: HEADER section expected
ArrayBase: setting runtime library (semi-optimized) default methods.
ArrayBaseOptimized: installing runtime library optimizations:ASM SSE SSE2 SSE3  done.
libGL.so loaded.
libGLU.so loaded.
libXxf86vm.so loaded.
*EEEEP!JPEG: Progressive Huffmann not supported
20)
JPEG: Progressive Huffmann not supported
20)
JPEG: Progressive Huffmann not supported
20)
JPEG: Progressive Huffmann not supported
20)
JPEG: Progressive Huffmann not supported
20)
JPEG: Progressive Huffmann not supported
20)
EEEEP!    31
    40
    31
    31
    30
    30
    31
    40
    40
    41
    41
    30
    30
    30
    30
    30
    30
    30
    31
    30
    40
    31
    30
    31
    30
    30
    31
    30
    31
    30
    30
    31
    30
    30
    31
    31
    30
    30
    31
    30
    31
    30
    30
    31
    30
    31
    30
    31
    40
    40
    30
    41
    30
    30
    41
    40
    30
    40
    30
    30
    31
    30
    40
    41
    61
    30
    40
    40
    40
    31
    30
    31
    40
    40
    31
    30
    41
    40
    30
    31
    30
    30
    40
    41
    40
    40
    41
    40
    30
    31
    40
    50
    41
    40
    40
    41
    30
    40
    30
    51
    30
    40
    50
    41
    40
    51
    30
    60
    31
    40
    41
    40
    40
    31
    40
    40
    41
    30
    30
    30
    40
    40
    30
    41
    40
    41
    40
    41
    50
    31
    30
    30
    31
    30
    50
    30
    30
    30
    30
    30
    30
    30
    30
    41
    40
    40
    51
    40
    31
    30
    31
    30
    30
    41
    40
    40
    30
    31
    31
    31
    31
    30
    30
    31
    30
    31
    30
    40
    31
    30
    30
    30
    30
    31
    30
    31
    30
    30
    51
    30
    30
    30
    40
    51
    50
    31
    30
    30
    31
    30
    30
    31
    51
    40
    30
    31
    30
    31
    30
    30
    40
    40
    30
    31
    30
    30
    31
    30
    40
    30
    51
    40
    81
    40
    40
    40
    31
    30
    30
    30
    31
    40
    40
    30
    31
    40
    30
    30
    30
    30
    30
    40
    30
    30
    31
    30
    30
    30
    31
    30
    40
    30
    31
    40
    30
    51
    41
    50
    30
    31
    30
    30
    40
    30
    31
    30
    61
    40
    40
    31
    30
    30
    30
    30
    30
    30
    30
    30
    31
    30
    30
    31
    40
    41
    30
    31
    30
    40
    41
    40
    40
    30
    31
    50
    40
    32
    30
    30
    40
    41
    30
    30
    30
    31
    30
    30
    31
    31
    30
    30
    30
    31
    30
    30
    31
    31
    30
    31
    30
    31
    30
    30
    30
    31
    30
    30
    30
    31
    30
    30
    30
    31
    30
    31
    30
    30
    30
    31
    31
    30
    31
    40
    31
    30
    30
    40
    41
    50
    50
    61
    30
    31
    30
    30
    31
    50
    41
    31
    30
    30
    30
    30
    31
    30
    30
    31
    41
    40
    30
    30
    31
    40
    30
    30
    30
    40
    40
    31
    30
    31
    40
    40
    30
    31
    30
    30
    40
    40
    41
    50
    30
    30
    30
    40
    40
    31
    30
    40
    40
    41
    30
    30
    30
    30
    40
    40
    41
    30
    30
    91
    50
    31
    30
    30
    30
    40
    41
    30
    30
    30
    30
    31
    40
    30
    30
    31
    30
    31
    31
    30
    31
    30
    31
    30
    31
    40
    70
    61
    61
    70
    71
    60
    71
    70
    61
    60
    71
    70
    60
    71
    60
    71
    70
    61
    60
    71
    61
    70
    61
    80
    71
    81
    82
    71
    70
    71
    71
    40
    41
    50
    50
    82
    80
    52
    30
    61
    60
    61
    61
    40
    40
    40
    81
    82
    71
    60
    81
    40
    31
    60
    63
    61
    60
    51
    61
    61
    60
    61
    70
    61
    60
    60
    72
    71
    70
    41
    40
    30
    31
    50
    70
    61
    40
    61
    40
    61
    70
    71
    60
    81
    83
    72
    52
    72
    70
    41
    40
    41
    70
    81
    82
    62
    50
    41
    42
    71
    81
    81
    81
    60
    81
    81
    72
    72
    83
    71
    81
    70
    81
    80
    71
    81
    90
    83
    71
    81
    81
    70
    72
    61
    60
    82
    71
    74
    60
    40
    51
    80
    71
    71
    41
    50
    64
    51
    70
    71
    81
    92
    71
    72
    82
    81
    50
    71
    70
    62
    61
    70
    73
    71
    62
    80
    61
    82
    81
    82
    81
    70
    83
    70
    91
    72
    70
    72
    62
    60
    62
    40
    70
    61
    60
    72
    80
    91
    81
    81
    61
    70
    71
    81
    71
    80
    81
    80
    81
    81
    80
    71
    81
    71
    71
    70
    80
    72
    71
    71
    80
    72
    80
    71
    82
    80
    71
    80
    71
    70
    81
    70
    71
    81
    71
    81
    61
    80
    70
    71
    70
    72
    80
    71
    71
    80
    71
    81
    70
    72
    81
    81
    71
    80
    70
    81
    80
    72
    81
    71
    80
    72
    81
    81
    81
    81
    70
    82
    80
    81
    80
    72
    81
    70
    71
    81
    91
    72
    81
    83
    71
    60
    71
    81
    40
    51
    41
    71
    71
    91
    81
    71
    92
    81
    93
    73
    61
    61
    65
    51
    81
    93
    91
    72
    81
    50
    51
    82
    95
    82
   100
    94
    91
    50
    41
    82
    72
    62
    71
    71
    93
    82
    92
    71
    93
    83
    90
    92
   102
    80
    93
    84
    91
    90
    41
    50
    40
    51
    51
    83
    80
    61
    69
    51
    82
    91
    90
    91
    92
    72
    91
    84
    93
    91
    82
    83
    92
   117
    81
   101
    90
    91
    75
    91
    81
   104
    60
   106
   113
   121
   111
   103
   119
   126
    63
   104
    71
   102
   112
    91
   101
    98
    82
    83
    92
   103
    41
    95
    82
    51
    82
    93
    81
    91
    72
    50
    51
    80
    70
    70
    41
    71
    72
    40
    81
    81
    81
    81
    71
    71
    71
    71
    60
    51
    61
    71
    60
    70
    61
    60
    71
    71
    60
    71
    70
    61
    70
    60
    71
    71
    60
    71
    61
    70
    61
    70
    60
    60
    60
    61
    80
    61
    70
    71
    60
    71
    71
    61
    60
    70
    61
    60
    61
    60
    71
    71
    61
    60
    71
    70
    61
    70
    71
    71
    60
X11 I/O Error
libXxf86vm.so unloaded.
libGLU.so unloaded.
libGL.so unloaded.
libopenal.so unloaded.
Cleanup
{P cpuid= 0, pid= 315 Events: System event log shut down.}
WindowManager: Window manager closed
{P cpuid= 0, pid= 315 Files: 6 open files}
Objects 5087 discarded finalizers, 0 pending finalizers
UnixFiles 6 discarded finalizers, 0 pending finalizers
