Kernel: Initialized and started.
X11 Display depth = 24
Default font installedOpenType 0.45 BBPort /3.12.2004  eos, pl
WindowManager: 24-bit color
WindowManager: Display resolution: 1440x878x24
DisplayRefresher installed.
Autostart: executing FSTools.Mount Work RelativeFileSystem ./
Work: mounted
Autostart: executing FileTrapWriter.Install
Autostart: executing WMTrapWriter.Install
{P cpuid= 0, pid= 31 Events: System event log started.}
WMMacros: Macro file Macros.XML loaded.
Autostart: executing UpTime.Install
Uptime monitor started.
Autostart: executing StartMenu.Open
Autostart: executing SkinEngine.Load xenoxolotl.skin
SkinEngine : Loading xenoxolotl.skin...ok
Autostart: executing WMRestorable.Load Auto.dsk
{P cpuid= 0, pid= 68 Starting logger}
WMRestorable: Loading desktop from Auto.dsk...
Autostart: executing WMNavigate.Open -vs 1 0 0 Navigation:TaskList
SyntaxHighlighter: Auto-loading SyntaxHighlighter.XML ... done.
	ReleaseTree@0	error: HEADER section expected
ArrayBase: setting runtime library (semi-optimized) default methods.
ArrayBaseOptimized: installing runtime library optimizations:ASM SSE SSE2 SSE3  done.
libGL.so loaded.
libGLU.so loaded.
libXxf86vm.so loaded.
*EEEEP!JPEG: Progressive Huffmann not supported
20)
JPEG: Progressive Huffmann not supported
20)
JPEG: Progressive Huffmann not supported
20)
JPEG: Progressive Huffmann not supported
20)
JPEG: Progressive Huffmann not supported
20)
JPEG: Progressive Huffmann not supported
20)
EEEEP!    60
    61
    60
    61
    71
    60
    61
    61
    60
    61
    60
    71
    60
    61
    61
    60
    71
    61
    60
    61
    60
    61
    60
    60
    61
    71
    61
    60
    61
    71
    60
    61
    60
   111
    61
    70
    61
    60
    70
    61
    71
    60
    61
    60
    71
    50
    71
    60
    61
    60
    71
    61
    61
    70
    71
    60
    71
    60
    71
    71
    60
    61
    70
    61
    71
    61
    60
    70
    61
    61
    60
    61
    50
    60
    71
    60
    61
    70
    61
    60
    70
    61
    71
    61
    71
    61
    60
    70
    71
    81
    70
    61
    60
    61
    70
    61
    60
    61
    70
    61
    60
    71
    70
    71
    60
    71
    70
    71
    71
    60
    61
    60
    72
    60
    60
    61
    71
    61
    71
    60
    71
    60
    71
    61
    81
    70
    71
    60
    60
    71
    71
    70
    61
    61
    60
    60
    71
    60
    71
    61
    81
    70
    61
    70
    61
    60
    71
    60
    71
    70
    61
    71
    60
    71
    80
    61
    71
    60
    71
    70
    60
    82
    71
    60
    61
    71
    60
    61
    80
    61
    61
    60
    71
    70
    60
    61
    61
    60
    51
    70
    61
    60
    71
    61
    61
    70
    71
    60
    71
    60
    60
    61
    70
    61
    50
    61
    61
    61
    60
    71
    70
    61
    61
    71
    61
    60
    72
    60
    61
    61
    60
    71
    70
    61
    70
    71
    61
    60
    71
    60
    60
    61
    70
    71
    60
    60
    71
    80
    71
    80
    60
    71
    60
    71
    71
    70
    60
    71
    60
    71
    70
    61
    61
    61
    60
    71
    60
    60
    61
    61
    60
    71
    60
    71
    70
    61
    60
    60
    61
    80
    71
    60
    71
    70
    71
    60
    51
    70
    61
    71
    60
    72
    60
    71
    70
    61
    60
    61
    61
    70
    71
    81
    71
    80
    71
    70
    61
    70
    61
    70
    71
    50
    61
    70
    60
    71
    71
    60
    71
    70
    61
    90
    81
    90
    71
   101
    80
    61
    80
    61
    60
    70
    71
    81
    80
    61
    70
    61
    60
    70
    61
    71
    60
    71
    70
    60
    61
    81
    60
    61
    60
    60
    61
    71
    60
    71
    70
    71
    81
    81
    61
    70
    71
    60
    61
   121
    70
    92
    60
    60
    71
    70
    61
    61
    61
    60
    72
    61
    60
    81
    81
    61
    70
    61
    70
    61
    60
    71
    60
    71
    61
    60
    71
    71
    60
    61
    61
    61
   111
    61
    71
    60
    71
    61
    60
    71
    61
    60
    91
    70
    60
    72
    70
    60
    61
    71
    60
    61
    60
    61
    81
    70
    61
    70
    70
    61
    71
    61
    50
    71
    60
    61
    60
    71
    90
    61
    61
    60
    71
    60
    61
    60
    71
    61
    60
    71
    61
    60
    71
    60
    61
    61
    60
    60
    71
    70
    81
    71
    70
    81
    61
    70
    71
    70
    71
    60
    61
    80
    71
    60
    91
    60
    81
    60
    61
    61
    70
    60
    71
    61
    60
    61
    61
    60
    71
    60
    71
    60
    71
    61
    60
    51
    60
    61
    61
    81
    61
    70
    61
    60
    61
    70
    81
    81
    71
    60
    71
    61
    60
    61
    60
    60
    61
    71
    81
    60
    91
    61
    60
    60
    71
    70
    61
    61
    70
    61
    60
    71
    90
    71
    60
    60
    71
    60
    61
    71
    60
    71
    60
    61
    81
    60
    60
    71
    61
    80
    71
    61
    61
    61
    60
    71
    71
    61
    60
    81
    60
    61
    91
    60
    71
    60
    81
    71
    60
    91
    71
    71
    71
    80
    61
    71
    61
    70
    71
    60
    60
    71
    81
    70
    61
    60
    71
    61
   100
    91
    70
    61
    70
    71
    60
    81
    70
    60
    71
    71
    60
    70
    61
    61
    80
    71
    60
    71
    60
    60
    71
    61
    80
    71
    60
    61
    60
    61
    70
    61
    70
    81
    71
    60
    71
    60
    71
    70
    60
    71
    61
    70
    71
    71
    60
    61
    70
    81
    61
    80
    61
    60
    71
    70
    82
    60
    71
    60
    61
    70
    71
    60
    61
    71
    60
    81
    70
    61
    70
    61
    71
    71
    60
    71
    60
    71
    60
    71
    91
    60
    61
    70
    60
    71
    70
    81
    70
    71
    60
    61
    60
    61
    70
    61
    71
    60
    71
    60
    61
    60
    71
    71
    70
    71
    71
    60
    61
    61
    61
    61
    70
    61
    61
    60
    61
    61
    73
    61
    70
    61
    60
    60
    61
    60
    71
    70
    61
    70
    71
    71
    61
    60
    61
    82
    61
    70
    61
    70
    71
    80
    71
    80
    61
    61
    60
    61
    70
    61
    70
    61
   101
    81
    80
    71
    61
    70
    82
    70
    51
    71
    70
    71
    71
    70
    71
    80
    61
    71
    70
    71
    70
    72
    80
    61
    71
    71
    60
    60
    71
    81
    70
    70
    71
    61
    61
    70
    60
    71
    60
    51
    70
    71
    70
    61
    60
    61
    71
    60
    61
    70
    71
    61
    80
    71
    60
    71
    61
    60
    71
    71
    70
    71
    70
    71
    61
    70
    61
    61
    60
    81
    60
    70
    71
    71
    70
    61
    80
    61
    71
    70
    71
    70
    71
    71
    71
    71
    70
    61
    70
    81
    70
    71
    60
    81
    70
    72
    70
    60
    61
    70
    71
    70
    61
    70
    61
    70
    61
    70
    71
    60
    71
    80
    51
    61
    70
    80
    71
    61
    60
    71
    70
    61
    60
    81
    51
    60
    70
    71
    61
    81
    60
    71
    70
    61
    60
    81
    60
    81
    60
    51
    71
    60
    71
    70
    61
    81
    61
    70
    60
    61
    70
    71
    60
    61
    70
    71
    70
    61
    61
    61
    70
    71
    51
    50
    81
    60
    61
    60
    71
    60
    71
    70
    71
    60
    71
    60
    71
    71
    71
    61
    51
    70
    60
    61
    70
    71
    61
    70
    91
    61
    60
    71
    61
    60
    70
    62
    60
    70
    71
    60
    71
    60
    61
    71
    60
    71
    70
    61
    71
    60
    70
    81
    61
    71
    70
    71
    71
    60
   101
    81
    60
    71
    70
    91
    60
    61
    80
    71
    60
    71
    60
    61
    81
    61
    70
    71
    60
    71
    70
    71
    80
   101
    61
    70
    91
    61
    70
    81
    61
    60
    71
    71
    70
    91
    81
    61
    70
    70
    61
    70
    71
    70
    61
    70
    61
    70
    71
    70
    60
    71
    70
    71
    61
    70
    61
    71
    70
    61
    70
    72
    71
    60
    71
    72
    70
    60
    71
    71
    71
    60
    71
    60
    71
    71
    70
    71
    70
    61
    71
    71
    61
    60
    70
    71
    71
    60
    71
    61
    60
    71
    70
    61
    70
    71
    71
    60
    71
    71
    70
    71
    80
    61
    80
    90
    71
    60
    62
    90
    71
    71
    71
    70
    61
    70
    81
    61
    60
    61
    60
    81
    61
    70
    61
    70
    81
   111
    80
    82
    70
    70
    62
    81
    60
    61
    60
    61
    61
    71
    60
    71
    70
    71
    60
    61
    70
    62
    70
    71
    60
    61
    71
    60
    60
    61
    61
    60
    61
    71
    60
    71
    60
    61
    60
    61
    70
    71
    61
    71
    71
    50
    60
    71
    70
    61
    60
    70
    61
    90
    61
    70
    61
    70
    81
    60
    60
    61
    71
    61
    60
    81
    71
    70
    71
    71
   101
    91
    90
    61
    81
    80
    71
    81
    70
    71
    80
    62
    60
    71
    71
    70
    72
    61
    61
    60
    70
    61
    70
    71
    60
    71
    70
    71
    60
    71
    60
    71
    60
    61
    70
    61
    60
    61
    60
    71
    70
    60
    61
    70
    60
    71
    61
    71
    60
    71
    70
    61
    61
    80
    61
    71
    61
    70
    81
    60
    61
    70
    71
    60
    70
    61
    70
    71
    70
    60
    61
    60
    60
    71
    71
    60
    71
    71
    60
    71
    61
    81
    60
    71
    80
    61
    71
    60
    71
    70
    71
    60
    61
    70
    60
    71
    61
    60
   112
    61
    51
    80
    71
    81
   100
    91
    60
    61
    70
    61
    60
    61
    71
    81
    60
    61
    70
    71
    70
    61
    71
    70
    60
    61
    70
    61
    50
    71
    60
    71
    71
    61
    60
    81
    61
    70
    60
    61
    70
    71
    70
    61
    71
    70
    70
    71
    71
    71
    60
    60
    71
    60
    61
    70
    61
    60
    71
    60
    70
    61
    61
    61
    70
    61
    60
    61
    61
    70
    71
    70
    60
    71
    61
    70
    71
    61
    60
    71
    61
    70
    61
    61
    70
    71
    60
    61
    60
    71
    70
    81
    61
    61
    81
    80
    81
    71
    61
    71
    60
    70
    61
    60
    71
    61
    70
    70
    61
    60
    61
    70
    60
    61
    70
    61
    60
    70
    61
    61
    80
    81
    71
    50
    61
    71
    60
    61
    70
    71
    60
    71
    70
    61
    70
    71
    60
    71
    71
    60
    70
    61
    60
    71
    60
    60
    71
    71
    60
    81
   131
   101
    70
    60
    91
    60
    81
    60
    62
    70
    61
    60
    71
    60
    81
    60
    71
    51
    80
    61
    81
    70
    61
    60
    71
    71
    60
    71
    70
    71
    70
    81
    60
    71
    70
    61
    60
    61
    61
    60
    70
    71
    81
    71
    61
    70
    70
    61
    60
    71
    70
    61
    91
    71
    60
    71
    70
   121
    61
    70
    71
    81
    71
    71
    71
    82
    70
    71
    71
    70
    60
    81
    71
    60
    62
    71
    60
    71
    60
    71
    90
    71
    61
    60
    82
    80
    71
    70
    61
    70
    61
    70
    61
    70
    71
    60
    71
    61
    60
    71
    70
    60
    71
    61
    71
    60
    70
    61
    71
    71
    70
    61
    61
    60
    71
    70
    71
    61
   100
    61
    70
    71
    50
    70
    61
    60
    91
    81
    60
    60
    71
    61
    71
    71
    81
    51
    71
    60
    70
    61
    60
    70
    61
    90
    61
   111
    80
    71
    70
    60
   101
    80
    61
    60
    71
    61
    60
    61
    61
    60
    81
    61
    61
    70
    80
    91
    60
    51
    60
    60
    61
    70
    51
    70
    60
    61
    71
    60
    61
    60
    71
    61
    81
    80
    81
    60
    61
    70
    61
    70
    71
    61
    60
    71
    70
    70
    71
    61
    61
    70
    61
    70
    61
    61
    61
    61
    71
    91
   122
    70
    91
    81
    91
    71
    61
    70
    71
    60
    81
    60
    61
    50
    61
    70
    71
    50
    61
    60
    71
    50
    71
    60
    61
    70
    91
    61
    60
    71
    61
    70
    61
    70
    61
   191
    60
    61
    70
    91
    61
    60
    70
    71
    61
    70
    61
    80
    71
   111
    60
    41
    41
    30
    40
    31
    30
    31
    30
    41
    40
    40
    31
    30
    30
    31
    30
    40
    41
    30
    41
    60
    71
    61
    70
    60
    61
    71
    60
    61
    70
    61
    60
    71
    60
    70
    61
    61
    60
    71
    61
    70
    61
    60
    71
    61
    71
    60
    71
    60
    93
   105
    93
   103
    60
    71
    70
    61
    61
    70
    60
    71
    61
    70
    61
    60
    70
    61
    70
    61
    95
   104
    93
   105
   104
    81
    80
    81
    71
    70
    71
    71
    81
    40
    40
    51
    41
    81
    82
    81
    62
    41
    40
    40
    41
    73
    80
    73
    30
    40
    30
    51
    72
    81
    61
    50
    41
    40
    60
    41
    71
    61
    31
    40
    41
    40
    50
    81
    61
    40
    41
    40
    41
    40
    32
    30
    51
    81
    40
    53
    41
    61
    72
    71
    81
    71
    70
    71
    80
    51
    40
    52
    70
    81
    71
    71
    70
    71
    81
    81
    70
    81
    60
    81
    80
    71
    70
    71
    61
    70
    71
    70
    71
    70
    60
    72
    70
    70
    62
    71
    61
    71
    40
    30
    30
    30
    41
    30
    40
    30
    41
    40
    41
    50
    41
    41
    40
    81
    60
    61
    50
    50
    51
    61
    50
    61
    70
    61
    40
    51
    60
    41
    71
    71
    60
    61
    70
    61
    71
    60
    71
    71
    71
    70
    61
    50
    61
    61
    50
    51
    50
    51
    50
    50
    61
    60
    61
    60
    71
    60
    70
    61
    52
    40
    50
    51
    50
    61
    30
    30
    60
    61
    71
    60
    71
    70
    61
    61
    60
    61
    81
    61
    60
    61
    61
    70
    71
    60
    61
    60
    70
    71
    61
    70
    61
    60
    71
    71
    60
   101
   111
   101
   101
   106
    91
    51
    81
   106
   111
   109
   140
   143
   150
   157
   148
   151
   150
   152
   128
   142
    72
   127
   130
   124
    80
   134
   132
   119
   116
    70
   111
   125
   121
   127
   152
   151
   145
   164
   129
   131
   155
   153
   154
   147
   144
   141
   147
   143
   158
   153
   142
   153
   143
   141
   138
   141
   124
   141
   141
   133
   134
   126
   133
   124
   117
   125
   113
   127
   111
   122
   103
   101
   101
   102
   114
   115
    92
    81
    85
    50
    83
    80
    53
    50
    51
    81
    80
    83
    92
    82
    50
    81
    51
    73
    40
    81
    41
    42
    72
    80
    71
    62
    40
    40
    40
    41
    42
    40
    81
    80
    71
    40
    40
    40
    41
    61
    72
    71
    70
    41
    71
    40
    40
    30
    40
    30
    30
    41
    40
    40
    40
    41
    51
    72
    80
    71
    70
    81
    70
    70
    72
    60
    71
    71
    80
    71
    80
    73
    71
    61
    81
    71
    71
    81
    70
    72
    80
    71
    80
    71
    72
    80
    71
    71
    81
    82
    81
    70
    71
    81
    70
    61
    81
    81
    81
    80
    60
    81
    72
    80
    61
    81
    80
    71
    70
    71
    71
    80
    71
    70
    61
    61
    62
    62
    60
    81
    71
    61
    70
    81
    81
    71
    70
    71
    71
    70
    73
    71
    72
    80
    71
    81
    70
    61
    61
    61
    60
    60
    41
    40
    41
    40
    40
    40
    81
    72
    70
    71
    41
    30
    40
    41
    32
    30
    40
    71
    81
    51
    71
    40
    41
    40
    41
    50
    71
    81
    71
    40
    41
    50
    30
    31
    30
    50
    81
    70
    61
    61
    40
    71
    70
    71
    70
    61
    61
    60
    71
    70
    61
    61
    60
    61
    30
    51
    61
    62
    80
    71
    80
    70
    71
    71
    60
    71
    60
    61
    80
    60
    71
    81
    70
    81
    60
    70
    81
    71
    70
    71
    70
    71
    70
    71
    71
    71
    60
    71
    71
    80
    61
    71
    71
    70
    70
    72
    61
    80
    71
    60
    71
    81
    60
    71
    70
    71
    70
    70
    71
    70
    71
    70
    81
    70
    71
    80
    71
    80
    81
    81
    81
    80
    81
    80
    71
    61
    61
    71
    60
    61
    81
    81
    70
    71
    70
    61
    80
    82
    71
    81
    72
    71
    71
    70
    71
    81
    71
    71
    71
    71
    82
    80
    71
    41
    60
    71
    83
    60
    62
    61
    61
    71
    81
    82
    60
    71
    70
    61
    50
    61
    70
    62
    72
    61
    62
    82
    85
    81
    80
    71
    80
    62
    70
    62
    72
    64
    71
    81
    82
    75
    81
    72
    81
    72
    81
    81
    80
    81
    71
    81
    71
    83
    81
    81
    70
    72
    60
    62
    82
    72
    81
    80
    91
    81
    91
    71
    81
    81
    83
    82
    80
    81
    81
    71
    91
    81
    83
    81
    91
    80
    81
    82
    72
    81
    81
    81
    81
    92
    60
    72
    82
    84
    81
    80
    83
    60
    71
    83
    60
    71
    70
    72
    32
    62
    73
    40
    71
    50
    40
    41
    40
    50
    41
    40
    73
    40
    40
    41
    40
    40
    81
    72
    61
    40
    41
    40
    41
    41
    80
    81
    60
    41
    40
    42
    41
    50
    30
    71
    70
    71
    40
    51
    31
    30
    40
    40
    51
    71
    81
    71
    61
    30
    71
    31
    31
    40
    40
    30
    40
    40
    40
    51
    81
    40
    72
    70
    71
    71
    71
    71
    73
    80
    72
    81
    71
    80
    70
    81
    40
    71
    52
    50
    61
    30
    40
    81
    80
    81
    80
    71
    81
    71
    71
    71
    71
    60
    71
    62
    71
    71
    73
    61
    90
    62
    72
    61
    72
    70
    61
    81
    71
    71
    71
    71
    73
    71
    63
    72
    81
    72
    72
    73
    71
    72
    71
    67
    82
    72
    94
    79
    91
    71
    80
    72
    71
    71
    70
    83
    81
    92
    82
    83
    82
    81
    83
    80
    91
    82
    83
    92
    91
    90
    91
    81
    91
    93
    90
    91
    91
    91
    91
    93
   102
    83
    91
    83
    82
    92
    71
    71
    72
    80
    82
    92
    91
    92
    81
    82
    90
    72
    83
    92
    74
    71
    82
    91
    92
    91
    91
    91
    91
    92
    82
    90
    71
    81
    71
    51
    72
    84
    74
    82
    81
    82
    81
    93
    70
    73
    70
    71
    71
    70
    41
    70
    81
    73
    40
    70
    62
    81
    71
    72
    70
    71
    61
    63
    71
    64
    73
    70
    61
    71
    82
    81
    70
    61
    83
    86
    81
    70
    71
    91
    91
    81
    81
    82
    71
    71
    82
    82
    91
    92
    81
    71
    81
    82
    71
    81
    71
    90
    81
    81
    92
    81
    70
    72
    73
    83
    72
    71
    70
    73
    83
    90
    91
    81
    90
    71
    90
    91
    81
    81
    72
    81
    92
    81
    93
    72
    72
    73
    71
    71
    83
    73
    83
    81
    74
    80
    81
    73
    70
    72
    82
    71
    81
    80
    71
    71
    71
    61
    71
    40
    42
    40
    40
    41
    40
    40
    71
    41
    33
    31
    62
    71
    41
    40
    30
    41
    41
    40
    40
    41
    40
    41
    40
    72
    83
    81
    85
    81
    81
    40
    31
    31
    40
    42
    40
    81
    80
    81
    82
    63
    73
    90
    72
    40
    82
    42
    40
    50
    40
    41
    51
    40
    40
    51
    81
    83
    71
    71
    71
    41
    50
    51
    40
    50
    41
    40
    40
    41
    40
    40
    40
    41
    30
    40
    40
    61
    71
    30
    30
    40
    41
    40
    40
    40
    41
    40
    40
    40
    41
    40
    41
    50
    42
    43
    84
    92
    82
    82
    80
    81
    52
    50
    62
    83
    92
    82
    91
    82
    91
    90
   106
    42
    42
    81
    31
    40
    40
    41
    41
    50
    70
    71
    71
    40
    40
    83
    74
    80
    81
    80
    71
    50
    40
    41
    50
    40
    81
    71
    41
    71
    40
    41
    41
    40
    41
    40
    40
    51
    50
    41
    40
    51
    40
    41
    50
    40
    83
    80
    83
    72
    40
    50
    51
    30
    30
    40
    41
    40
    61
    61
    70
    61
    40
    31
    30
    30
    41
    40
    41
    41
    41
    75
    81
    70
    71
    70
    32
    31
    41
    40
    31
    30
    30
    31
    40
    40
    40
    41
    40
    40
    52
    70
    72
    61
    41
    30
    41
    40
    42
    40
    60
    40
    62
    84
    81
    81
    81
    81
    72
    61
    40
    50
    31
    30
    63
    30
    30
    40
    31
    30
    40
    41
    40
    40
    71
    91
    71
    51
    40
    51
    31
    30
    30
    71
    71
    71
    71
    71
    70
    71
    50
    51
    31
    40
    41
    40
    41
    50
    71
    73
    82
    81
    50
    93
    70
    83
    70
    50
    61
    51
    41
    30
    50
    71
    70
    71
    50
    61
    60
    41
    40
    40
    40
    41
    40
    40
    32
    31
    30
    40
    41
    71
    62
    40
    40
    41
    40
    30
    31
    30
    70
    71
    71
    70
    51
    41
    40
    40
    30
    30
    61
    71
    61
    40
    30
    61
    40
    30
    41
    41
    41
    50
    71
    80
    42
    30
    41
    40
    41
    60
    80
    41
    70
    40
    51
    40
    73
    84
    71
    72
    40
    40
    61
    51
    50
    61
    81
    41
    41
    41
    41
    40
    40
    51
    62
    71
    61
    50
    40
    51
    81
    91
    80
    72
    42
    51
    41
    50
    41
    41
    40
    40
    41
    40
    40
    40
    41
    40
    50
    40
    41
    40
    40
    51
    50
    40
    91
    81
    84
    91
    90
    92
    61
    41
    70
    91
    91
    80
    93
    81
   101
    83
    82
    82
    82
    91
    92
    80
    92
    73
    40
    52
    42
    40
    32
    30
    41
    40
    50
    41
    51
    60
    41
    41
    40
    41
    50
    40
    41
    51
    82
    83
    82
    81
    42
    40
    31
    30
    31
    71
    40
    40
    31
    40
    31
    30
    41
    81
    91
    81
    91
    80
    83
    90
    84
    82
    83
    82
    80
    71
    40
    40
    51
    40
    50
    41
    50
    83
    80
    81
    82
    40
    40
    41
    51
    40
    41
    40
    84
    70
    81
    73
    50
    42
    40
    95
    40
    84
    82
    94
    92
    61
    41
    50
    62
    60
    41
    40
    41
    71
    72
    80
    82
    91
    70
    81
    82
    82
    71
    90
    71
    70
    61
    61
    71
    62
    71
    61
    72
    73
    81
    72
    71
    71
    61
    61
    42
    30
    41
    31
    40
    71
    70
    71
    60
    40
    51
    61
    51
    60
    71
    70
    81
    70
    82
    71
    80
    60
    61
    81
    70
    61
    70
    71
    61
    71
    81
    71
    60
    72
    60
    71
    82
    72
    82
    81
    82
    80
    83
    70
    81
    82
    81
    81
    81
    83
    71
    81
    81
    70
    81
    82
    81
    72
    91
    81
    70
    82
    70
    81
    83
    82
    72
    81
    83
    71
    91
    71
    81
    71
    81
    81
    81
    71
    71
    82
    81
    70
    72
    80
    81
    70
    71
    80
    72
    71
    81
    80
    71
    80
    81
    71
    64
    60
    70
    82
    71
    71
    70
    40
    72
    80
    81
    72
    72
    81
    61
    61
    70
    71
    60
    81
    70
    81
    81
    61
    60
    72
    70
    81
    71
    81
    72
    80
    82
    72
    80
    61
    62
    71
    81
    72
    80
    73
    80
    71
    80
    81
    80
    81
    81
    81
    81
    71
    71
    81
    71
    60
    71
    70
    61
    71
    70
    61
    61
    70
    92
   101
    90
    81
    92
    94
    93
    81
    81
    92
    52
    50
    96
    92
    61
    50
    61
    91
   102
   101
    83
    84
    50
    61
    50
    94
    93
    93
    90
   113
   111
    95
   103
    91
    50
    54
    51
    50
    61
   104
   103
   102
    96
    90
   101
   103
   101
   112
    92
   102
   112
   103
    93
   114
    91
    85
    94
    91
    90
   115
   112
   101
   108
   104
   113
    91
    91
   103
    90
   101
   116
   101
   112
   115
   102
   113
   110
   112
   103
   113
   106
    84
   114
    92
    93
    84
    90
    92
   112
    52
   101
   112
   101
    92
    93
    91
   112
    94
   103
   101
   105
   102
   112
    92
   111
   101
   105
   102
   111
    94
    93
    86
    92
    95
    83
    93
    84
    92
    94
    93
    93
    81
    51
    81
    71
    80
    81
    41
    92
    81
    81
    71
    41
    52
    40
    51
    51
    70
    61
    71
    40
    51
    80
    82
    81
    60
    41
    40
    40
    31
    70
    61
    50
    41
    50
    40
    41
    40
    71
    70
    61
    60
    51
    31
    30
    30
    51
    71
    70
    71
    51
    60
    51
    51
    50
    81
    60
    71
    70
    61
    70
    71
    61
    60
    71
    70
    61
    70
    60
    71
    60
    71
    61
    70
    70
    71
    60
    71
    71
    61
    60
    71
    71
    71
    71
    70
    60
    61
    61
    71
    61
    70
    71
    71
    71
    60
    71
    71
    70
    61
    81
    60
    71
    70
    61
    71
    71
    71
    70
    72
    71
    60
    80
    61
    71
    70
    71
    70
    61
    60
    71
    70
    41
    70
    71
    71
    71
    71
    61
    40
    70
    71
    70
    71
    70
    71
    51
    60
    30
    31
    41
    30
    51
    50
    61
    70
    61
    80
    61
    70
    61
    60
    71
    60
    71
    70
    61
    70
    61
    70
    81
    60
    71
    60
    61
    70
    61
    70
    61
    70
    70
    71
    60
    61
    70
    70
    71
    70
    41
    50
    30
    51
    60
    61
    60
    51
    40
    71
    50
    51
    61
    50
    40
    61
    60
    31
    30
    30
    41
    40
    41
    60
    51
    50
    40
    51
    41
    60
    40
    31
    50
    50
    31
    30
    41
    30
    61
    60
    61
    30
    30
    30
    31
    30
    30
    30
    60
    80
    61
    70
    61
    60
    51
    51
    40
    51
    60
    50
    71
    71
    71
    51
    50
    51
    40
    41
    50
    72
    60
    71
    51
    71
    50
    60
    51
    40
    30
    40
    50
    60
    60
    61
    71
    70
    71
    71
    61
    52
    50
    60
    51
    70
    41
    40
    51
    50
    62
    30
    50
    41
    40
    30
    31
    30
    30
    30
    51
    71
    60
    70
    71
    40
    40
    61
    70
    60
    71
    71
    71
    70
    71
    61
    70
    71
    61
    60
    50
    61
    70
    71
    71
    71
    71
    60
    71
    61
    71
    70
    71
    80
    71
    61
    70
    71
    71
    72
    70
    71
    70
    70
    71
    61
    71
    70
    71
    70
    61
    70
    71
    71
    60
    71
    70
    51
    70
    71
    60
    71
    70
    71
    70
    61
    71
    70
    72
    60
    50
    61
    70
    71
    70
    40
    41
    60
    50
    41
    61
    40
    31
    31
    40
    41
    30
    40
    71
    40
    61
    61
    60
    61
    40
    51
    61
    41
    71
    60
    71
    70
    51
    70
    71
    70
    71
    70
    71
    61
    71
    70
    70
    71
    71
    71
    71
    70
    71
    61
    71
    70
    61
    70
    71
    71
    70
    61
    81
    62
    72
    80
    71
    71
    71
    73
    71
    70
    71
    70
    71
    70
    71
    70
    70
    72
    71
    71
    70
    71
    71
    70
    82
    61
    70
    71
    70
    71
    70
    71
    71
    71
    71
    71
    71
    60
    71
    70
    71
    71
    71
    71
    71
    61
    71
    70
    61
    70
    71
    60
    71
    61
    70
    71
    70
    70
    61
    70
    71
    71
    70
    60
    71
    70
    71
    70
    71
    71
    71
    70
    72
    91
    71
    80
    81
    71
    80
    82
    70
    81
    80
    72
    70
    81
    81
    41
    40
    61
    60
    51
    33
    50
    80
    73
    60
    40
    41
    40
    41
    82
    80
    71
    40
    41
    41
    41
    51
    50
    91
    81
    60
    51
    40
    41
    82
    60
    51
    61
    51
    82
    60
    41
    50
    40
    61
    82
    72
    81
    82
    81
    71
    80
    71
    72
    80
    81
    81
    81
    90
    81
    82
    71
    82
    91
    71
    91
    83
    71
    90
    72
    81
    91
    61
    70
   563
    80
    71
    72
    72
    70
    71
    80
    71
    71
    70
    71
    71
    81
    70
    61
    80
    82
    70
    71
    81
    71
    81
    80
    71
    71
    71
    61
    80
    72
    60
    40
    71
    62
    61
    40
    41
    30
    30
    30
    71
    81
    71
    41
    61
    71
    70
    41
    60
    71
    71
    70
    71
    70
    71
    81
    62
    70
    71
    71
    80
    81
    70
    81
    71
    71
    71
    72
    81
    72
    70
    81
    70
    81
    81
    72
    80
    71
    81
    82
    70
    64
    73
    71
    40
    82
    82
    70
    50
    74
    40
    80
    81
   101
    71
    50
    41
    43
    72
    40
    40
    41
    40
    40
    91
    71
    80
    62
    84
    80
    81
    64
    70
    76
    80
    81
    73
    50
    41
    40
    41
    40
    40
    82
    70
    70
    41
    40
    40
    41
    40
    40
    41
    31
    40
    42
    50
    71
    70
    71
    61
    40
    40
    51
    40
    71
    92
    71
    52
    40
    50
    61
    82
    82
    92
    82
    72
    81
    64
    81
    82
    93
    82
    81
    81
    81
    85
    82
    91
    80
    91
    71
    80
    71
    65
    81
    70
    81
    82
    91
    96
    81
    92
    91
    71
    51
    71
    72
    72
    51
    43
    72
    41
    41
    45
    52
    80
    42
    82
    92
   100
    91
    84
    81
    82
    84
    91
    82
    91
    51
    51
    43
    50
   105
   101
    92
    91
   104
   101
   110
   119
   102
   118
   101
    93
   125
   101
   114
    92
   103
    98
    93
    62
   102
   135
   112
   103
   132
   125
   134
   136
   128
   124
   136
   133
   105
   123
   117
   123
   123
   115
   125
   133
   142
   113
   125
   133
   106
   121
   115
   128
   121
   125
   130
   131
   125
    74
   108
   107
   117
   124
   113
   124
   121
   109
   105
   113
   104
   108
   105
   111
    62
    64
    70
    61
   105
   126
   111
   129
   113
   124
   105
   107
   117
   112
   110
    73
   116
   113
   113
   113
   103
   103
   101
    61
    62
    91
    81
   104
    60
    50
    61
    83
   113
    91
    51
    61
    60
    61
    91
    92
   102
    93
    94
    61
    61
   103
   102
   106
   102
   103
   112
    92
    71
    60
    53
   104
    95
    93
    61
    61
    52
   101
   110
    51
    90
    73
   119
   141
   123
   123
   102
   111
   121
   120
   121
   109
   111
   104
   103
    94
    91
    93
    92
    72
    70
    71
    70
    81
    70
    81
    70
    81
    81
    93
    90
    81
    81
    91
    81
    83
    80
    85
    81
    92
    84
    81
    91
    71
    80
    81
    71
    70
    92
    72
    71
    71
    70
    43
    71
    40
    70
    41
    40
    40
    41
    70
    71
    62
    60
    41
    71
    70
    71
    81
    81
    61
    40
    71
    71
    51
    50
    51
    70
    71
    71
    71
    81
    80
    71
    81
    70
    71
    81
    91
    70
    71
    81
    61
   101
    91
    41
    71
    41
    42
    61
    62
    70
    71
    82
    70
    81
    60
    41
    60
    81
    81
    81
    41
    40
    70
    71
    81
    70
    81
    81
    81
    71
    70
    83
    82
    80
    71
    81
    81
    82
    81
    71
    80
    91
    41
    81
    91
    81
    84
    81
    91
    82
    90
    91
    80
    95
    81
    91
    91
    82
    93
   110
    97
   106
   113
   113
   101
   116
   103
   103
   112
   111
   104
   116
   104
   119
   105
   112
   101
   114
   115
   108
   112
   105
   112
   103
   101
   100
   105
   102
   111
    91
    94
    90
    91
    92
    91
    82
    91
    81
    90
    82
    82
    91
    82
    81
    81
    91
    71
    80
    81
    81
    81
    91
    80
    82
    80
    81
    80
    82
    80
    91
    90
    91
    92
    90
    91
    93
   105
   112
   103
   105
   112
   102
   114
   114
   111
   104
   122
   119
   116
   124
   115
   114
   122
   122
   113
   123
   110
   121
   114
   111
   115
   122
   121
   116
   115
   121
   121
   122
   121
   128
   122
   120
   127
   121
   136
   124
   130
   130
   128
   128
   123
   136
   127
   132
   124
   133
   122
   123
   133
   131
   116
   126
   114
   125
   126
   115
   115
   115
   121
   114
   123
   124
   112
   114
   113
   121
   122
   123
    86
     0
     0
     0
     0
     0
     0
     0
     0
     0
     0
     0
     0
     0
     0
     0
     0
     0
     0
     0
     0
     0
     0
     0
     0
     0
     0
     0
     0
     0
     0
     0
     0
     0
     0
     0
     0
     0
     0
     0
     0
     0
     0
     0
     0
     0
     0
     0
     0
     0
     0
     0
     0
     0
     0
     0
     0
     0
     0
     0
     0
     0
     0
     0
     0
     0
     0
     0
     0
     0
     0
     0
     0
     0
     0
     0
     0
     0
     0
     0
     0
     0
     0
     0
     0
     0
     0
     0
     0
     0
     0
     0
     0
     0
     0
     0
     0
     0
     0
     0
     0
     0
     0
     0
     0
     0
     0
     0
     0
     0
     0
     0
     0
     0
     0
     0
     0
     0
     0
     0
     0
     0
     0
     0
     0
     0
     0
     0
     0
     0
     0
     0
     0
     0
     0
     0
     0
     0
     0
     0
     0
     0
     0
     0
     0
     0
     0
     0
     0
     0
     0
     0
     0
     0
     0
     0
     0
     0
     0
     0
     0
     0
     0
     0
     0
     0
     0
     0
     0
     0
     0
     0
     0
     0
     0
     0
     0
     0
     0
     0
     0
     0
     0
     0
     0
     0
     0
     0
     0
     0
     0
     0
     0
     0
     0
     0
     0
     0
     0
     0
     0
     0
     0
     0
     0
     0
     0
     0
     0
     0
     0
     0
     0
     0
     0
     0
     0
     0
     0
     0
     0
     0
     0
     0
     0
     0
     0
     0
     0
     0
     0
     0
     0
     0
     0
     0
     0
     0
     0
     0
     0
     0
     0
     0
     0
     0
     0
     0
     0
     0
     0
     0
     0
     0
     0
     0
     0
     0
     0
     0
     0
     0
     0
     0
     0
     0
     0
     0
     0
     0
     0
     0
     0
     0
     0
     0
     0
     0
     0
     0
     0
     0
     0
     0
     0
     0
     0
     0
     0
     0
     0
     0
     0
     0
     0
     0
     0
     0
     0
     0
     0
     0
     0
     0
     0
     0
     0
     0
     0
     0
     0
     0
     0
     0
     0
     0
     0
     0
     0
     0
     0
     0
     0
     0
     0
     0
     0
     0
     0
     0
     0
     0
     0
     0
     0
     0
     0
     0
     0
     0
     0
     0
     0
     0
     0
     0
     0
     0
     0
     0
     0
     0
     0
     0
     0
     0
     0
     0
     0
     0
     0
     0
     0
     0
     0
     0
     0
     0
     0
     0
     0
     0
     0
     0
     0
     0
     0
     0
     0
     0
     0
     0
     0
     0
     0
     0
     0
     0
     0
     0
     0
     0
     0
     0
     0
     0
     0
     0
     0
     0
     0
     0
     0
     0
     0
     0
     0
     0
     0
     0
     0
     0
     0
     0
     0
     0
     0
     0
     0
     0
     0
     0
     0
     0
     0
     0
     0
     0
     0
     0
     0
     0
     0
     0
     0
     0
     0
     0
     0
     0
     0
     0
     0
     0
     0
     0
     0
     0
     0
     0
     0
     0
     0
     0
     0
     0
     0
     0
     0
     0
     0
     0
     0
     0
     0
     0
     0
     0
     0
     0
     0
     0
     0
     0
     0
     0
     0
     0
     0
     0
     0
     0
     0
     0
     0
     0
     0
     0
     0
     0
     0
     0
     0
     0
     0
     0
     0
     0
     0
     0
     0
     0
     0
     0
     0
     0
     0
     0
     0
     0
     0
     0
     0
     0
     0
     0
     0
     0
     0
     0
     0
     0
     0
     0
     0
     0
     0
     0
     0
     0
     0
     0
     0
     0
     0
     0
     0
     0
     0
     0
     0
     0
     0
     0
     0
     0
     0
     0
     0
     0
     0
     0
     0
     0
     0
     0
     0
     0
     0
     0
     0
     0
     0
     0
     0
     0
     0
     0
     0
     0
     0
     0
     0
     0
     0
     0
     0
     0
     0
     0
     0
     0
     0
     0
     0
     0
     0
     0
     0
     0
     0
     0
     0
     0
     0
     0
     0
     0
     0
     0
     0
     0
     0
     0
     0
     0
     0
     0
     0
     0
     0
     0
     0
     0
     0
     0
     0
     0
     0
     0
     0
     0
     0
     0
     0
     0
     0
     0
     0
     0
     0
     0
     0
     0
     0
     0
     0
     0
     0
     0
     0
     0
     0
     0
     0
     0
     0
     0
     0
     0
     0
     0
     0
     0
     0
     0
     0
     0
     0
     0
     0
     0
     0
     0
     0
     0
     0
     0
     0
     0
     0
     0
     0
     0
     0
     0
     0
     0
     0
     0
     0
     0
     0
     0
     0
     0
     0
     0
     0
     0
     0
     0
     0
     0
     0
     0
     0
     0
     0
     0
     0
     0
     0
     0
     0
     0
     0
     0
     0
     0
     0
     0
     0
     0
     0
     0
     0
     0
     0
     0
     0
     0
     0
     0
     0
     0
     0
     0
     0
     0
     0
     0
     0
     0
     0
     0
     0
     0
     0
     0
     0
     0
     0
     0
     0
     0
     0
     0
     0
     0
     0
     0
     0
     0
     0
     0
     0
     0
     0
     0
     0
     0
     0
     0
     0
     0
     0
     0
     0
     0
     0
     0
     0
     0
     0
     0
     0
     0
     0
     0
     0
     0
     0
     0
     0
     0
     0
     0
     0
     0
     0
     0
     0
     0
     0
     0
     0
     0
     0
     0
     0
     0
     0
     0
     0
     0
     0
     0
     0
     0
     0
     0
     0
     0
     0
     0
     0
     0
     0
     0
     0
     0
     0
     0
     0
     0
     0
     0
     0
     0
     0
     0
     0
     0
     0
     0
     0
     0
     0
     0
     0
     0
     0
     0
     0
     0
     0
     0
     0
     0
     0
     0
     0
     0
     0
     0
     0
     0
     0
     0
     0
     0
     0
     0
     0
     0
     0
     0
     0
     0
     0
     0
     0
     0
     0
     0
     0
     0
     0
     0
     0
     0
     0
     0
     0
     0
     0
     0
     0
     0
     0
     0
     0
     0
     0
     0
     0
     0
     0
     0
     0
     0
     0
     0
     0
     0
     0
     0
     0
     0
     0
     0
     0
     0
     0
     0
     0
     0
     0
     0
     0
     0
     0
     0
     0
     0
     0
     0
     0
     0
     0
     0
     0
     0
     0
     0
     0
     0
     0
     0
     0
     0
     0
     0
     0
     0
     0
     0
     0
     0
     0
     0
     0
     0
     0
     0
     0
     0
     0
     0
     0
     0
     0
     0
     0
     0
     0
     0
     0
     0
     0
     0
     0
     0
     0
     0
     0
     0
     0
     0
     0
     0
     0
     0
     0
     0
     0
     0
     0
     0
     0
     0
     0
     0
     0
     0
     0
     0
     0
     0
     0
     0
     0
     0
     0
     0
     0
     0
     0
     0
     0
     0
     0
     0
     0
     0
     0
     0
     0
     0
     0
     0
     0
     0
     0
     0
     0
     0
     0
     0
     0
     0
     0
     0
     0
     0
     0
     0
     0
     0
     0
     0
     0
     0
     0
     0
     0
     0
     0
     0
     0
     0
     0
     0
     0
     0
     0
     0
     0
     0
     0
     0
     0
     0
     0
     0
     0
     0
     0
     0
     0
     0
     0
     0
     0
     0
     0
     0
     0
     0
     0
     0
     0
     0
     0
     0
     0
     0
     0
     0
     0
     0
     0
     0
     0
     0
     0
     0
     0
     0
     0
     0
     0
     0
     0
     0
     0
     0
     0
     0
     0
     0
     0
     0
     0
     0
     0
     0
     0
     0
     0
     0
     0
     0
     0
     0
     0
     0
     0
     0
     0
     0
     0
     0
     0
     0
     0
     0
     0
     0
     0
     0
     0
     0
     0
     0
     0
     0
     0
     0
     0
     0
     0
     0
     0
     0
     0
     0
     0
     0
     0
     0
     0
     0
     0
     0
     0
     0
     0
     0
     0
     0
     0
     0
     0
     0
     0
     0
     0
     0
     0
     0
     0
     0
     0
     0
     0
     0
     0
     0
     0
     0
     0
     0
     0
     0
     0
     0
     0
     0
     0
     0
     0
     0
     0
     0
     0
     0
     0
     0
     0
     0
     0
     0
     0
     0
     0
     0
     0
     0
     0
     0
     0
     0
     0
     0
     0
     0
     0
     0
     0
     0
     0
     0
     0
     0
    62
    74
    71
    66
   129
   151
   138
   144
   127
   136
   133
   131
   136
   139
   144
   137
   145
   143
   153
   125
   139
   135
   136
   128
   126
   123
   132
   127
   135
   128
   123
   136
    70
   133
    60
    75
    72
   138
   152
   135
   121
   125
    66
   142
   145
   136
   142
   146
   134
   132
   146
   143
   126
   134
   151
   143
   131
   145
   147
   136
   141
   136
   138
   149
    70
   146
   148
   152
   153
   156
   140
   139
   133
   153
   155
   141
   136
   138
   143
   156
   146
   127
   137
   140
    73
    71
    72
   133
   145
   121
   132
   138
   138
   133
   146
   134
   136
   144
   146
   139
   143
   157
   128
   132
   143
   135
   143
   151
   148
   155
   144
   150
   135
   139
   135
   127
   114
   143
   140
   136
   128
   143
   143
   143
   144
   148
   125
   129
   144
   126
   148
   127
   159
   146
   144
   156
   127
   137
   135
   123
   136
   139
   122
   144
   132
   148
    94
   143
    71
   139
   127
   145
   162
   152
   156
   130
   146
   142
   137
   141
   138
   148
   156
   147
   136
   146
   122
   134
   133
   131
   158
   128
   162
   154
   157
   141
   137
   160
   145
   137
   144
   168
   154
   164
   179
   148
   165
   161
   132
   153
   154
   148
   158
   132
   161
   143
   132
   148
   146
   148
   138
   150
   144
   146
   139
   133
   144
   153
   153
   137
   131
   156
   126
   119
   151
   123
   121
   120
   122
   121
   134
   134
   150
   132
   153
   134
   133
   127
   136
   135
   134
   135
   149
   130
   150
   130
   127
   131
   122
   131
   145
   143
   130
   123
   133
   134
   124
   132
   143
   141
   142
   137
   137
   145
   136
   135
   146
   130
   143
   118
   154
   143
   136
   125
   133
   123
   126
   142
   139
   129
   139
   126
   134
   127
   124
   143
   122
   146
    72
   137
   122
   133
   120
   154
   132
   133
   144
   132
   132
   138
   129
   135
   123
   127
   116
   123
   133
   112
   122
   131
   102
   123
   115
   114
   124
   122
   114
   114
   127
   130
   141
   137
   132
   146
   142
   144
   129
   148
   140
   147
   142
   155
   142
   129
   140
   135
   151
   133
   144
   125
   146
   137
   144
   122
   121
   124
   134
   140
   130
   124
   133
   123
   143
   116
   122
   111
   122
   116
   124
   118
   123
   124
   122
   121
   115
   112
   112
   123
   124
   116
   124
   121
   114
   113
   122
   122
   121
   123
   106
   114
   116
   114
    61
   103
   103
    92
   102
   123
   107
   105
   118
   125
    95
   112
   102
   103
    96
   103
   102
   103
   105
   123
   124
   101
   113
    92
   107
   126
   114
   102
   101
   101
   122
   123
   116
   103
   125
   115
   111
   102
    92
   103
   102
   114
    95
    82
    93
    83
    73
    71
    90
    61
   111
   110
    71
    71
    81
    63
    71
    71
    80
    81
    60
    51
    40
    70
    71
    63
    40
    70
    41
    73
    91
    91
    81
    92
    90
    91
    81
    91
    71
    82
    81
    81
    91
   101
    70
    41
    41
    71
    92
    82
    80
    50
    41
    50
    62
    50
    81
    41
    51
    51
    41
    40
    40
    41
    73
    91
    81
    82
    40
    51
    40
    40
    40
    41
    51
    40
    42
    40
    61
    91
    91
    41
    42
    53
    62
   111
    97
    92
    61
    94
    63
    91
    81
   101
   104
    82
    92
   101
   106
    92
    92
    91
    91
    93
    98
    93
    76
    50
    91
    97
    92
    92
    83
   101
    82
    82
    81
   101
    72
    82
    81
    83
    90
    82
   101
    81
    82
    90
   102
   100
   101
   102
   101
    93
   102
   103
    92
    92
    91
    91
    90
   103
   111
   102
   111
    92
   106
   112
   112
    93
    91
    71
    93
   113
   110
   101
    93
   111
   102
    91
   101
   104
    96
   111
    82
    81
    81
   101
    92
    81
    82
    82
    91
    93
    71
   102
   101
   112
   103
   111
   101
   104
    91
   115
    91
    82
   102
    81
    81
    92
    80
    83
    81
    82
    80
    91
    82
    93
    81
    91
    93
    91
    93
    81
   101
    71
    73
   102
    92
    81
    92
    90
    93
   102
    92
    84
   102
    94
    91
    81
   100
    92
    81
    81
    91
    91
    82
    91
    82
    81
    91
   101
    81
    80
    81
    90
    81
    71
    81
    83
    91
    82
    90
    91
    81
    81
    82
    84
    81
    81
    92
    91
    81
    90
    81
    80
    81
    82
    81
    92
    81
   102
    80
    81
    70
    92
    71
    81
    90
    81
    81
    93
    92
    91
    81
    91
    92
    91
    81
    81
    82
    91
    91
    81
    92
    81
   101
    92
    91
    83
   101
    92
    92
    81
    81
   111
   124
   102
    80
    72
    81
    81
    82
    81
    80
    81
    81
    81
    80
    82
    84
    81
    81
   122
    81
    92
    81
    91
    81
    81
    81
    81
    81
    93
    82
    92
    90
    82
   106
   100
   102
    82
   101
    91
    91
    81
    83
    92
   101
    81
    92
    94
    93
    90
    91
    92
    82
    91
    92
    90
    91
    81
    91
    93
    81
    83
    91
   100
    91
    90
    81
   101
    90
   102
   102
   101
    91
   112
    92
   101
    92
    92
   102
   102
   101
   103
   102
    92
   102
   113
   102
   113
   113
   111
   113
   121
    92
   123
   112
   112
   122
   105
   122
   101
   125
   112
   114
   111
   132
   133
   114
   113
   124
   121
   115
   112
   128
   111
   131
   112
   112
   112
   102
   124
   124
   111
   124
   125
   111
   132
   115
   124
   118
   113
   122
   123
   124
   124
   123
   142
   112
   135
   121
   124
   144
   132
   122
   124
   143
   122
   122
   123
   135
   134
   135
   145
   142
   132
   145
   138
   145
   148
   145
   135
   131
   131
   133
   131
   141
   135
   143
   135
   134
   138
   152
   138
   140
   139
   155
   132
   149
   152
   135
   153
   152
   134
   147
   126
   145
   134
   124
   144
   126
   131
   112
   112
   119
   112
   113
   101
   115
   111
   111
   112
   101
   112
   115
   111
   115
   101
   105
   114
   111
   114
   111
   100
   106
   112
   132
   124
   124
   123
   122
   123
   121
   136
   123
   132
   129
   129
   142
   124
   123
   125
   134
   131
   147
   138
   135
   142
   146
   138
   147
   133
   124
   135
   141
   145
   128
   139
   143
   132
   144
   128
   147
   141
   147
   134
   144
   154
   166
   139
   156
   146
   147
   154
   144
   156
   143
   146
   149
   147
   140
   140
   140
   144
   152
   137
   135
    74
   122
    55
    91
    82
    81
    91
    91
   103
    81
   101
    92
    82
   102
   101
   103
   102
    91
    83
   101
   139
   160
   184
   169
   173
   178
   186
   176
   185
   174
   184
   173
   161
   157
   156
   158
   157
   154
   154
   161
   150
   157
   150
   150
   166
   153
   164
   161
   155
   145
   139
   153
   132
   116
   114
   102
   102
    91
   104
   103
   100
   112
   113
   131
   121
   121
   141
   115
   124
   136
   123
   144
   147
   145
   133
   152
   136
   147
   136
   137
   135
   135
   134
   151
   166
   139
   144
   131
   134
   144
   146
   137
   153
   153
   147
   143
   145
   141
   158
   145
   153
   153
   138
   147
   156
   151
   156
   162
   162
   134
   155
   141
   119
   111
    83
   102
    92
   112
   123
   113
   103
   112
   114
   102
   104
   110
   124
    94
   111
   116
   111
   122
   121
   112
   101
   111
   114
   103
   110
   114
   123
   107
   121
   103
   115
   101
   112
   102
   113
   122
   104
   102
   104
   113
    91
   114
   100
   101
   126
   113
   116
   104
   123
   103
   122
   103
   116
   101
   112
   113
    91
    81
   112
   122
   114
   101
   101
   115
    93
    94
   105
   105
    91
    92
   113
   104
   123
   101
   112
   111
   112
   115
   102
   122
   101
    93
    94
    93
   104
   115
   101
   122
    91
   105
   101
   109
   103
   111
   116
   113
   124
   114
   112
   123
   124
   125
    63
    71
   135
   112
   104
   120
   115
   113
   126
   104
   115
   121
    93
   112
   118
   101
   100
    94
   102
   102
   101
    91
   109
    95
    82
   102
    91
    81
    81
    91
    83
    81
   103
   127
   153
   144
   173
   172
   159
   150
   180
   133
   167
   153
   164
   125
   158
   157
   158
   143
   150
   153
   150
   136
   143
   153
   133
   133
    98
   145
   134
   136
   153
   144
   136
   142
   135
   145
   137
   133
   143
   133
   116
   132
   133
   137
   113
   115
   122
   123
    94
    93
    81
    81
    91
    82
    83
    70
    72
    92
    90
    93
    86
    41
    50
    71
    80
    81
    71
    81
    72
    92
    92
    80
    92
    70
    81
    82
    41
    91
    91
    81
    80
    81
    50
    81
    82
    82
    81
    40
    51
    50
    41
    51
    70
    51
    50
    51
    40
    51
    70
    41
    41
    72
    40
    41
    50
    41
    42
    41
    51
    42
    50
    51
    40
    41
    80
    92
    81
    41
    50
    52
    40
    40
    40
    51
    91
    71
    40
    40
    51
    40
    40
    41
    81
    91
    71
    41
    41
    50
    51
    40
    81
    72
    91
    81
    71
    82
    91
    72
    80
    92
    70
   102
    91
    83
    80
    71
    81
    83
    81
    80
    81
    81
    80
    91
    91
    81
    82
    81
    82
    82
    82
    80
    95
    72
    80
    81
    81
    81
    71
    81
    81
    83
    92
    91
    91
    81
    80
    92
X11 I/O Error
libXxf86vm.so unloaded.
libGLU.so unloaded.
libGL.so unloaded.
libopenal.so unloaded.
Cleanup
{P cpuid= 0, pid= 318 Events: System event log shut down.}
WindowManager: Window manager closed
{P cpuid= 0, pid= 318 Files: 10 open files}
Objects 5481 discarded finalizers, 0 pending finalizers
UnixFiles 10 discarded finalizers, 0 pending finalizers
